2024-12-07 15:49:57,601 [INFO] Activator:176 - 


2024-12-07 15:49:57,607 [INFO] Activator:177 - !SESSION log4j initialized
2024-12-07 15:50:03,219 [INFO] LogOutputStream:77 - [STDOUT_REDIRECT] 
2024-12-07 15:50:07,693 [INFO] ApplicationProperties:184 - Using Application install path: D:\STM32CubeIDE_1.16.0\STM32CubeIDE\plugins\com.st.stm32cube.common.mx_6.12.1.202409122256
2024-12-07 15:50:07,708 [INFO] DbMcusXml:78 - Set database path to: D:\STM32CubeIDE_1.16.0\STM32CubeIDE\plugins\com.st.stm32cube.common.mx_6.12.1.202409122256\\db\/mcu/
2024-12-07 15:50:07,708 [INFO] ApiDb:274 - Set plugin database path to: D:\STM32CubeIDE_1.16.0\STM32CubeIDE\plugins\com.st.stm32cube.common.mx_6.12.1.202409122256\\db\/plugins/boardmanager/
2024-12-07 15:50:07,708 [WARN] ApiDb:259 - Overriding images path with different value:  => D:\STM32CubeIDE_1.16.0\STM32CubeIDE\plugins\com.st.stm32cube.common.mx_6.12.1.202409122256\\db\/plugins/mcufinder/images/
2024-12-07 15:50:07,715 [INFO] ApiDb:250 - Set database path to: C:\Users\Wells\.stmcufinder\plugins\mcufinder//mcu/
2024-12-07 15:50:07,716 [INFO] DbMcusAds:125 - Set database path to: C:\Users\Wells\.stmcufinder\plugins\mcufinder//mcu/
2024-12-07 15:50:07,719 [INFO] CrossReferenceDbSqlite:203 - Set database path to: C:\Users\Wells\.stmcufinder\plugins\mcufinder//mcu/cs/
2024-12-07 15:50:07,799 [INFO] RulesReader:64 - Compatibility file has been processed (297 Rules)
2024-12-07 15:50:07,900 [INFO] DbMcusXml:78 - Set database path to: D:\STM32CubeIDE_1.16.0\STM32CubeIDE\plugins\com.st.stm32cube.common.mx_6.12.1.202409122256\\db\/mcu/
2024-12-07 15:50:07,900 [INFO] ApiDb:274 - Set plugin database path to: D:\STM32CubeIDE_1.16.0\STM32CubeIDE\plugins\com.st.stm32cube.common.mx_6.12.1.202409122256\\db\/plugins/boardmanager/
2024-12-07 15:50:07,900 [INFO] ApiDb:261 - Set plugin images path to: D:\STM32CubeIDE_1.16.0\STM32CubeIDE\plugins\com.st.stm32cube.common.mx_6.12.1.202409122256\\db\/plugins/mcufinder/images/
2024-12-07 15:50:07,900 [WARN] DbFile:41 - Overriding database path with different value: C:\Users\Wells\.stmcufinder\plugins\mcufinder/ => C:\Users\Wells\.stmcufinder\plugins\mcufinder
2024-12-07 15:50:07,901 [INFO] ApiDb:250 - Set database path to: C:\Users\Wells\.stmcufinder\plugins\mcufinder//mcu/
2024-12-07 15:50:07,901 [WARN] DbFile:41 - Overriding database path with different value: C:\Users\Wells\.stmcufinder\plugins\mcufinder/ => C:\Users\Wells\.stmcufinder\plugins\mcufinder
2024-12-07 15:50:07,901 [INFO] DbMcusAds:125 - Set database path to: C:\Users\Wells\.stmcufinder\plugins\mcufinder//mcu/
2024-12-07 15:50:07,901 [WARN] DbFile:41 - Overriding database path with different value: C:\Users\Wells\.stmcufinder\plugins\mcufinder/ => C:\Users\Wells\.stmcufinder\plugins\mcufinder
2024-12-07 15:50:07,901 [WARN] DbFile:41 - Overriding database path with different value: C:\Users\Wells\.stmcufinder\plugins\mcufinder/ => C:\Users\Wells\.stmcufinder\plugins\mcufinder
2024-12-07 15:50:07,901 [INFO] CrossReferenceDbSqlite:203 - Set database path to: C:\Users\Wells\.stmcufinder\plugins\mcufinder//mcu/cs/
2024-12-07 15:50:08,002 [INFO] MainPanel:268 - HeapMemory: 268435456
2024-12-07 15:50:08,144 [INFO] DbMcusXml:78 - Set database path to: D:\STM32CubeIDE_1.16.0\STM32CubeIDE\plugins\com.st.stm32cube.common.mx_6.12.1.202409122256\\db\/mcu/
2024-12-07 15:50:08,144 [INFO] ApiDb:274 - Set plugin database path to: D:\STM32CubeIDE_1.16.0\STM32CubeIDE\plugins\com.st.stm32cube.common.mx_6.12.1.202409122256\\db\/plugins/boardmanager/
2024-12-07 15:50:08,144 [INFO] ApiDb:261 - Set plugin images path to: D:\STM32CubeIDE_1.16.0\STM32CubeIDE\plugins\com.st.stm32cube.common.mx_6.12.1.202409122256\\db\/plugins/mcufinder/images/
2024-12-07 15:50:08,144 [WARN] DbFile:41 - Overriding database path with different value: C:\Users\Wells\.stmcufinder\plugins\mcufinder/ => C:\Users\Wells\.stmcufinder\plugins\mcufinder
2024-12-07 15:50:08,145 [INFO] ApiDb:250 - Set database path to: C:\Users\Wells\.stmcufinder\plugins\mcufinder//mcu/
2024-12-07 15:50:08,145 [WARN] DbFile:41 - Overriding database path with different value: C:\Users\Wells\.stmcufinder\plugins\mcufinder/ => C:\Users\Wells\.stmcufinder\plugins\mcufinder
2024-12-07 15:50:08,145 [INFO] DbMcusAds:125 - Set database path to: C:\Users\Wells\.stmcufinder\plugins\mcufinder//mcu/
2024-12-07 15:50:08,145 [WARN] DbFile:41 - Overriding database path with different value: C:\Users\Wells\.stmcufinder\plugins\mcufinder/ => C:\Users\Wells\.stmcufinder\plugins\mcufinder
2024-12-07 15:50:08,145 [WARN] DbFile:41 - Overriding database path with different value: C:\Users\Wells\.stmcufinder\plugins\mcufinder/ => C:\Users\Wells\.stmcufinder\plugins\mcufinder
2024-12-07 15:50:08,145 [INFO] CrossReferenceDbSqlite:203 - Set database path to: C:\Users\Wells\.stmcufinder\plugins\mcufinder//mcu/cs/
2024-12-07 15:50:08,160 [INFO] ApplicationProperties:184 - Using Application install path: D:\STM32CubeIDE_1.16.0\STM32CubeIDE\plugins\com.st.stm32cube.common.mx_6.12.1.202409122256
2024-12-07 15:50:08,161 [INFO] PluginManage:196 - Search for loadable plugins [exclusion list=, ]
2024-12-07 15:50:08,163 [INFO] PluginManage:310 - Check plugin analytics
2024-12-07 15:50:08,405 [INFO] AnalyticsPlugin:253 - Accepted Software Licenses: 
2024-12-07 15:50:08,405 [INFO] AnalyticsPlugin:255 - Accepted CMSIS Pack Licenses: 
2024-12-07 15:50:08,406 [INFO] AnalyticsPlugin:257 - Accepted Firmware Licenses: 
2024-12-07 15:50:08,410 [INFO] PluginManage:359 - Loaded plugin analytics (category:tool,tabindex:-1)
2024-12-07 15:50:08,411 [INFO] PluginManage:310 - Check plugin cadmodel
2024-12-07 15:50:08,421 [INFO] CADModel:105 - Init CAD model plugin
2024-12-07 15:50:08,421 [INFO] PluginManage:359 - Loaded plugin cadmodel (category:power,tabindex:5)
2024-12-07 15:50:08,422 [INFO] PluginManage:310 - Check plugin clock
2024-12-07 15:50:08,444 [INFO] PluginManage:359 - Loaded plugin clock (category:base,tabindex:2)
2024-12-07 15:50:08,444 [INFO] PluginManage:310 - Check plugin ddr
2024-12-07 15:50:08,451 [INFO] PluginManage:359 - Loaded plugin ddr (category:tool,tabindex:6)
2024-12-07 15:50:08,451 [INFO] PluginManage:310 - Check plugin filemanager
2024-12-07 15:50:08,627 [INFO] PluginManage:359 - Loaded plugin filemanager (category:base,tabindex:10)
2024-12-07 15:50:08,627 [INFO] PluginManage:310 - Check plugin ipmanager
2024-12-07 15:50:08,636 [INFO] PluginManage:359 - Loaded plugin ipmanager (category:base,tabindex:5)
2024-12-07 15:50:08,636 [INFO] PluginManage:310 - Check plugin lpbam
2024-12-07 15:50:08,644 [INFO] PluginManage:359 - Loaded plugin lpbam (category:base,tabindex:0)
2024-12-07 15:50:08,644 [INFO] PluginManage:310 - Check plugin memorymap
2024-12-07 15:50:08,657 [INFO] PluginManage:359 - Loaded plugin memorymap (category:base,tabindex:4)
2024-12-07 15:50:08,658 [INFO] PluginManage:310 - Check plugin pinoutandconfiguration
2024-12-07 15:50:08,666 [INFO] PluginManage:359 - Loaded plugin pinoutandconfiguration (category:base,tabindex:1)
2024-12-07 15:50:08,666 [INFO] PluginManage:310 - Check plugin pinoutconfig
2024-12-07 15:50:08,767 [WARN] SupportedApi:132 - Cannot load RTOS API schema: s4s-elt-must-match.1: The content of 'definitions' must match (annotation?, (simpleType | complexType)?, (unique | key | keyref)*)). A problem was found starting at: attribute.
2024-12-07 15:50:08,969 [INFO] PluginManage:359 - Loaded plugin pinoutconfig (category:base,tabindex:0)
2024-12-07 15:50:08,969 [INFO] PluginManage:310 - Check plugin power
2024-12-07 15:50:08,982 [INFO] PluginManage:359 - Loaded plugin power (category:power,tabindex:4)
2024-12-07 15:50:08,983 [INFO] PluginManage:310 - Check plugin projectmanager
2024-12-07 15:50:09,007 [INFO] PluginManage:359 - Loaded plugin projectmanager (category:projectmanager,tabindex:4)
2024-12-07 15:50:09,007 [INFO] PluginManage:310 - Check plugin rif
2024-12-07 15:50:09,015 [INFO] PluginManage:359 - Loaded plugin rif (category:base,tabindex:3)
2024-12-07 15:50:09,015 [INFO] PluginManage:310 - Check plugin thirdparty
2024-12-07 15:50:09,166 [INFO] PluginManage:359 - Loaded plugin thirdparty (category:base,tabindex:-1)
2024-12-07 15:50:09,166 [WARN] IntegrityCheckThread:84 - waiting for thirdparty lock release [integrity check]
2024-12-07 15:50:09,167 [INFO] PluginManage:310 - Check plugin tools
2024-12-07 15:50:09,167 [INFO] IntegrityCheckThread:86 - entering critical section [integrity check]
2024-12-07 15:50:09,167 [INFO] ThirdPartyUpdaterWithRetryManager:70 - Updater plugin not ready yet. [1/15]
2024-12-07 15:50:09,170 [INFO] PluginManage:359 - Loaded plugin tools (category:base,tabindex:7)
2024-12-07 15:50:09,170 [INFO] PluginManage:310 - Check plugin tutovideos
2024-12-07 15:50:09,398 [INFO] PluginManage:359 - Loaded plugin tutovideos (category:base,tabindex:-1)
2024-12-07 15:50:09,398 [INFO] PluginManage:310 - Check plugin updater
2024-12-07 15:50:09,414 [INFO] PluginManage:359 - Loaded plugin updater (category:base,tabindex:12)
2024-12-07 15:50:09,414 [INFO] PluginManage:310 - Check plugin userauth
2024-12-07 15:50:09,420 [INFO] UserAuth:113 - Init User Auth plugin
2024-12-07 15:50:09,420 [INFO] PluginManage:359 - Loaded plugin userauth (category:base,tabindex:14)
2024-12-07 15:50:09,420 [INFO] PluginManage:283 - PluginManage : Loaded plugins [18]
2024-12-07 15:50:09,620 [INFO] PinOutPanel:1561 - setPackage(No Configuration,No Configuration)
2024-12-07 15:50:09,700 [INFO] CADModel:165 - CPN selected for project level
2024-12-07 15:50:09,700 [INFO] CADModel:114 - Register for checkConnection events
2024-12-07 15:50:09,715 [INFO] IPUIPlugin:80 - create IPUIPlugin
2024-12-07 15:50:09,715 [INFO] PluginManager:220 - loadIPPluginJar : add adc
2024-12-07 15:50:09,717 [INFO] IPUIPlugin:80 - create IPUIPlugin
2024-12-07 15:50:09,717 [INFO] PluginManager:220 - loadIPPluginJar : add aes
2024-12-07 15:50:09,719 [INFO] IPUIPlugin:80 - create IPUIPlugin
2024-12-07 15:50:09,719 [INFO] PluginManager:220 - loadIPPluginJar : add can
2024-12-07 15:50:09,720 [INFO] IPUIPlugin:80 - create IPUIPlugin
2024-12-07 15:50:09,720 [INFO] PluginManager:220 - loadIPPluginJar : add comp
2024-12-07 15:50:09,722 [INFO] IPUIPlugin:80 - create IPUIPlugin
2024-12-07 15:50:09,722 [INFO] PluginManager:220 - loadIPPluginJar : add cryp
2024-12-07 15:50:09,724 [INFO] IPUIPlugin:80 - create IPUIPlugin
2024-12-07 15:50:09,725 [INFO] PluginManager:220 - loadIPPluginJar : add ddr_ctrl_phy
2024-12-07 15:50:09,726 [INFO] IPUIPlugin:80 - create IPUIPlugin
2024-12-07 15:50:09,726 [INFO] PluginManager:220 - loadIPPluginJar : add dfsdm
2024-12-07 15:50:09,730 [INFO] IPUIPlugin:80 - create IPUIPlugin
2024-12-07 15:50:09,730 [INFO] PluginManager:220 - loadIPPluginJar : add dma
2024-12-07 15:50:09,732 [INFO] IPUIPlugin:80 - create IPUIPlugin
2024-12-07 15:50:09,732 [INFO] PluginManager:220 - loadIPPluginJar : add dma3
2024-12-07 15:50:09,733 [INFO] IPUIPlugin:80 - create IPUIPlugin
2024-12-07 15:50:09,734 [INFO] PluginManager:220 - loadIPPluginJar : add extmemmanager
2024-12-07 15:50:09,735 [INFO] IPUIPlugin:80 - create IPUIPlugin
2024-12-07 15:50:09,735 [INFO] PluginManager:220 - loadIPPluginJar : add fatfs
2024-12-07 15:50:09,738 [INFO] IPUIPlugin:80 - create IPUIPlugin
2024-12-07 15:50:09,738 [INFO] PluginManager:220 - loadIPPluginJar : add fmc
2024-12-07 15:50:09,743 [INFO] IPUIPlugin:80 - create IPUIPlugin
2024-12-07 15:50:09,743 [INFO] PluginManager:220 - loadIPPluginJar : add freertos
2024-12-07 15:50:09,745 [INFO] IPUIPlugin:80 - create IPUIPlugin
2024-12-07 15:50:09,745 [INFO] PluginManager:220 - loadIPPluginJar : add genericplugin
2024-12-07 15:50:09,747 [INFO] IPUIPlugin:80 - create IPUIPlugin
2024-12-07 15:50:09,747 [INFO] PluginManager:220 - loadIPPluginJar : add gfxmmu
2024-12-07 15:50:09,750 [INFO] IPUIPlugin:80 - create IPUIPlugin
2024-12-07 15:50:09,750 [INFO] PluginManager:220 - loadIPPluginJar : add gic
2024-12-07 15:50:09,754 [INFO] IPUIPlugin:80 - create IPUIPlugin
2024-12-07 15:50:09,754 [INFO] PluginManager:220 - loadIPPluginJar : add gpio
2024-12-07 15:50:09,756 [INFO] IPUIPlugin:80 - create IPUIPlugin
2024-12-07 15:50:09,756 [INFO] PluginManager:220 - loadIPPluginJar : add gtzc
2024-12-07 15:50:09,759 [INFO] IPUIPlugin:80 - create IPUIPlugin
2024-12-07 15:50:09,759 [INFO] PluginManager:220 - loadIPPluginJar : add hash
2024-12-07 15:50:09,761 [INFO] IPUIPlugin:80 - create IPUIPlugin
2024-12-07 15:50:09,761 [INFO] PluginManager:220 - loadIPPluginJar : add i2c
2024-12-07 15:50:09,763 [INFO] IPUIPlugin:80 - create IPUIPlugin
2024-12-07 15:50:09,763 [INFO] PluginManager:220 - loadIPPluginJar : add i2s
2024-12-07 15:50:09,765 [INFO] IPUIPlugin:80 - create IPUIPlugin
2024-12-07 15:50:09,766 [INFO] PluginManager:220 - loadIPPluginJar : add i3c
2024-12-07 15:50:09,768 [INFO] IPUIPlugin:80 - create IPUIPlugin
2024-12-07 15:50:09,768 [INFO] PluginManager:220 - loadIPPluginJar : add ipddr
2024-12-07 15:50:09,775 [INFO] IPUIPlugin:80 - create IPUIPlugin
2024-12-07 15:50:09,776 [INFO] PluginManager:220 - loadIPPluginJar : add linkedlist
2024-12-07 15:50:09,778 [INFO] IPUIPlugin:80 - create IPUIPlugin
2024-12-07 15:50:09,779 [INFO] PluginManager:220 - loadIPPluginJar : add lorawan
2024-12-07 15:50:09,780 [INFO] IPUIPlugin:80 - create IPUIPlugin
2024-12-07 15:50:09,780 [INFO] PluginManager:220 - loadIPPluginJar : add ltdc
2024-12-07 15:50:09,785 [INFO] IPUIPlugin:80 - create IPUIPlugin
2024-12-07 15:50:09,785 [INFO] PluginManager:220 - loadIPPluginJar : add mdma
2024-12-07 15:50:09,790 [INFO] IPUIPlugin:80 - create IPUIPlugin
2024-12-07 15:50:09,790 [INFO] PluginManager:220 - loadIPPluginJar : add nvic
2024-12-07 15:50:09,792 [INFO] IPUIPlugin:80 - create IPUIPlugin
2024-12-07 15:50:09,792 [INFO] PluginManager:220 - loadIPPluginJar : add opamp
2024-12-07 15:50:09,795 [INFO] IPUIPlugin:80 - create IPUIPlugin
2024-12-07 15:50:09,795 [INFO] PluginManager:220 - loadIPPluginJar : add openamp
2024-12-07 15:50:09,798 [INFO] IPUIPlugin:80 - create IPUIPlugin
2024-12-07 15:50:09,798 [INFO] PluginManager:220 - loadIPPluginJar : add pdm2pcm
2024-12-07 15:50:09,804 [INFO] IPUIPlugin:80 - create IPUIPlugin
2024-12-07 15:50:09,806 [INFO] PluginManager:220 - loadIPPluginJar : add plateformsettings
2024-12-07 15:50:09,807 [INFO] IPUIPlugin:80 - create IPUIPlugin
2024-12-07 15:50:09,807 [INFO] PluginManager:220 - loadIPPluginJar : add quadspi
2024-12-07 15:50:09,810 [INFO] IPUIPlugin:80 - create IPUIPlugin
2024-12-07 15:50:09,811 [INFO] PluginManager:220 - loadIPPluginJar : add radio
2024-12-07 15:50:09,816 [INFO] IPUIPlugin:80 - create IPUIPlugin
2024-12-07 15:50:09,816 [INFO] PluginManager:220 - loadIPPluginJar : add resmgrutility
2024-12-07 15:50:09,820 [INFO] IPUIPlugin:80 - create IPUIPlugin
2024-12-07 15:50:09,820 [INFO] PluginManager:220 - loadIPPluginJar : add sai
2024-12-07 15:50:09,822 [INFO] IPUIPlugin:80 - create IPUIPlugin
2024-12-07 15:50:09,823 [INFO] PluginManager:220 - loadIPPluginJar : add spi
2024-12-07 15:50:09,829 [INFO] IPUIPlugin:80 - create IPUIPlugin
2024-12-07 15:50:09,829 [INFO] PluginManager:220 - loadIPPluginJar : add stm32_wpan
2024-12-07 15:50:09,831 [INFO] IPUIPlugin:80 - create IPUIPlugin
2024-12-07 15:50:09,831 [INFO] PluginManager:220 - loadIPPluginJar : add tim
2024-12-07 15:50:09,834 [INFO] IPUIPlugin:80 - create IPUIPlugin
2024-12-07 15:50:09,834 [INFO] PluginManager:220 - loadIPPluginJar : add touchsensing
2024-12-07 15:50:09,836 [INFO] IPUIPlugin:80 - create IPUIPlugin
2024-12-07 15:50:09,836 [INFO] PluginManager:220 - loadIPPluginJar : add tracer_emb
2024-12-07 15:50:09,838 [INFO] IPUIPlugin:80 - create IPUIPlugin
2024-12-07 15:50:09,838 [INFO] PluginManager:220 - loadIPPluginJar : add ts
2024-12-07 15:50:09,839 [INFO] IPUIPlugin:80 - create IPUIPlugin
2024-12-07 15:50:09,840 [INFO] PluginManager:220 - loadIPPluginJar : add tsc
2024-12-07 15:50:09,842 [INFO] IPUIPlugin:80 - create IPUIPlugin
2024-12-07 15:50:09,842 [INFO] PluginManager:220 - loadIPPluginJar : add ucpd
2024-12-07 15:50:09,844 [INFO] IPUIPlugin:80 - create IPUIPlugin
2024-12-07 15:50:09,844 [INFO] PluginManager:220 - loadIPPluginJar : add usart
2024-12-07 15:50:09,846 [INFO] IPUIPlugin:80 - create IPUIPlugin
2024-12-07 15:50:09,846 [INFO] PluginManager:220 - loadIPPluginJar : add usbx
2024-12-07 15:50:09,986 [INFO] CADModel:165 - CPN selected for project level
2024-12-07 15:50:09,987 [INFO] CADModel:114 - Register for checkConnection events
2024-12-07 15:50:09,987 [FATAL] Updater:334 - Updater called before beeing initialized
2024-12-07 15:50:09,987 [ERROR] CADModel:125 - Updater not yet initialized, retry later 
2024-12-07 15:50:10,140 [INFO] CADModel:165 - CPN selected for project level
2024-12-07 15:50:10,140 [INFO] CADModel:114 - Register for checkConnection events
2024-12-07 15:50:10,140 [FATAL] Updater:334 - Updater called before beeing initialized
2024-12-07 15:50:10,140 [ERROR] CADModel:125 - Updater not yet initialized, retry later 
2024-12-07 15:50:10,144 [FATAL] Updater:334 - Updater called before beeing initialized
2024-12-07 15:50:10,277 [FATAL] Updater:334 - Updater called before beeing initialized
2024-12-07 15:50:10,282 [INFO] DbMcusAds:53 - JSON generation date=Fri Sep 20 21:04:23 HKT 2024 (1726837463113)
2024-12-07 15:50:10,282 [FATAL] Updater:334 - Updater called before beeing initialized
2024-12-07 15:50:10,324 [WARN] DetailPanel:346 - Failed to get advertising image, set to default
2024-12-07 15:50:10,420 [FATAL] Updater:334 - Updater called before beeing initialized
2024-12-07 15:50:10,422 [FATAL] Updater:334 - Updater called before beeing initialized
2024-12-07 15:50:10,423 [FATAL] Updater:334 - Updater called before beeing initialized
2024-12-07 15:50:10,423 [WARN] DetailPanel:346 - Failed to get advertising image, set to default
2024-12-07 15:50:10,423 [FATAL] Updater:334 - Updater called before beeing initialized
2024-12-07 15:50:10,504 [ERROR] Updater:1164 - MainUpdater not yet initialized. External WinMGr cannot be set.
2024-12-07 15:50:10,508 [INFO] Updater:1100 - Updater Version found : 6.12.1
2024-12-07 15:50:10,527 [INFO] ApplicationProperties:184 - Using Application install path: D:\STM32CubeIDE_1.16.0\STM32CubeIDE\plugins\com.st.stm32cube.common.mx_6.12.1.202409122256
2024-12-07 15:50:12,108 [ERROR] LogOutputStream:75 - [STDERR_REDIRECT] Dec 07, 2024 3:50:12 PM java.util.prefs.WindowsPreferences <init>
2024-12-07 15:50:12,109 [ERROR] LogOutputStream:75 - [STDERR_REDIRECT] WARNING: Could not open/create prefs root node Software\JavaSoft\Prefs at root 0xffffffff80000002. Windows RegCreateKeyEx(...) returned error code 5.
2024-12-07 15:50:12,109 [ERROR] LogOutputStream:75 - [STDERR_REDIRECT] 
2024-12-07 15:50:12,169 [INFO] ThirdPartyUpdaterWithRetryManager:70 - Updater plugin not ready yet. [2/15]
2024-12-07 15:50:12,692 [INFO] MainUpdater:2873 - connection check result : 10
2024-12-07 15:50:12,693 [INFO] MainUpdater:290 - Updater Check For Update Now.
2024-12-07 15:50:12,693 [INFO] MicroXplorer:498 - Change Database Version : DB.6.0.121
2024-12-07 15:50:12,698 [INFO] McuFinderGlobals:63 - Set McuFinder mode to 2 (CubeIDE integrated)
2024-12-07 15:50:12,701 [INFO] UserAuth:417 - Internet connection configuration mode: 1
2024-12-07 15:50:12,754 [INFO] JxBrowserEngine:152 - Initiate JxBrowser Engine with user profile folder
2024-12-07 15:50:12,900 [INFO] CheckServerUpdateThread:120 - End of CheckServer Thread
2024-12-07 15:50:14,739 [INFO] WebApp:167 - Instantiating new browser for Auth
2024-12-07 15:50:15,967 [INFO] WebApp:448 - Apply proxy settings
2024-12-07 15:50:15,968 [INFO] WebApp:533 - Chromium requires no authentication
2024-12-07 15:50:15,981 [INFO] WebApp:476 - Direct internet connection detected
2024-12-07 15:50:16,021 [INFO] WebApp:869 - Register for checkConnection events
2024-12-07 15:50:16,021 [INFO] WebApp:448 - Apply proxy settings
2024-12-07 15:50:16,022 [INFO] WebApp:533 - Chromium requires no authentication
2024-12-07 15:50:16,023 [INFO] WebApp:476 - Direct internet connection detected
2024-12-07 15:50:16,025 [WARN] PackLoader:240 - Cannot read IP mode file for STMicroelectronics.FP-SNS-MOTENVWB1.1.4.0
2024-12-07 15:50:16,041 [WARN] PackLoader:240 - Cannot read IP mode file for STMicroelectronics.FP-ATR-ASTRA1.2.0.1
2024-12-07 15:50:16,057 [WARN] PackLoader:240 - Cannot read IP mode file for STMicroelectronics.X-CUBE-SMBUS.2.1.0
2024-12-07 15:50:16,071 [WARN] PackLoader:240 - Cannot read IP mode file for STMicroelectronics.X-CUBE-WB05N.1.1.0
2024-12-07 15:50:16,112 [WARN] PackLoader:240 - Cannot read IP mode file for STMicroelectronics.X-CUBE-AZRTOS-F7.1.1.0
2024-12-07 15:50:16,212 [WARN] PackLoader:240 - Cannot read IP mode file for STMicroelectronics.X-CUBE-MEMS1.11.0.0
2024-12-07 15:50:16,385 [WARN] PackLoader:240 - Cannot read IP mode file for STMicroelectronics.FP-SNS-FLIGHT1.5.0.2
2024-12-07 15:50:16,398 [WARN] PackLoader:240 - Cannot read IP mode file for STMicroelectronics.X-CUBE-DISPLAY.3.0.0
2024-12-07 15:50:16,415 [WARN] PackLoader:240 - Cannot read IP mode file for STMicroelectronics.X-CUBE-BLE1.7.0.0
2024-12-07 15:50:16,429 [WARN] PackLoader:240 - Cannot read IP mode file for STMicroelectronics.X-CUBE-NFC10.1.0.0
2024-12-07 15:50:16,441 [WARN] PackLoader:240 - Cannot read IP mode file for emotas.I-CUBE-CANOPEN.1.3.0
2024-12-07 15:50:16,462 [WARN] PackLoader:240 - Cannot read IP mode file for STMicroelectronics.X-CUBE-BLEMGR.3.1.0
2024-12-07 15:50:16,476 [WARN] PackLoader:240 - Cannot read IP mode file for STMicroelectronics.FP-SNS-SMARTAG2.1.2.0
2024-12-07 15:50:16,497 [INFO] LogOutputStream:77 - [STDOUT_REDIRECT] 1 : Invalid condition id : UX_CORESTACK_Condition cause : null
2024-12-07 15:50:16,501 [INFO] LogOutputStream:77 - [STDOUT_REDIRECT] 1 : Invalid condition id : UX_CORESTACK_Condition cause : null
2024-12-07 15:50:16,503 [INFO] LogOutputStream:77 - [STDOUT_REDIRECT] 1 : Invalid condition id : UX_CORESTACK_Condition cause : null
2024-12-07 15:50:16,506 [INFO] LogOutputStream:77 - [STDOUT_REDIRECT] 1 : Invalid condition id : UX_CORESTACK_Condition cause : null
2024-12-07 15:50:16,508 [INFO] LogOutputStream:77 - [STDOUT_REDIRECT] 1 : Invalid condition id : UX_CORESTACK_Condition cause : null
2024-12-07 15:50:16,512 [WARN] PackLoader:240 - Cannot read IP mode file for STMicroelectronics.X-CUBE-AZRTOS-WL.2.0.0
2024-12-07 15:50:16,542 [WARN] PackLoader:240 - Cannot read IP mode file for STMicroelectronics.FP-SNS-MOTENV1.5.0.0
2024-12-07 15:50:16,559 [WARN] PackLoader:240 - Cannot read IP mode file for wolfSSL.I-CUBE-wolfMQTT.1.19.0
2024-12-07 15:50:16,570 [WARN] PackLoader:240 - Cannot read IP mode file for STMicroelectronics.X-CUBE-BLE2.3.3.0
2024-12-07 15:50:16,580 [WARN] PackLoader:240 - Cannot read IP mode file for STMicroelectronics.X-CUBE-NFC9.1.0.0
2024-12-07 15:50:16,591 [WARN] PackLoader:240 - Cannot read IP mode file for STMicroelectronics.X-CUBE-TCPP.4.1.0
2024-12-07 15:50:16,616 [WARN] PackLoader:240 - Cannot read IP mode file for STMicroelectronics.X-CUBE-AZRTOS-G0.1.1.0
2024-12-07 15:50:16,634 [WARN] PackLoader:240 - Cannot read IP mode file for STMicroelectronics.X-CUBE-SAFEA1.1.2.2
2024-12-07 15:50:16,647 [WARN] PackLoader:240 - Cannot read IP mode file for STMicroelectronics.X-CUBE-NFC4.3.0.0
2024-12-07 15:50:16,665 [WARN] PackLoader:240 - Cannot read IP mode file for EmbeddedOffice.I-CUBE-FS-RTOS.1.0.1
2024-12-07 15:50:16,665 [ERROR] ConditionMgr:805 - Attr not supported : Dmpu
2024-12-07 15:50:16,665 [ERROR] ConditionMgr:805 - Attr not supported : Dmpu
2024-12-07 15:50:16,665 [ERROR] ConditionMgr:805 - Attr not supported : Dmpu
2024-12-07 15:50:16,665 [ERROR] ConditionMgr:805 - Attr not supported : Dmpu
2024-12-07 15:50:16,665 [ERROR] ConditionMgr:805 - Attr not supported : Dmpu
2024-12-07 15:50:16,665 [ERROR] ConditionMgr:805 - Attr not supported : Dmpu
2024-12-07 15:50:16,666 [ERROR] ConditionMgr:805 - Attr not supported : Dmpu
2024-12-07 15:50:16,666 [ERROR] ConditionMgr:805 - Attr not supported : Dmpu
2024-12-07 15:50:16,666 [ERROR] ConditionMgr:805 - Attr not supported : Dmpu
2024-12-07 15:50:16,666 [ERROR] ConditionMgr:805 - Attr not supported : Dmpu
2024-12-07 15:50:16,666 [ERROR] ConditionMgr:805 - Attr not supported : Dmpu
2024-12-07 15:50:16,666 [ERROR] ConditionMgr:805 - Attr not supported : Dmpu
2024-12-07 15:50:16,666 [ERROR] ConditionMgr:805 - Attr not supported : Dmpu
2024-12-07 15:50:16,666 [ERROR] ConditionMgr:805 - Attr not supported : Dmpu
2024-12-07 15:50:16,667 [ERROR] ConditionMgr:805 - Attr not supported : Dmpu
2024-12-07 15:50:16,667 [ERROR] ConditionMgr:805 - Attr not supported : Dmpu
2024-12-07 15:50:16,667 [ERROR] ConditionMgr:805 - Attr not supported : Dmpu
2024-12-07 15:50:16,667 [ERROR] ConditionMgr:805 - Attr not supported : Dmpu
2024-12-07 15:50:16,667 [ERROR] ConditionMgr:805 - Attr not supported : Dmpu
2024-12-07 15:50:16,667 [ERROR] ConditionMgr:805 - Attr not supported : Dmpu
2024-12-07 15:50:16,667 [ERROR] ConditionMgr:805 - Attr not supported : Dmpu
2024-12-07 15:50:16,667 [ERROR] ConditionMgr:805 - Attr not supported : Dmpu
2024-12-07 15:50:16,667 [ERROR] ConditionMgr:805 - Attr not supported : Dmpu
2024-12-07 15:50:16,667 [ERROR] ConditionMgr:805 - Attr not supported : Dmpu
2024-12-07 15:50:16,667 [ERROR] ConditionMgr:805 - Attr not supported : Dmpu
2024-12-07 15:50:16,667 [ERROR] ConditionMgr:805 - Attr not supported : Dmpu
2024-12-07 15:50:16,667 [ERROR] ConditionMgr:805 - Attr not supported : Dmpu
2024-12-07 15:50:16,667 [ERROR] ConditionMgr:805 - Attr not supported : Dmpu
2024-12-07 15:50:16,667 [ERROR] ConditionMgr:805 - Attr not supported : Dmpu
2024-12-07 15:50:16,667 [ERROR] ConditionMgr:805 - Attr not supported : Dmpu
2024-12-07 15:50:16,668 [ERROR] ConditionMgr:805 - Attr not supported : Dmpu
2024-12-07 15:50:16,668 [ERROR] ConditionMgr:805 - Attr not supported : Dmpu
2024-12-07 15:50:16,668 [ERROR] ConditionMgr:805 - Attr not supported : Dmpu
2024-12-07 15:50:16,668 [ERROR] ConditionMgr:805 - Attr not supported : Dmpu
2024-12-07 15:50:16,668 [ERROR] ConditionMgr:805 - Attr not supported : Dmpu
2024-12-07 15:50:16,668 [ERROR] ConditionMgr:805 - Attr not supported : Dmpu
2024-12-07 15:50:16,668 [ERROR] ConditionMgr:805 - Attr not supported : Dmpu
2024-12-07 15:50:16,668 [ERROR] ConditionMgr:805 - Attr not supported : Dmpu
2024-12-07 15:50:16,669 [ERROR] ConditionMgr:805 - Attr not supported : Dmpu
2024-12-07 15:50:16,669 [ERROR] ConditionMgr:805 - Attr not supported : Dmpu
2024-12-07 15:50:16,669 [ERROR] ConditionMgr:805 - Attr not supported : Dmpu
2024-12-07 15:50:16,669 [ERROR] ConditionMgr:805 - Attr not supported : Dmpu
2024-12-07 15:50:16,669 [ERROR] ConditionMgr:805 - Attr not supported : Dmpu
2024-12-07 15:50:16,669 [ERROR] ConditionMgr:805 - Attr not supported : Dmpu
2024-12-07 15:50:16,669 [ERROR] ConditionMgr:805 - Attr not supported : Dmpu
2024-12-07 15:50:16,669 [ERROR] ConditionMgr:805 - Attr not supported : Dmpu
2024-12-07 15:50:16,669 [ERROR] ConditionMgr:805 - Attr not supported : Dmpu
2024-12-07 15:50:16,670 [ERROR] ConditionMgr:805 - Attr not supported : Dmpu
2024-12-07 15:50:16,670 [ERROR] ConditionMgr:805 - Attr not supported : Dmpu
2024-12-07 15:50:16,670 [ERROR] ConditionMgr:805 - Attr not supported : Dmpu
2024-12-07 15:50:16,670 [ERROR] ConditionMgr:805 - Attr not supported : Dmpu
2024-12-07 15:50:16,670 [ERROR] ConditionMgr:805 - Attr not supported : Dmpu
2024-12-07 15:50:16,670 [ERROR] ConditionMgr:805 - Attr not supported : Dmpu
2024-12-07 15:50:16,670 [ERROR] ConditionMgr:805 - Attr not supported : Dmpu
2024-12-07 15:50:16,670 [ERROR] ConditionMgr:805 - Attr not supported : Dmpu
2024-12-07 15:50:16,670 [ERROR] ConditionMgr:805 - Attr not supported : Dmpu
2024-12-07 15:50:16,670 [ERROR] ConditionMgr:805 - Attr not supported : Dmpu
2024-12-07 15:50:16,670 [ERROR] ConditionMgr:805 - Attr not supported : Dmpu
2024-12-07 15:50:16,670 [ERROR] ConditionMgr:805 - Attr not supported : Dmpu
2024-12-07 15:50:16,671 [ERROR] ConditionMgr:805 - Attr not supported : Dmpu
2024-12-07 15:50:16,671 [ERROR] ConditionMgr:805 - Attr not supported : Dmpu
2024-12-07 15:50:16,671 [ERROR] ConditionMgr:805 - Attr not supported : Dmpu
2024-12-07 15:50:16,671 [ERROR] ConditionMgr:805 - Attr not supported : Dmpu
2024-12-07 15:50:16,671 [ERROR] ConditionMgr:805 - Attr not supported : Dmpu
2024-12-07 15:50:16,682 [WARN] PackLoader:240 - Cannot read IP mode file for RealThread.X-CUBE-RT-Thread_Nano.4.1.1
2024-12-07 15:50:16,694 [WARN] PackLoader:240 - Cannot read IP mode file for STMicroelectronics.FP-ATR-SIGFOX1.3.2.0
2024-12-07 15:50:16,702 [WARN] PackLoader:240 - Cannot read IP mode file for wolfSSL.I-CUBE-wolfSSL.5.7.2
2024-12-07 15:50:16,711 [WARN] ConditionMgr:438 - getConditionDescription Invalid condition id : Cortex-A Device cause : null
2024-12-07 15:50:16,746 [WARN] ConditionMgr:1039 - genDependencies : Invalid condition id : Cortex-A Device cause : null
2024-12-07 15:50:16,747 [WARN] ConditionMgr:1039 - genDependencies : Invalid condition id : Cortex-A Device cause : null
2024-12-07 15:50:16,747 [WARN] ConditionMgr:1039 - genDependencies : Invalid condition id : Cortex-A Device cause : null
2024-12-07 15:50:16,771 [WARN] PackLoader:240 - Cannot read IP mode file for STMicroelectronics.X-CUBE-EEPRMA1.5.1.0
2024-12-07 15:50:16,792 [WARN] PackLoader:240 - Cannot read IP mode file for ITTIA_DB.I-CUBE-ITTIADB.8.9.0
2024-12-07 15:50:16,836 [WARN] PackLoader:240 - Cannot read IP mode file for SEGGER.I-CUBE-embOS.1.3.1
2024-12-07 15:50:16,889 [WARN] PackLoader:240 - Cannot read IP mode file for STMicroelectronics.X-CUBE-ALGOBUILD.1.4.0
2024-12-07 15:50:16,900 [WARN] PackLoader:240 - Cannot read IP mode file for STMicroelectronics.X-CUBE-AI.9.1.0
2024-12-07 15:50:16,919 [WARN] PackLoader:240 - Cannot read IP mode file for STMicroelectronics.X-CUBE-AZRTOS-F4.1.1.0
2024-12-07 15:50:16,937 [WARN] PackLoader:240 - Cannot read IP mode file for STMicroelectronics.X-CUBE-ISPU.2.1.0
2024-12-07 15:50:16,946 [WARN] PackLoader:240 - Cannot read IP mode file for STMicroelectronics.X-CUBE-FREERTOS.1.2.0
2024-12-07 15:50:16,974 [WARN] PackLoader:240 - Cannot read IP mode file for STMicroelectronics.X-CUBE-AZRTOS-L5.2.0.0
2024-12-07 15:50:16,987 [WARN] PackLoader:240 - Cannot read IP mode file for STMicroelectronics.X-CUBE-NFC6.3.1.0
2024-12-07 15:50:16,999 [WARN] PackLoader:240 - Cannot read IP mode file for STMicroelectronics.X-CUBE-DPower.1.2.0
2024-12-07 15:50:17,005 [WARN] PackLoader:240 - Cannot read IP mode file for STMicroelectronics.X-CUBE-AI.9.0.0
2024-12-07 15:50:17,015 [WARN] PackLoader:240 - Cannot read IP mode file for STMicroelectronics.X-CUBE-NFC7.1.0.1
2024-12-07 15:50:17,045 [WARN] ConditionMgr:438 - getConditionDescription Invalid condition id : LAN8742 Phy interface Condition cause : null
2024-12-07 15:50:17,046 [WARN] PackLoader:240 - Cannot read IP mode file for STMicroelectronics.X-CUBE-AZRTOS-L4.2.0.0
2024-12-07 15:50:17,047 [WARN] ConditionMgr:1039 - genDependencies : Invalid condition id : LAN8742 Phy interface Condition cause : null
2024-12-07 15:50:17,048 [WARN] ConditionMgr:1039 - genDependencies : Invalid condition id : LAN8742 Phy interface Condition cause : null
2024-12-07 15:50:17,048 [WARN] ConditionMgr:1039 - genDependencies : Invalid condition id : LAN8742 Phy interface Condition cause : null
2024-12-07 15:50:17,060 [WARN] PackLoader:240 - Cannot read IP mode file for STMicroelectronics.X-CUBE-SFXS2LP1.4.0.0
2024-12-07 15:50:17,082 [WARN] PackLoader:240 - Cannot read IP mode file for STMicroelectronics.X-CUBE-AZRTOS-H7.3.3.0
2024-12-07 15:50:17,118 [WARN] PackLoader:240 - Cannot read IP mode file for STMicroelectronics.X-CUBE-IPS.3.0.0
2024-12-07 15:50:17,137 [WARN] ConditionMgr:438 - getConditionDescription Invalid condition id : UX DEVICE CLASS RTOS Condition cause : null
2024-12-07 15:50:17,137 [WARN] ConditionMgr:438 - getConditionDescription Invalid condition id : UX DEVICE CLASS RTOS Condition cause : null
2024-12-07 15:50:17,139 [WARN] PackLoader:240 - Cannot read IP mode file for STMicroelectronics.X-CUBE-AZRTOS-WB.2.0.0
2024-12-07 15:50:17,140 [WARN] ConditionMgr:1039 - genDependencies : Invalid condition id : UX DEVICE CLASS RTOS Condition cause : null
2024-12-07 15:50:17,140 [WARN] ConditionMgr:1039 - genDependencies : Invalid condition id : UX DEVICE CLASS RTOS Condition cause : null
2024-12-07 15:50:17,141 [WARN] ConditionMgr:1039 - genDependencies : Invalid condition id : UX DEVICE CLASS RTOS Condition cause : null
2024-12-07 15:50:17,141 [WARN] ConditionMgr:1039 - genDependencies : Invalid condition id : UX DEVICE CLASS RTOS Condition cause : null
2024-12-07 15:50:17,141 [WARN] ConditionMgr:1039 - genDependencies : Invalid condition id : UX DEVICE CLASS RTOS Condition cause : null
2024-12-07 15:50:17,151 [WARN] PackLoader:240 - Cannot read IP mode file for STMicroelectronics.X-CUBE-GNSS1.7.0.0
2024-12-07 15:50:17,162 [WARN] PackLoader:240 - Cannot read IP mode file for STMicroelectronics.FP-SNS-STBOX1.2.0.0
2024-12-07 15:50:17,180 [WARN] PackLoader:240 - Cannot read IP mode file for STMicroelectronics.X-CUBE-SUBG2.5.0.0
2024-12-07 15:50:17,194 [WARN] PackLoader:240 - Cannot read IP mode file for Cesanta.I-CUBE-Mongoose.7.13.0
2024-12-07 15:50:17,213 [WARN] PackLoader:240 - Cannot read IP mode file for STMicroelectronics.X-CUBE-AZRTOS-G4.2.0.0
2024-12-07 15:50:17,220 [WARN] PackLoader:240 - Cannot read IP mode file for STMicroelectronics.X-CUBE-ISPU.2.0.0
2024-12-07 15:50:17,229 [WARN] PackLoader:240 - Cannot read IP mode file for STMicroelectronics.X-CUBE-ALS.1.0.2
2024-12-07 15:50:17,241 [WARN] PackLoader:240 - Cannot read IP mode file for STMicroelectronics.X-CUBE-TOUCHGFX.4.24.0
2024-12-07 15:50:17,247 [WARN] PackLoader:240 - Cannot read IP mode file for STMicroelectronics.X-CUBE-TOUCHGFX.4.24.1
2024-12-07 15:50:17,256 [WARN] PackLoader:240 - Cannot read IP mode file for wolfSSL.I-CUBE-wolfTPM.3.4.0
2024-12-07 15:50:17,275 [WARN] PackLoader:240 - Cannot read IP mode file for portGmbH.I-Cube-SoM-uGOAL.1.1.0
2024-12-07 15:50:17,295 [WARN] PackLoader:240 - Cannot read IP mode file for STMicroelectronics.X-CUBE-AZRTOS-H7RS.1.0.0
2024-12-07 15:50:17,304 [WARN] PackLoader:240 - Cannot read IP mode file for STMicroelectronics.FP-ATR-ASTRA1.2.0.0
2024-12-07 15:50:17,316 [WARN] PackLoader:240 - Cannot read IP mode file for STMicroelectronics.X-CUBE-TOF1.3.4.2
2024-12-07 15:50:17,392 [WARN] PackLoader:240 - Cannot read IP mode file for Infineon.AIROC-Wi-Fi-Bluetooth-STM32.1.6.1
2024-12-07 15:50:17,430 [WARN] PackLoader:240 - Cannot read IP mode file for wolfSSL.I-CUBE-wolfSSH.1.4.17
2024-12-07 15:50:17,431 [INFO] ThirdParty:978 - Integrity check success = true
2024-12-07 15:50:17,431 [INFO] IntegrityCheckThread:100 - exiting critical section [integrity check]
2024-12-07 15:50:17,431 [INFO] IntegrityCheckThread:103 - End integrity checks thread
2024-12-07 15:50:17,638 [INFO] WebApp:220 - Starting web application
2024-12-07 15:50:17,638 [INFO] WebApp:578 - Web application path used D:\STM32CubeIDE_1.16.0\STM32CubeIDE\plugins\com.st.stm32cube.common.mx_6.12.1.202409122256\db\plugins\mcufinder\reactClient1\index.html
2024-12-07 15:50:17,988 [INFO] UserAuth:417 - Internet connection configuration mode: 1
2024-12-07 19:18:55,670 [ERROR] LogOutputStream:75 - [STDERR_REDIRECT] 
2024-12-07 19:18:55,671 [ERROR] LogOutputStream:75 - [STDERR_REDIRECT] 
