2024-11-05 15:24:26,023 [INFO] Activator:176 - 


2024-11-05 15:24:26,028 [INFO] Activator:177 - !SESSION log4j initialized
2024-11-05 15:24:31,138 [INFO] LogOutputStream:77 - [STDOUT_REDIRECT] 
2024-11-05 15:24:33,704 [INFO] ApplicationProperties:184 - Using Application install path: D:\STM32CubeIDE_1.16.0\STM32CubeIDE\plugins\com.st.stm32cube.common.mx_6.12.1.202409122256
2024-11-05 15:24:33,717 [INFO] DbMcusXml:78 - Set database path to: D:\STM32CubeIDE_1.16.0\STM32CubeIDE\plugins\com.st.stm32cube.common.mx_6.12.1.202409122256\\db\/mcu/
2024-11-05 15:24:33,717 [INFO] ApiDb:274 - Set plugin database path to: D:\STM32CubeIDE_1.16.0\STM32CubeIDE\plugins\com.st.stm32cube.common.mx_6.12.1.202409122256\\db\/plugins/boardmanager/
2024-11-05 15:24:33,717 [WARN] ApiDb:259 - Overriding images path with different value:  => D:\STM32CubeIDE_1.16.0\STM32CubeIDE\plugins\com.st.stm32cube.common.mx_6.12.1.202409122256\\db\/plugins/mcufinder/images/
2024-11-05 15:24:33,724 [INFO] ApiDb:250 - Set database path to: C:\Users\Wells\.stmcufinder\plugins\mcufinder//mcu/
2024-11-05 15:24:33,725 [INFO] DbMcusAds:125 - Set database path to: C:\Users\Wells\.stmcufinder\plugins\mcufinder//mcu/
2024-11-05 15:24:33,727 [INFO] CrossReferenceDbSqlite:203 - Set database path to: C:\Users\Wells\.stmcufinder\plugins\mcufinder//mcu/cs/
2024-11-05 15:24:33,807 [INFO] RulesReader:64 - Compatibility file has been processed (297 Rules)
2024-11-05 15:24:33,885 [INFO] DbMcusXml:78 - Set database path to: D:\STM32CubeIDE_1.16.0\STM32CubeIDE\plugins\com.st.stm32cube.common.mx_6.12.1.202409122256\\db\/mcu/
2024-11-05 15:24:33,885 [INFO] ApiDb:274 - Set plugin database path to: D:\STM32CubeIDE_1.16.0\STM32CubeIDE\plugins\com.st.stm32cube.common.mx_6.12.1.202409122256\\db\/plugins/boardmanager/
2024-11-05 15:24:33,885 [INFO] ApiDb:261 - Set plugin images path to: D:\STM32CubeIDE_1.16.0\STM32CubeIDE\plugins\com.st.stm32cube.common.mx_6.12.1.202409122256\\db\/plugins/mcufinder/images/
2024-11-05 15:24:33,885 [WARN] DbFile:41 - Overriding database path with different value: C:\Users\Wells\.stmcufinder\plugins\mcufinder/ => C:\Users\Wells\.stmcufinder\plugins\mcufinder
2024-11-05 15:24:33,886 [INFO] ApiDb:250 - Set database path to: C:\Users\Wells\.stmcufinder\plugins\mcufinder//mcu/
2024-11-05 15:24:33,886 [WARN] DbFile:41 - Overriding database path with different value: C:\Users\Wells\.stmcufinder\plugins\mcufinder/ => C:\Users\Wells\.stmcufinder\plugins\mcufinder
2024-11-05 15:24:33,886 [INFO] DbMcusAds:125 - Set database path to: C:\Users\Wells\.stmcufinder\plugins\mcufinder//mcu/
2024-11-05 15:24:33,886 [WARN] DbFile:41 - Overriding database path with different value: C:\Users\Wells\.stmcufinder\plugins\mcufinder/ => C:\Users\Wells\.stmcufinder\plugins\mcufinder
2024-11-05 15:24:33,886 [WARN] DbFile:41 - Overriding database path with different value: C:\Users\Wells\.stmcufinder\plugins\mcufinder/ => C:\Users\Wells\.stmcufinder\plugins\mcufinder
2024-11-05 15:24:33,886 [INFO] CrossReferenceDbSqlite:203 - Set database path to: C:\Users\Wells\.stmcufinder\plugins\mcufinder//mcu/cs/
2024-11-05 15:24:33,964 [INFO] MainPanel:268 - HeapMemory: 268435456
2024-11-05 15:24:34,088 [INFO] DbMcusXml:78 - Set database path to: D:\STM32CubeIDE_1.16.0\STM32CubeIDE\plugins\com.st.stm32cube.common.mx_6.12.1.202409122256\\db\/mcu/
2024-11-05 15:24:34,088 [INFO] ApiDb:274 - Set plugin database path to: D:\STM32CubeIDE_1.16.0\STM32CubeIDE\plugins\com.st.stm32cube.common.mx_6.12.1.202409122256\\db\/plugins/boardmanager/
2024-11-05 15:24:34,088 [INFO] ApiDb:261 - Set plugin images path to: D:\STM32CubeIDE_1.16.0\STM32CubeIDE\plugins\com.st.stm32cube.common.mx_6.12.1.202409122256\\db\/plugins/mcufinder/images/
2024-11-05 15:24:34,089 [WARN] DbFile:41 - Overriding database path with different value: C:\Users\Wells\.stmcufinder\plugins\mcufinder/ => C:\Users\Wells\.stmcufinder\plugins\mcufinder
2024-11-05 15:24:34,089 [INFO] ApiDb:250 - Set database path to: C:\Users\Wells\.stmcufinder\plugins\mcufinder//mcu/
2024-11-05 15:24:34,089 [WARN] DbFile:41 - Overriding database path with different value: C:\Users\Wells\.stmcufinder\plugins\mcufinder/ => C:\Users\Wells\.stmcufinder\plugins\mcufinder
2024-11-05 15:24:34,089 [INFO] DbMcusAds:125 - Set database path to: C:\Users\Wells\.stmcufinder\plugins\mcufinder//mcu/
2024-11-05 15:24:34,089 [WARN] DbFile:41 - Overriding database path with different value: C:\Users\Wells\.stmcufinder\plugins\mcufinder/ => C:\Users\Wells\.stmcufinder\plugins\mcufinder
2024-11-05 15:24:34,089 [WARN] DbFile:41 - Overriding database path with different value: C:\Users\Wells\.stmcufinder\plugins\mcufinder/ => C:\Users\Wells\.stmcufinder\plugins\mcufinder
2024-11-05 15:24:34,089 [INFO] CrossReferenceDbSqlite:203 - Set database path to: C:\Users\Wells\.stmcufinder\plugins\mcufinder//mcu/cs/
2024-11-05 15:24:34,104 [INFO] ApplicationProperties:184 - Using Application install path: D:\STM32CubeIDE_1.16.0\STM32CubeIDE\plugins\com.st.stm32cube.common.mx_6.12.1.202409122256
2024-11-05 15:24:34,105 [INFO] PluginManage:196 - Search for loadable plugins [exclusion list=, ]
2024-11-05 15:24:34,106 [INFO] PluginManage:310 - Check plugin analytics
2024-11-05 15:24:34,335 [INFO] AnalyticsPlugin:253 - Accepted Software Licenses: 
2024-11-05 15:24:34,335 [INFO] AnalyticsPlugin:255 - Accepted CMSIS Pack Licenses: 
2024-11-05 15:24:34,336 [INFO] AnalyticsPlugin:257 - Accepted Firmware Licenses: 
2024-11-05 15:24:34,340 [INFO] PluginManage:359 - Loaded plugin analytics (category:tool,tabindex:-1)
2024-11-05 15:24:34,341 [INFO] PluginManage:310 - Check plugin cadmodel
2024-11-05 15:24:34,350 [INFO] CADModel:105 - Init CAD model plugin
2024-11-05 15:24:34,350 [INFO] PluginManage:359 - Loaded plugin cadmodel (category:power,tabindex:5)
2024-11-05 15:24:34,351 [INFO] PluginManage:310 - Check plugin clock
2024-11-05 15:24:34,374 [INFO] PluginManage:359 - Loaded plugin clock (category:base,tabindex:2)
2024-11-05 15:24:34,374 [INFO] PluginManage:310 - Check plugin ddr
2024-11-05 15:24:34,380 [INFO] PluginManage:359 - Loaded plugin ddr (category:tool,tabindex:6)
2024-11-05 15:24:34,381 [INFO] PluginManage:310 - Check plugin filemanager
2024-11-05 15:24:34,553 [INFO] PluginManage:359 - Loaded plugin filemanager (category:base,tabindex:10)
2024-11-05 15:24:34,553 [INFO] PluginManage:310 - Check plugin ipmanager
2024-11-05 15:24:34,561 [INFO] PluginManage:359 - Loaded plugin ipmanager (category:base,tabindex:5)
2024-11-05 15:24:34,561 [INFO] PluginManage:310 - Check plugin lpbam
2024-11-05 15:24:34,570 [INFO] PluginManage:359 - Loaded plugin lpbam (category:base,tabindex:0)
2024-11-05 15:24:34,570 [INFO] PluginManage:310 - Check plugin memorymap
2024-11-05 15:24:34,583 [INFO] PluginManage:359 - Loaded plugin memorymap (category:base,tabindex:4)
2024-11-05 15:24:34,584 [INFO] PluginManage:310 - Check plugin pinoutandconfiguration
2024-11-05 15:24:34,590 [INFO] PluginManage:359 - Loaded plugin pinoutandconfiguration (category:base,tabindex:1)
2024-11-05 15:24:34,590 [INFO] PluginManage:310 - Check plugin pinoutconfig
2024-11-05 15:24:34,674 [WARN] SupportedApi:132 - Cannot load RTOS API schema: s4s-elt-must-match.1: The content of 'definitions' must match (annotation?, (simpleType | complexType)?, (unique | key | keyref)*)). A problem was found starting at: attribute.
2024-11-05 15:24:34,776 [INFO] PluginManage:359 - Loaded plugin pinoutconfig (category:base,tabindex:0)
2024-11-05 15:24:34,776 [INFO] PluginManage:310 - Check plugin power
2024-11-05 15:24:34,784 [INFO] PluginManage:359 - Loaded plugin power (category:power,tabindex:4)
2024-11-05 15:24:34,784 [INFO] PluginManage:310 - Check plugin projectmanager
2024-11-05 15:24:34,796 [INFO] PluginManage:359 - Loaded plugin projectmanager (category:projectmanager,tabindex:4)
2024-11-05 15:24:34,797 [INFO] PluginManage:310 - Check plugin rif
2024-11-05 15:24:34,801 [INFO] PluginManage:359 - Loaded plugin rif (category:base,tabindex:3)
2024-11-05 15:24:34,802 [INFO] PluginManage:310 - Check plugin thirdparty
2024-11-05 15:24:34,913 [INFO] PluginManage:359 - Loaded plugin thirdparty (category:base,tabindex:-1)
2024-11-05 15:24:34,913 [WARN] IntegrityCheckThread:84 - waiting for thirdparty lock release [integrity check]
2024-11-05 15:24:34,914 [INFO] PluginManage:310 - Check plugin tools
2024-11-05 15:24:34,914 [INFO] IntegrityCheckThread:86 - entering critical section [integrity check]
2024-11-05 15:24:34,915 [INFO] ThirdPartyUpdaterWithRetryManager:70 - Updater plugin not ready yet. [1/15]
2024-11-05 15:24:34,917 [INFO] PluginManage:359 - Loaded plugin tools (category:base,tabindex:7)
2024-11-05 15:24:34,917 [INFO] PluginManage:310 - Check plugin tutovideos
2024-11-05 15:24:35,040 [INFO] PluginManage:359 - Loaded plugin tutovideos (category:base,tabindex:-1)
2024-11-05 15:24:35,040 [INFO] PluginManage:310 - Check plugin updater
2024-11-05 15:24:35,054 [INFO] PluginManage:359 - Loaded plugin updater (category:base,tabindex:12)
2024-11-05 15:24:35,054 [INFO] PluginManage:310 - Check plugin userauth
2024-11-05 15:24:35,060 [INFO] UserAuth:113 - Init User Auth plugin
2024-11-05 15:24:35,060 [INFO] PluginManage:359 - Loaded plugin userauth (category:base,tabindex:14)
2024-11-05 15:24:35,060 [INFO] PluginManage:283 - PluginManage : Loaded plugins [18]
2024-11-05 15:24:35,232 [INFO] PinOutPanel:1561 - setPackage(No Configuration,No Configuration)
2024-11-05 15:24:35,305 [INFO] CADModel:165 - CPN selected for project level
2024-11-05 15:24:35,305 [INFO] CADModel:114 - Register for checkConnection events
2024-11-05 15:24:35,319 [INFO] IPUIPlugin:80 - create IPUIPlugin
2024-11-05 15:24:35,319 [INFO] PluginManager:220 - loadIPPluginJar : add adc
2024-11-05 15:24:35,321 [INFO] IPUIPlugin:80 - create IPUIPlugin
2024-11-05 15:24:35,321 [INFO] PluginManager:220 - loadIPPluginJar : add aes
2024-11-05 15:24:35,322 [INFO] IPUIPlugin:80 - create IPUIPlugin
2024-11-05 15:24:35,323 [INFO] PluginManager:220 - loadIPPluginJar : add can
2024-11-05 15:24:35,324 [INFO] IPUIPlugin:80 - create IPUIPlugin
2024-11-05 15:24:35,324 [INFO] PluginManager:220 - loadIPPluginJar : add comp
2024-11-05 15:24:35,325 [INFO] IPUIPlugin:80 - create IPUIPlugin
2024-11-05 15:24:35,326 [INFO] PluginManager:220 - loadIPPluginJar : add cryp
2024-11-05 15:24:35,328 [INFO] IPUIPlugin:80 - create IPUIPlugin
2024-11-05 15:24:35,328 [INFO] PluginManager:220 - loadIPPluginJar : add ddr_ctrl_phy
2024-11-05 15:24:35,329 [INFO] IPUIPlugin:80 - create IPUIPlugin
2024-11-05 15:24:35,329 [INFO] PluginManager:220 - loadIPPluginJar : add dfsdm
2024-11-05 15:24:35,333 [INFO] IPUIPlugin:80 - create IPUIPlugin
2024-11-05 15:24:35,333 [INFO] PluginManager:220 - loadIPPluginJar : add dma
2024-11-05 15:24:35,335 [INFO] IPUIPlugin:80 - create IPUIPlugin
2024-11-05 15:24:35,335 [INFO] PluginManager:220 - loadIPPluginJar : add dma3
2024-11-05 15:24:35,337 [INFO] IPUIPlugin:80 - create IPUIPlugin
2024-11-05 15:24:35,337 [INFO] PluginManager:220 - loadIPPluginJar : add extmemmanager
2024-11-05 15:24:35,337 [INFO] IPUIPlugin:80 - create IPUIPlugin
2024-11-05 15:24:35,338 [INFO] PluginManager:220 - loadIPPluginJar : add fatfs
2024-11-05 15:24:35,340 [INFO] IPUIPlugin:80 - create IPUIPlugin
2024-11-05 15:24:35,340 [INFO] PluginManager:220 - loadIPPluginJar : add fmc
2024-11-05 15:24:35,345 [INFO] IPUIPlugin:80 - create IPUIPlugin
2024-11-05 15:24:35,345 [INFO] PluginManager:220 - loadIPPluginJar : add freertos
2024-11-05 15:24:35,346 [INFO] IPUIPlugin:80 - create IPUIPlugin
2024-11-05 15:24:35,346 [INFO] PluginManager:220 - loadIPPluginJar : add genericplugin
2024-11-05 15:24:35,347 [INFO] IPUIPlugin:80 - create IPUIPlugin
2024-11-05 15:24:35,347 [INFO] PluginManager:220 - loadIPPluginJar : add gfxmmu
2024-11-05 15:24:35,350 [INFO] IPUIPlugin:80 - create IPUIPlugin
2024-11-05 15:24:35,350 [INFO] PluginManager:220 - loadIPPluginJar : add gic
2024-11-05 15:24:35,352 [INFO] IPUIPlugin:80 - create IPUIPlugin
2024-11-05 15:24:35,352 [INFO] PluginManager:220 - loadIPPluginJar : add gpio
2024-11-05 15:24:35,354 [INFO] IPUIPlugin:80 - create IPUIPlugin
2024-11-05 15:24:35,354 [INFO] PluginManager:220 - loadIPPluginJar : add gtzc
2024-11-05 15:24:35,355 [INFO] IPUIPlugin:80 - create IPUIPlugin
2024-11-05 15:24:35,355 [INFO] PluginManager:220 - loadIPPluginJar : add hash
2024-11-05 15:24:35,357 [INFO] IPUIPlugin:80 - create IPUIPlugin
2024-11-05 15:24:35,357 [INFO] PluginManager:220 - loadIPPluginJar : add i2c
2024-11-05 15:24:35,358 [INFO] IPUIPlugin:80 - create IPUIPlugin
2024-11-05 15:24:35,359 [INFO] PluginManager:220 - loadIPPluginJar : add i2s
2024-11-05 15:24:35,361 [INFO] IPUIPlugin:80 - create IPUIPlugin
2024-11-05 15:24:35,361 [INFO] PluginManager:220 - loadIPPluginJar : add i3c
2024-11-05 15:24:35,363 [INFO] IPUIPlugin:80 - create IPUIPlugin
2024-11-05 15:24:35,363 [INFO] PluginManager:220 - loadIPPluginJar : add ipddr
2024-11-05 15:24:35,369 [INFO] IPUIPlugin:80 - create IPUIPlugin
2024-11-05 15:24:35,369 [INFO] PluginManager:220 - loadIPPluginJar : add linkedlist
2024-11-05 15:24:35,371 [INFO] IPUIPlugin:80 - create IPUIPlugin
2024-11-05 15:24:35,371 [INFO] PluginManager:220 - loadIPPluginJar : add lorawan
2024-11-05 15:24:35,372 [INFO] IPUIPlugin:80 - create IPUIPlugin
2024-11-05 15:24:35,372 [INFO] PluginManager:220 - loadIPPluginJar : add ltdc
2024-11-05 15:24:35,376 [INFO] IPUIPlugin:80 - create IPUIPlugin
2024-11-05 15:24:35,376 [INFO] PluginManager:220 - loadIPPluginJar : add mdma
2024-11-05 15:24:35,378 [INFO] IPUIPlugin:80 - create IPUIPlugin
2024-11-05 15:24:35,378 [INFO] PluginManager:220 - loadIPPluginJar : add nvic
2024-11-05 15:24:35,380 [INFO] IPUIPlugin:80 - create IPUIPlugin
2024-11-05 15:24:35,380 [INFO] PluginManager:220 - loadIPPluginJar : add opamp
2024-11-05 15:24:35,382 [INFO] IPUIPlugin:80 - create IPUIPlugin
2024-11-05 15:24:35,382 [INFO] PluginManager:220 - loadIPPluginJar : add openamp
2024-11-05 15:24:35,384 [INFO] IPUIPlugin:80 - create IPUIPlugin
2024-11-05 15:24:35,384 [INFO] PluginManager:220 - loadIPPluginJar : add pdm2pcm
2024-11-05 15:24:35,388 [INFO] IPUIPlugin:80 - create IPUIPlugin
2024-11-05 15:24:35,389 [INFO] PluginManager:220 - loadIPPluginJar : add plateformsettings
2024-11-05 15:24:35,390 [INFO] IPUIPlugin:80 - create IPUIPlugin
2024-11-05 15:24:35,390 [INFO] PluginManager:220 - loadIPPluginJar : add quadspi
2024-11-05 15:24:35,391 [INFO] IPUIPlugin:80 - create IPUIPlugin
2024-11-05 15:24:35,393 [INFO] PluginManager:220 - loadIPPluginJar : add radio
2024-11-05 15:24:35,396 [INFO] IPUIPlugin:80 - create IPUIPlugin
2024-11-05 15:24:35,396 [INFO] PluginManager:220 - loadIPPluginJar : add resmgrutility
2024-11-05 15:24:35,398 [INFO] IPUIPlugin:80 - create IPUIPlugin
2024-11-05 15:24:35,398 [INFO] PluginManager:220 - loadIPPluginJar : add sai
2024-11-05 15:24:35,400 [INFO] IPUIPlugin:80 - create IPUIPlugin
2024-11-05 15:24:35,400 [INFO] PluginManager:220 - loadIPPluginJar : add spi
2024-11-05 15:24:35,403 [INFO] IPUIPlugin:80 - create IPUIPlugin
2024-11-05 15:24:35,403 [INFO] PluginManager:220 - loadIPPluginJar : add stm32_wpan
2024-11-05 15:24:35,405 [INFO] IPUIPlugin:80 - create IPUIPlugin
2024-11-05 15:24:35,405 [INFO] PluginManager:220 - loadIPPluginJar : add tim
2024-11-05 15:24:35,407 [INFO] IPUIPlugin:80 - create IPUIPlugin
2024-11-05 15:24:35,407 [INFO] PluginManager:220 - loadIPPluginJar : add touchsensing
2024-11-05 15:24:35,408 [INFO] IPUIPlugin:80 - create IPUIPlugin
2024-11-05 15:24:35,408 [INFO] PluginManager:220 - loadIPPluginJar : add tracer_emb
2024-11-05 15:24:35,412 [INFO] IPUIPlugin:80 - create IPUIPlugin
2024-11-05 15:24:35,412 [INFO] PluginManager:220 - loadIPPluginJar : add ts
2024-11-05 15:24:35,413 [INFO] IPUIPlugin:80 - create IPUIPlugin
2024-11-05 15:24:35,413 [INFO] PluginManager:220 - loadIPPluginJar : add tsc
2024-11-05 15:24:35,415 [INFO] IPUIPlugin:80 - create IPUIPlugin
2024-11-05 15:24:35,415 [INFO] PluginManager:220 - loadIPPluginJar : add ucpd
2024-11-05 15:24:35,417 [INFO] IPUIPlugin:80 - create IPUIPlugin
2024-11-05 15:24:35,417 [INFO] PluginManager:220 - loadIPPluginJar : add usart
2024-11-05 15:24:35,420 [INFO] IPUIPlugin:80 - create IPUIPlugin
2024-11-05 15:24:35,420 [INFO] PluginManager:220 - loadIPPluginJar : add usbx
2024-11-05 15:24:35,545 [INFO] CADModel:165 - CPN selected for project level
2024-11-05 15:24:35,546 [INFO] CADModel:114 - Register for checkConnection events
2024-11-05 15:24:35,546 [FATAL] Updater:334 - Updater called before beeing initialized
2024-11-05 15:24:35,546 [ERROR] CADModel:125 - Updater not yet initialized, retry later 
2024-11-05 15:24:35,677 [INFO] CADModel:165 - CPN selected for project level
2024-11-05 15:24:35,677 [INFO] CADModel:114 - Register for checkConnection events
2024-11-05 15:24:35,677 [FATAL] Updater:334 - Updater called before beeing initialized
2024-11-05 15:24:35,677 [ERROR] CADModel:125 - Updater not yet initialized, retry later 
2024-11-05 15:24:35,680 [FATAL] Updater:334 - Updater called before beeing initialized
2024-11-05 15:24:35,800 [FATAL] Updater:334 - Updater called before beeing initialized
2024-11-05 15:24:35,805 [INFO] DbMcusAds:53 - JSON generation date=Fri Sep 20 21:04:38 HKT 2024 (1726837478367)
2024-11-05 15:24:35,805 [FATAL] Updater:334 - Updater called before beeing initialized
2024-11-05 15:24:35,836 [WARN] DetailPanel:346 - Failed to get advertising image, set to default
2024-11-05 15:24:35,919 [FATAL] Updater:334 - Updater called before beeing initialized
2024-11-05 15:24:35,921 [FATAL] Updater:334 - Updater called before beeing initialized
2024-11-05 15:24:35,922 [FATAL] Updater:334 - Updater called before beeing initialized
2024-11-05 15:24:35,922 [WARN] DetailPanel:346 - Failed to get advertising image, set to default
2024-11-05 15:24:35,923 [FATAL] Updater:334 - Updater called before beeing initialized
2024-11-05 15:24:36,001 [ERROR] Updater:1164 - MainUpdater not yet initialized. External WinMGr cannot be set.
2024-11-05 15:24:36,003 [INFO] Updater:1100 - Updater Version found : 6.12.1
2024-11-05 15:24:36,019 [INFO] ApplicationProperties:184 - Using Application install path: D:\STM32CubeIDE_1.16.0\STM32CubeIDE\plugins\com.st.stm32cube.common.mx_6.12.1.202409122256
2024-11-05 15:24:37,585 [ERROR] LogOutputStream:75 - [STDERR_REDIRECT] Nov 05, 2024 3:24:37 PM java.util.prefs.WindowsPreferences <init>
2024-11-05 15:24:37,586 [ERROR] LogOutputStream:75 - [STDERR_REDIRECT] WARNING: Could not open/create prefs root node Software\JavaSoft\Prefs at root 0xffffffff80000002. Windows RegCreateKeyEx(...) returned error code 5.
2024-11-05 15:24:37,586 [ERROR] LogOutputStream:75 - [STDERR_REDIRECT] 
2024-11-05 15:24:37,916 [INFO] ThirdPartyUpdaterWithRetryManager:70 - Updater plugin not ready yet. [2/15]
2024-11-05 15:24:38,436 [INFO] MainUpdater:2873 - connection check result : 10
2024-11-05 15:24:38,436 [INFO] MainUpdater:3567 - Updater definition file requires update
2024-11-05 15:24:38,437 [INFO] MainUpdater:290 - Updater Check For Update Now.
2024-11-05 15:24:38,437 [INFO] MicroXplorer:498 - Change Database Version : DB.6.0.121
2024-11-05 15:24:38,441 [INFO] McuFinderGlobals:63 - Set McuFinder mode to 2 (CubeIDE integrated)
2024-11-05 15:24:38,442 [INFO] UserAuth:417 - Internet connection configuration mode: 1
2024-11-05 15:24:38,453 [INFO] JxBrowserEngine:152 - Initiate JxBrowser Engine with user profile folder
2024-11-05 15:24:38,717 [INFO] ServerAccessManage:473 - Download File updaters.zip
2024-11-05 15:24:38,910 [INFO] FileExtend:240 - Unzip File : updaters.zip
2024-11-05 15:24:38,910 [INFO] FileExtend:255 - Standard Zip Deflate
2024-11-05 15:24:39,788 [INFO] WebApp:167 - Instantiating new browser for Auth
2024-11-05 15:24:39,806 [INFO] ServerAccessManage:473 - Download File PacksControlFlags.xml
2024-11-05 15:24:39,957 [INFO] ServerAccessManage:473 - Download File cubemx.pidx
2024-11-05 15:24:40,245 [INFO] LoadServerUpdatesThread:375 - End of LoadServerUpdate Thread
2024-11-05 15:24:40,551 [INFO] CheckServerUpdateThread:120 - End of CheckServer Thread
2024-11-05 15:24:41,383 [INFO] WebApp:448 - Apply proxy settings
2024-11-05 15:24:41,384 [INFO] WebApp:533 - Chromium requires no authentication
2024-11-05 15:24:41,391 [INFO] WebApp:476 - Direct internet connection detected
2024-11-05 15:24:41,408 [INFO] WebApp:869 - Register for checkConnection events
2024-11-05 15:24:41,409 [INFO] WebApp:448 - Apply proxy settings
2024-11-05 15:24:41,409 [INFO] WebApp:533 - Chromium requires no authentication
2024-11-05 15:24:41,409 [INFO] WebApp:476 - Direct internet connection detected
2024-11-05 15:24:41,484 [WARN] PackLoader:240 - Cannot read IP mode file for STMicroelectronics.FP-SNS-MOTENVWB1.1.4.0
2024-11-05 15:24:41,493 [WARN] PackLoader:240 - Cannot read IP mode file for STMicroelectronics.X-CUBE-SMBUS.2.1.0
2024-11-05 15:24:41,500 [WARN] PackLoader:240 - Cannot read IP mode file for STMicroelectronics.X-CUBE-WB05N.1.1.0
2024-11-05 15:24:41,518 [WARN] PackLoader:240 - Cannot read IP mode file for STMicroelectronics.X-CUBE-AZRTOS-F7.1.1.0
2024-11-05 15:24:41,558 [WARN] PackLoader:240 - Cannot read IP mode file for STMicroelectronics.X-CUBE-MEMS1.11.0.0
2024-11-05 15:24:41,694 [WARN] PackLoader:240 - Cannot read IP mode file for STMicroelectronics.FP-SNS-FLIGHT1.5.0.2
2024-11-05 15:24:41,704 [WARN] PackLoader:240 - Cannot read IP mode file for STMicroelectronics.X-CUBE-DISPLAY.3.0.0
2024-11-05 15:24:41,712 [WARN] PackLoader:240 - Cannot read IP mode file for STMicroelectronics.X-CUBE-BLE1.7.0.0
2024-11-05 15:24:41,719 [WARN] PackLoader:240 - Cannot read IP mode file for STMicroelectronics.X-CUBE-NFC10.1.0.0
2024-11-05 15:24:41,726 [WARN] PackLoader:240 - Cannot read IP mode file for emotas.I-CUBE-CANOPEN.1.3.0
2024-11-05 15:24:41,735 [WARN] PackLoader:240 - Cannot read IP mode file for STMicroelectronics.X-CUBE-BLEMGR.3.1.0
2024-11-05 15:24:41,741 [WARN] PackLoader:240 - Cannot read IP mode file for STMicroelectronics.FP-SNS-SMARTAG2.1.2.0
2024-11-05 15:24:41,750 [INFO] LogOutputStream:77 - [STDOUT_REDIRECT] 1 : Invalid condition id : UX_CORESTACK_Condition cause : null
2024-11-05 15:24:41,751 [INFO] LogOutputStream:77 - [STDOUT_REDIRECT] 1 : Invalid condition id : UX_CORESTACK_Condition cause : null
2024-11-05 15:24:41,753 [INFO] LogOutputStream:77 - [STDOUT_REDIRECT] 1 : Invalid condition id : UX_CORESTACK_Condition cause : null
2024-11-05 15:24:41,754 [INFO] LogOutputStream:77 - [STDOUT_REDIRECT] 1 : Invalid condition id : UX_CORESTACK_Condition cause : null
2024-11-05 15:24:41,756 [INFO] LogOutputStream:77 - [STDOUT_REDIRECT] 1 : Invalid condition id : UX_CORESTACK_Condition cause : null
2024-11-05 15:24:41,758 [WARN] PackLoader:240 - Cannot read IP mode file for STMicroelectronics.X-CUBE-AZRTOS-WL.2.0.0
2024-11-05 15:24:41,768 [WARN] PackLoader:240 - Cannot read IP mode file for STMicroelectronics.FP-SNS-MOTENV1.5.0.0
2024-11-05 15:24:41,777 [WARN] PackLoader:240 - Cannot read IP mode file for wolfSSL.I-CUBE-wolfMQTT.1.19.0
2024-11-05 15:24:41,782 [WARN] PackLoader:240 - Cannot read IP mode file for STMicroelectronics.X-CUBE-BLE2.3.3.0
2024-11-05 15:24:41,788 [WARN] PackLoader:240 - Cannot read IP mode file for STMicroelectronics.X-CUBE-NFC9.1.0.0
2024-11-05 15:24:41,796 [WARN] PackLoader:240 - Cannot read IP mode file for STMicroelectronics.X-CUBE-TCPP.4.1.0
2024-11-05 15:24:41,807 [WARN] PackLoader:240 - Cannot read IP mode file for STMicroelectronics.X-CUBE-AZRTOS-G0.1.1.0
2024-11-05 15:24:41,822 [WARN] PackLoader:240 - Cannot read IP mode file for STMicroelectronics.X-CUBE-SAFEA1.1.2.2
2024-11-05 15:24:41,829 [WARN] PackLoader:240 - Cannot read IP mode file for STMicroelectronics.X-CUBE-NFC4.3.0.0
2024-11-05 15:24:41,839 [WARN] PackLoader:240 - Cannot read IP mode file for EmbeddedOffice.I-CUBE-FS-RTOS.1.0.1
2024-11-05 15:24:41,840 [ERROR] ConditionMgr:805 - Attr not supported : Dmpu
2024-11-05 15:24:41,840 [ERROR] ConditionMgr:805 - Attr not supported : Dmpu
2024-11-05 15:24:41,840 [ERROR] ConditionMgr:805 - Attr not supported : Dmpu
2024-11-05 15:24:41,840 [ERROR] ConditionMgr:805 - Attr not supported : Dmpu
2024-11-05 15:24:41,840 [ERROR] ConditionMgr:805 - Attr not supported : Dmpu
2024-11-05 15:24:41,840 [ERROR] ConditionMgr:805 - Attr not supported : Dmpu
2024-11-05 15:24:41,841 [ERROR] ConditionMgr:805 - Attr not supported : Dmpu
2024-11-05 15:24:41,841 [ERROR] ConditionMgr:805 - Attr not supported : Dmpu
2024-11-05 15:24:41,841 [ERROR] ConditionMgr:805 - Attr not supported : Dmpu
2024-11-05 15:24:41,841 [ERROR] ConditionMgr:805 - Attr not supported : Dmpu
2024-11-05 15:24:41,841 [ERROR] ConditionMgr:805 - Attr not supported : Dmpu
2024-11-05 15:24:41,841 [ERROR] ConditionMgr:805 - Attr not supported : Dmpu
2024-11-05 15:24:41,841 [ERROR] ConditionMgr:805 - Attr not supported : Dmpu
2024-11-05 15:24:41,841 [ERROR] ConditionMgr:805 - Attr not supported : Dmpu
2024-11-05 15:24:41,841 [ERROR] ConditionMgr:805 - Attr not supported : Dmpu
2024-11-05 15:24:41,841 [ERROR] ConditionMgr:805 - Attr not supported : Dmpu
2024-11-05 15:24:41,841 [ERROR] ConditionMgr:805 - Attr not supported : Dmpu
2024-11-05 15:24:41,841 [ERROR] ConditionMgr:805 - Attr not supported : Dmpu
2024-11-05 15:24:41,841 [ERROR] ConditionMgr:805 - Attr not supported : Dmpu
2024-11-05 15:24:41,841 [ERROR] ConditionMgr:805 - Attr not supported : Dmpu
2024-11-05 15:24:41,841 [ERROR] ConditionMgr:805 - Attr not supported : Dmpu
2024-11-05 15:24:41,841 [ERROR] ConditionMgr:805 - Attr not supported : Dmpu
2024-11-05 15:24:41,841 [ERROR] ConditionMgr:805 - Attr not supported : Dmpu
2024-11-05 15:24:41,841 [ERROR] ConditionMgr:805 - Attr not supported : Dmpu
2024-11-05 15:24:41,841 [ERROR] ConditionMgr:805 - Attr not supported : Dmpu
2024-11-05 15:24:41,841 [ERROR] ConditionMgr:805 - Attr not supported : Dmpu
2024-11-05 15:24:41,842 [ERROR] ConditionMgr:805 - Attr not supported : Dmpu
2024-11-05 15:24:41,842 [ERROR] ConditionMgr:805 - Attr not supported : Dmpu
2024-11-05 15:24:41,842 [ERROR] ConditionMgr:805 - Attr not supported : Dmpu
2024-11-05 15:24:41,842 [ERROR] ConditionMgr:805 - Attr not supported : Dmpu
2024-11-05 15:24:41,842 [ERROR] ConditionMgr:805 - Attr not supported : Dmpu
2024-11-05 15:24:41,842 [ERROR] ConditionMgr:805 - Attr not supported : Dmpu
2024-11-05 15:24:41,842 [ERROR] ConditionMgr:805 - Attr not supported : Dmpu
2024-11-05 15:24:41,842 [ERROR] ConditionMgr:805 - Attr not supported : Dmpu
2024-11-05 15:24:41,842 [ERROR] ConditionMgr:805 - Attr not supported : Dmpu
2024-11-05 15:24:41,842 [ERROR] ConditionMgr:805 - Attr not supported : Dmpu
2024-11-05 15:24:41,842 [ERROR] ConditionMgr:805 - Attr not supported : Dmpu
2024-11-05 15:24:41,842 [ERROR] ConditionMgr:805 - Attr not supported : Dmpu
2024-11-05 15:24:41,842 [ERROR] ConditionMgr:805 - Attr not supported : Dmpu
2024-11-05 15:24:41,842 [ERROR] ConditionMgr:805 - Attr not supported : Dmpu
2024-11-05 15:24:41,842 [ERROR] ConditionMgr:805 - Attr not supported : Dmpu
2024-11-05 15:24:41,842 [ERROR] ConditionMgr:805 - Attr not supported : Dmpu
2024-11-05 15:24:41,842 [ERROR] ConditionMgr:805 - Attr not supported : Dmpu
2024-11-05 15:24:41,842 [ERROR] ConditionMgr:805 - Attr not supported : Dmpu
2024-11-05 15:24:41,842 [ERROR] ConditionMgr:805 - Attr not supported : Dmpu
2024-11-05 15:24:41,842 [ERROR] ConditionMgr:805 - Attr not supported : Dmpu
2024-11-05 15:24:41,842 [ERROR] ConditionMgr:805 - Attr not supported : Dmpu
2024-11-05 15:24:41,842 [ERROR] ConditionMgr:805 - Attr not supported : Dmpu
2024-11-05 15:24:41,842 [ERROR] ConditionMgr:805 - Attr not supported : Dmpu
2024-11-05 15:24:41,842 [ERROR] ConditionMgr:805 - Attr not supported : Dmpu
2024-11-05 15:24:41,842 [ERROR] ConditionMgr:805 - Attr not supported : Dmpu
2024-11-05 15:24:41,842 [ERROR] ConditionMgr:805 - Attr not supported : Dmpu
2024-11-05 15:24:41,843 [ERROR] ConditionMgr:805 - Attr not supported : Dmpu
2024-11-05 15:24:41,843 [ERROR] ConditionMgr:805 - Attr not supported : Dmpu
2024-11-05 15:24:41,843 [ERROR] ConditionMgr:805 - Attr not supported : Dmpu
2024-11-05 15:24:41,843 [ERROR] ConditionMgr:805 - Attr not supported : Dmpu
2024-11-05 15:24:41,843 [ERROR] ConditionMgr:805 - Attr not supported : Dmpu
2024-11-05 15:24:41,843 [ERROR] ConditionMgr:805 - Attr not supported : Dmpu
2024-11-05 15:24:41,843 [ERROR] ConditionMgr:805 - Attr not supported : Dmpu
2024-11-05 15:24:41,843 [ERROR] ConditionMgr:805 - Attr not supported : Dmpu
2024-11-05 15:24:41,843 [ERROR] ConditionMgr:805 - Attr not supported : Dmpu
2024-11-05 15:24:41,843 [ERROR] ConditionMgr:805 - Attr not supported : Dmpu
2024-11-05 15:24:41,843 [ERROR] ConditionMgr:805 - Attr not supported : Dmpu
2024-11-05 15:24:41,843 [ERROR] ConditionMgr:805 - Attr not supported : Dmpu
2024-11-05 15:24:41,853 [WARN] PackLoader:240 - Cannot read IP mode file for RealThread.X-CUBE-RT-Thread_Nano.4.1.1
2024-11-05 15:24:41,860 [WARN] PackLoader:240 - Cannot read IP mode file for STMicroelectronics.FP-ATR-SIGFOX1.3.2.0
2024-11-05 15:24:41,865 [WARN] PackLoader:240 - Cannot read IP mode file for wolfSSL.I-CUBE-wolfSSL.5.7.2
2024-11-05 15:24:41,871 [WARN] PackLoader:240 - Cannot read IP mode file for STMicroelectronics.X-CUBE-EEPRMA1.5.1.0
2024-11-05 15:24:41,876 [INFO] WebApp:220 - Starting web application
2024-11-05 15:24:41,876 [INFO] WebApp:578 - Web application path used D:\STM32CubeIDE_1.16.0\STM32CubeIDE\plugins\com.st.stm32cube.common.mx_6.12.1.202409122256\db\plugins\mcufinder\reactClient1\index.html
2024-11-05 15:24:41,879 [WARN] PackLoader:240 - Cannot read IP mode file for ITTIA_DB.I-CUBE-ITTIADB.8.9.0
2024-11-05 15:24:41,918 [WARN] PackLoader:240 - Cannot read IP mode file for SEGGER.I-CUBE-embOS.1.3.1
2024-11-05 15:24:41,948 [WARN] PackLoader:240 - Cannot read IP mode file for STMicroelectronics.X-CUBE-ALGOBUILD.1.4.0
2024-11-05 15:24:41,954 [WARN] PackLoader:240 - Cannot read IP mode file for STMicroelectronics.X-CUBE-AI.9.1.0
2024-11-05 15:24:41,966 [WARN] PackLoader:240 - Cannot read IP mode file for STMicroelectronics.X-CUBE-AZRTOS-F4.1.1.0
2024-11-05 15:24:41,974 [WARN] PackLoader:240 - Cannot read IP mode file for STMicroelectronics.X-CUBE-ISPU.2.1.0
2024-11-05 15:24:41,981 [WARN] PackLoader:240 - Cannot read IP mode file for STMicroelectronics.X-CUBE-FREERTOS.1.2.0
2024-11-05 15:24:41,993 [WARN] PackLoader:240 - Cannot read IP mode file for STMicroelectronics.X-CUBE-AZRTOS-L5.2.0.0
2024-11-05 15:24:42,011 [WARN] PackLoader:240 - Cannot read IP mode file for STMicroelectronics.X-CUBE-NFC6.3.1.0
2024-11-05 15:24:42,024 [WARN] PackLoader:240 - Cannot read IP mode file for STMicroelectronics.X-CUBE-DPower.1.2.0
2024-11-05 15:24:42,029 [WARN] PackLoader:240 - Cannot read IP mode file for STMicroelectronics.X-CUBE-AI.9.0.0
2024-11-05 15:24:42,035 [WARN] PackLoader:240 - Cannot read IP mode file for STMicroelectronics.X-CUBE-NFC7.1.0.1
2024-11-05 15:24:42,048 [WARN] ConditionMgr:438 - getConditionDescription Invalid condition id : LAN8742 Phy interface Condition cause : null
2024-11-05 15:24:42,048 [WARN] PackLoader:240 - Cannot read IP mode file for STMicroelectronics.X-CUBE-AZRTOS-L4.2.0.0
2024-11-05 15:24:42,049 [WARN] ConditionMgr:1039 - genDependencies : Invalid condition id : LAN8742 Phy interface Condition cause : null
2024-11-05 15:24:42,049 [WARN] ConditionMgr:1039 - genDependencies : Invalid condition id : LAN8742 Phy interface Condition cause : null
2024-11-05 15:24:42,050 [WARN] ConditionMgr:1039 - genDependencies : Invalid condition id : LAN8742 Phy interface Condition cause : null
2024-11-05 15:24:42,057 [WARN] PackLoader:240 - Cannot read IP mode file for STMicroelectronics.X-CUBE-SFXS2LP1.4.0.0
2024-11-05 15:24:42,099 [WARN] PackLoader:240 - Cannot read IP mode file for STMicroelectronics.X-CUBE-AZRTOS-H7.3.3.0
2024-11-05 15:24:42,136 [WARN] PackLoader:240 - Cannot read IP mode file for STMicroelectronics.X-CUBE-IPS.3.0.0
2024-11-05 15:24:42,161 [WARN] ConditionMgr:438 - getConditionDescription Invalid condition id : UX DEVICE CLASS RTOS Condition cause : null
2024-11-05 15:24:42,162 [WARN] ConditionMgr:438 - getConditionDescription Invalid condition id : UX DEVICE CLASS RTOS Condition cause : null
2024-11-05 15:24:42,164 [WARN] PackLoader:240 - Cannot read IP mode file for STMicroelectronics.X-CUBE-AZRTOS-WB.2.0.0
2024-11-05 15:24:42,165 [WARN] ConditionMgr:1039 - genDependencies : Invalid condition id : UX DEVICE CLASS RTOS Condition cause : null
2024-11-05 15:24:42,165 [WARN] ConditionMgr:1039 - genDependencies : Invalid condition id : UX DEVICE CLASS RTOS Condition cause : null
2024-11-05 15:24:42,166 [WARN] ConditionMgr:1039 - genDependencies : Invalid condition id : UX DEVICE CLASS RTOS Condition cause : null
2024-11-05 15:24:42,166 [WARN] ConditionMgr:1039 - genDependencies : Invalid condition id : UX DEVICE CLASS RTOS Condition cause : null
2024-11-05 15:24:42,166 [WARN] ConditionMgr:1039 - genDependencies : Invalid condition id : UX DEVICE CLASS RTOS Condition cause : null
2024-11-05 15:24:42,178 [WARN] PackLoader:240 - Cannot read IP mode file for STMicroelectronics.X-CUBE-GNSS1.7.0.0
2024-11-05 15:24:42,192 [WARN] PackLoader:240 - Cannot read IP mode file for STMicroelectronics.FP-SNS-STBOX1.2.0.0
2024-11-05 15:24:42,207 [WARN] PackLoader:240 - Cannot read IP mode file for STMicroelectronics.X-CUBE-SUBG2.5.0.0
2024-11-05 15:24:42,224 [WARN] PackLoader:240 - Cannot read IP mode file for Cesanta.I-CUBE-Mongoose.7.13.0
2024-11-05 15:24:42,240 [INFO] UserAuth:417 - Internet connection configuration mode: 1
2024-11-05 15:24:42,244 [WARN] PackLoader:240 - Cannot read IP mode file for STMicroelectronics.X-CUBE-AZRTOS-G4.2.0.0
2024-11-05 15:24:42,252 [WARN] PackLoader:240 - Cannot read IP mode file for STMicroelectronics.X-CUBE-ISPU.2.0.0
2024-11-05 15:24:42,265 [WARN] PackLoader:240 - Cannot read IP mode file for STMicroelectronics.X-CUBE-ALS.1.0.2
2024-11-05 15:24:42,278 [WARN] PackLoader:240 - Cannot read IP mode file for STMicroelectronics.X-CUBE-TOUCHGFX.4.24.0
2024-11-05 15:24:42,283 [WARN] PackLoader:240 - Cannot read IP mode file for STMicroelectronics.X-CUBE-TOUCHGFX.4.24.1
2024-11-05 15:24:42,289 [WARN] PackLoader:240 - Cannot read IP mode file for wolfSSL.I-CUBE-wolfTPM.3.4.0
2024-11-05 15:24:42,298 [WARN] PackLoader:240 - Cannot read IP mode file for portGmbH.I-Cube-SoM-uGOAL.1.1.0
2024-11-05 15:24:42,315 [WARN] PackLoader:240 - Cannot read IP mode file for STMicroelectronics.X-CUBE-AZRTOS-H7RS.1.0.0
2024-11-05 15:24:42,324 [WARN] PackLoader:240 - Cannot read IP mode file for STMicroelectronics.FP-ATR-ASTRA1.2.0.0
2024-11-05 15:24:42,337 [WARN] PackLoader:240 - Cannot read IP mode file for STMicroelectronics.X-CUBE-TOF1.3.4.2
2024-11-05 15:24:42,366 [WARN] PackLoader:240 - Cannot read IP mode file for Infineon.AIROC-Wi-Fi-Bluetooth-STM32.1.6.1
2024-11-05 15:24:42,378 [WARN] PackLoader:240 - Cannot read IP mode file for wolfSSL.I-CUBE-wolfSSH.1.4.17
2024-11-05 15:24:42,379 [INFO] ThirdParty:978 - Integrity check success = true
2024-11-05 15:24:42,379 [INFO] IntegrityCheckThread:100 - exiting critical section [integrity check]
2024-11-05 15:24:42,379 [INFO] IntegrityCheckThread:103 - End integrity checks thread
2024-11-05 15:46:22,715 [INFO] WebApp:388 - JxBrowser engine has been closed 
2024-11-05 15:46:26,381 [ERROR] LogOutputStream:75 - [STDERR_REDIRECT] 
2024-11-05 15:46:26,384 [ERROR] LogOutputStream:75 - [STDERR_REDIRECT] 
