2024-12-04 10:54:12,101 [INFO] Activator:176 - 


2024-12-04 10:54:12,101 [INFO] Activator:177 - !SESSION log4j initialized
2024-12-04 10:54:17,686 [INFO] LogOutputStream:77 - [STDOUT_REDIRECT] 
2024-12-04 10:54:22,843 [INFO] ApplicationProperties:184 - Using Application install path: D:\STM32CubeIDE_1.16.0\STM32CubeIDE\plugins\com.st.stm32cube.common.mx_6.12.1.202409122256
2024-12-04 10:54:22,915 [INFO] DbMcusXml:78 - Set database path to: D:\STM32CubeIDE_1.16.0\STM32CubeIDE\plugins\com.st.stm32cube.common.mx_6.12.1.202409122256\\db\/mcu/
2024-12-04 10:54:22,916 [INFO] ApiDb:274 - Set plugin database path to: D:\STM32CubeIDE_1.16.0\STM32CubeIDE\plugins\com.st.stm32cube.common.mx_6.12.1.202409122256\\db\/plugins/boardmanager/
2024-12-04 10:54:22,917 [WARN] ApiDb:259 - Overriding images path with different value:  => D:\STM32CubeIDE_1.16.0\STM32CubeIDE\plugins\com.st.stm32cube.common.mx_6.12.1.202409122256\\db\/plugins/mcufinder/images/
2024-12-04 10:54:22,937 [INFO] ApiDb:250 - Set database path to: C:\Users\Wells\.stmcufinder\plugins\mcufinder//mcu/
2024-12-04 10:54:22,941 [INFO] DbMcusAds:125 - Set database path to: C:\Users\Wells\.stmcufinder\plugins\mcufinder//mcu/
2024-12-04 10:54:22,951 [INFO] CrossReferenceDbSqlite:203 - Set database path to: C:\Users\Wells\.stmcufinder\plugins\mcufinder//mcu/cs/
2024-12-04 10:54:23,424 [INFO] RulesReader:64 - Compatibility file has been processed (297 Rules)
2024-12-04 10:54:23,682 [INFO] DbMcusXml:78 - Set database path to: D:\STM32CubeIDE_1.16.0\STM32CubeIDE\plugins\com.st.stm32cube.common.mx_6.12.1.202409122256\\db\/mcu/
2024-12-04 10:54:23,683 [INFO] ApiDb:274 - Set plugin database path to: D:\STM32CubeIDE_1.16.0\STM32CubeIDE\plugins\com.st.stm32cube.common.mx_6.12.1.202409122256\\db\/plugins/boardmanager/
2024-12-04 10:54:23,683 [INFO] ApiDb:261 - Set plugin images path to: D:\STM32CubeIDE_1.16.0\STM32CubeIDE\plugins\com.st.stm32cube.common.mx_6.12.1.202409122256\\db\/plugins/mcufinder/images/
2024-12-04 10:54:23,683 [WARN] DbFile:41 - Overriding database path with different value: C:\Users\Wells\.stmcufinder\plugins\mcufinder/ => C:\Users\Wells\.stmcufinder\plugins\mcufinder
2024-12-04 10:54:23,683 [INFO] ApiDb:250 - Set database path to: C:\Users\Wells\.stmcufinder\plugins\mcufinder//mcu/
2024-12-04 10:54:23,683 [WARN] DbFile:41 - Overriding database path with different value: C:\Users\Wells\.stmcufinder\plugins\mcufinder/ => C:\Users\Wells\.stmcufinder\plugins\mcufinder
2024-12-04 10:54:23,683 [INFO] DbMcusAds:125 - Set database path to: C:\Users\Wells\.stmcufinder\plugins\mcufinder//mcu/
2024-12-04 10:54:23,683 [WARN] DbFile:41 - Overriding database path with different value: C:\Users\Wells\.stmcufinder\plugins\mcufinder/ => C:\Users\Wells\.stmcufinder\plugins\mcufinder
2024-12-04 10:54:23,683 [WARN] DbFile:41 - Overriding database path with different value: C:\Users\Wells\.stmcufinder\plugins\mcufinder/ => C:\Users\Wells\.stmcufinder\plugins\mcufinder
2024-12-04 10:54:23,684 [INFO] CrossReferenceDbSqlite:203 - Set database path to: C:\Users\Wells\.stmcufinder\plugins\mcufinder//mcu/cs/
2024-12-04 10:54:23,984 [INFO] MainPanel:268 - HeapMemory: 268435456
2024-12-04 10:54:24,544 [INFO] DbMcusXml:78 - Set database path to: D:\STM32CubeIDE_1.16.0\STM32CubeIDE\plugins\com.st.stm32cube.common.mx_6.12.1.202409122256\\db\/mcu/
2024-12-04 10:54:24,544 [INFO] ApiDb:274 - Set plugin database path to: D:\STM32CubeIDE_1.16.0\STM32CubeIDE\plugins\com.st.stm32cube.common.mx_6.12.1.202409122256\\db\/plugins/boardmanager/
2024-12-04 10:54:24,545 [INFO] ApiDb:261 - Set plugin images path to: D:\STM32CubeIDE_1.16.0\STM32CubeIDE\plugins\com.st.stm32cube.common.mx_6.12.1.202409122256\\db\/plugins/mcufinder/images/
2024-12-04 10:54:24,546 [WARN] DbFile:41 - Overriding database path with different value: C:\Users\Wells\.stmcufinder\plugins\mcufinder/ => C:\Users\Wells\.stmcufinder\plugins\mcufinder
2024-12-04 10:54:24,546 [INFO] ApiDb:250 - Set database path to: C:\Users\Wells\.stmcufinder\plugins\mcufinder//mcu/
2024-12-04 10:54:24,547 [WARN] DbFile:41 - Overriding database path with different value: C:\Users\Wells\.stmcufinder\plugins\mcufinder/ => C:\Users\Wells\.stmcufinder\plugins\mcufinder
2024-12-04 10:54:24,547 [INFO] DbMcusAds:125 - Set database path to: C:\Users\Wells\.stmcufinder\plugins\mcufinder//mcu/
2024-12-04 10:54:24,547 [WARN] DbFile:41 - Overriding database path with different value: C:\Users\Wells\.stmcufinder\plugins\mcufinder/ => C:\Users\Wells\.stmcufinder\plugins\mcufinder
2024-12-04 10:54:24,547 [WARN] DbFile:41 - Overriding database path with different value: C:\Users\Wells\.stmcufinder\plugins\mcufinder/ => C:\Users\Wells\.stmcufinder\plugins\mcufinder
2024-12-04 10:54:24,548 [INFO] CrossReferenceDbSqlite:203 - Set database path to: C:\Users\Wells\.stmcufinder\plugins\mcufinder//mcu/cs/
2024-12-04 10:54:24,611 [INFO] ApplicationProperties:184 - Using Application install path: D:\STM32CubeIDE_1.16.0\STM32CubeIDE\plugins\com.st.stm32cube.common.mx_6.12.1.202409122256
2024-12-04 10:54:24,618 [INFO] PluginManage:196 - Search for loadable plugins [exclusion list=, ]
2024-12-04 10:54:24,627 [INFO] PluginManage:310 - Check plugin analytics
2024-12-04 10:54:25,461 [INFO] AnalyticsPlugin:253 - Accepted Software Licenses: 
2024-12-04 10:54:25,462 [INFO] AnalyticsPlugin:255 - Accepted CMSIS Pack Licenses: 
2024-12-04 10:54:25,462 [INFO] AnalyticsPlugin:257 - Accepted Firmware Licenses: 
2024-12-04 10:54:25,472 [INFO] PluginManage:359 - Loaded plugin analytics (category:tool,tabindex:-1)
2024-12-04 10:54:25,472 [INFO] PluginManage:310 - Check plugin cadmodel
2024-12-04 10:54:25,487 [INFO] CADModel:105 - Init CAD model plugin
2024-12-04 10:54:25,487 [INFO] PluginManage:359 - Loaded plugin cadmodel (category:power,tabindex:5)
2024-12-04 10:54:25,488 [INFO] PluginManage:310 - Check plugin clock
2024-12-04 10:54:25,528 [INFO] PluginManage:359 - Loaded plugin clock (category:base,tabindex:2)
2024-12-04 10:54:25,528 [INFO] PluginManage:310 - Check plugin ddr
2024-12-04 10:54:25,544 [INFO] PluginManage:359 - Loaded plugin ddr (category:tool,tabindex:6)
2024-12-04 10:54:25,544 [INFO] PluginManage:310 - Check plugin filemanager
2024-12-04 10:54:26,203 [INFO] PluginManage:359 - Loaded plugin filemanager (category:base,tabindex:10)
2024-12-04 10:54:26,203 [INFO] PluginManage:310 - Check plugin ipmanager
2024-12-04 10:54:26,239 [INFO] PluginManage:359 - Loaded plugin ipmanager (category:base,tabindex:5)
2024-12-04 10:54:26,240 [INFO] PluginManage:310 - Check plugin lpbam
2024-12-04 10:54:26,272 [INFO] PluginManage:359 - Loaded plugin lpbam (category:base,tabindex:0)
2024-12-04 10:54:26,296 [INFO] PluginManage:310 - Check plugin memorymap
2024-12-04 10:54:26,388 [INFO] PluginManage:359 - Loaded plugin memorymap (category:base,tabindex:4)
2024-12-04 10:54:26,388 [INFO] PluginManage:310 - Check plugin pinoutandconfiguration
2024-12-04 10:54:26,433 [INFO] PluginManage:359 - Loaded plugin pinoutandconfiguration (category:base,tabindex:1)
2024-12-04 10:54:26,433 [INFO] PluginManage:310 - Check plugin pinoutconfig
2024-12-04 10:54:26,792 [WARN] SupportedApi:132 - Cannot load RTOS API schema: s4s-elt-must-match.1: The content of 'definitions' must match (annotation?, (simpleType | complexType)?, (unique | key | keyref)*)). A problem was found starting at: attribute.
2024-12-04 10:54:27,508 [INFO] PluginManage:359 - Loaded plugin pinoutconfig (category:base,tabindex:0)
2024-12-04 10:54:27,508 [INFO] PluginManage:310 - Check plugin power
2024-12-04 10:54:27,538 [INFO] PluginManage:359 - Loaded plugin power (category:power,tabindex:4)
2024-12-04 10:54:27,538 [INFO] PluginManage:310 - Check plugin projectmanager
2024-12-04 10:54:27,578 [INFO] PluginManage:359 - Loaded plugin projectmanager (category:projectmanager,tabindex:4)
2024-12-04 10:54:27,579 [INFO] PluginManage:310 - Check plugin rif
2024-12-04 10:54:27,605 [INFO] PluginManage:359 - Loaded plugin rif (category:base,tabindex:3)
2024-12-04 10:54:27,605 [INFO] PluginManage:310 - Check plugin thirdparty
2024-12-04 10:54:28,016 [WARN] IntegrityCheckThread:84 - waiting for thirdparty lock release [integrity check]
2024-12-04 10:54:28,017 [INFO] IntegrityCheckThread:86 - entering critical section [integrity check]
2024-12-04 10:54:28,018 [INFO] PluginManage:359 - Loaded plugin thirdparty (category:base,tabindex:-1)
2024-12-04 10:54:28,018 [INFO] ThirdPartyUpdaterWithRetryManager:70 - Updater plugin not ready yet. [1/15]
2024-12-04 10:54:28,018 [INFO] PluginManage:310 - Check plugin tools
2024-12-04 10:54:28,025 [INFO] PluginManage:359 - Loaded plugin tools (category:base,tabindex:7)
2024-12-04 10:54:28,025 [INFO] PluginManage:310 - Check plugin tutovideos
2024-12-04 10:54:28,733 [INFO] PluginManage:359 - Loaded plugin tutovideos (category:base,tabindex:-1)
2024-12-04 10:54:28,734 [INFO] PluginManage:310 - Check plugin updater
2024-12-04 10:54:28,771 [INFO] PluginManage:359 - Loaded plugin updater (category:base,tabindex:12)
2024-12-04 10:54:28,771 [INFO] PluginManage:310 - Check plugin userauth
2024-12-04 10:54:28,788 [INFO] UserAuth:113 - Init User Auth plugin
2024-12-04 10:54:28,788 [INFO] PluginManage:359 - Loaded plugin userauth (category:base,tabindex:14)
2024-12-04 10:54:28,790 [INFO] PluginManage:283 - PluginManage : Loaded plugins [18]
2024-12-04 10:54:29,385 [INFO] PinOutPanel:1561 - setPackage(No Configuration,No Configuration)
2024-12-04 10:54:29,575 [INFO] CADModel:165 - CPN selected for project level
2024-12-04 10:54:29,576 [INFO] CADModel:114 - Register for checkConnection events
2024-12-04 10:54:29,614 [INFO] IPUIPlugin:80 - create IPUIPlugin
2024-12-04 10:54:29,615 [INFO] PluginManager:220 - loadIPPluginJar : add adc
2024-12-04 10:54:29,621 [INFO] IPUIPlugin:80 - create IPUIPlugin
2024-12-04 10:54:29,621 [INFO] PluginManager:220 - loadIPPluginJar : add aes
2024-12-04 10:54:29,626 [INFO] IPUIPlugin:80 - create IPUIPlugin
2024-12-04 10:54:29,627 [INFO] PluginManager:220 - loadIPPluginJar : add can
2024-12-04 10:54:29,630 [INFO] IPUIPlugin:80 - create IPUIPlugin
2024-12-04 10:54:29,630 [INFO] PluginManager:220 - loadIPPluginJar : add comp
2024-12-04 10:54:29,635 [INFO] IPUIPlugin:80 - create IPUIPlugin
2024-12-04 10:54:29,635 [INFO] PluginManager:220 - loadIPPluginJar : add cryp
2024-12-04 10:54:29,643 [INFO] IPUIPlugin:80 - create IPUIPlugin
2024-12-04 10:54:29,643 [INFO] PluginManager:220 - loadIPPluginJar : add ddr_ctrl_phy
2024-12-04 10:54:29,651 [INFO] IPUIPlugin:80 - create IPUIPlugin
2024-12-04 10:54:29,651 [INFO] PluginManager:220 - loadIPPluginJar : add dfsdm
2024-12-04 10:54:29,685 [INFO] IPUIPlugin:80 - create IPUIPlugin
2024-12-04 10:54:29,687 [INFO] PluginManager:220 - loadIPPluginJar : add dma
2024-12-04 10:54:29,694 [INFO] IPUIPlugin:80 - create IPUIPlugin
2024-12-04 10:54:29,694 [INFO] PluginManager:220 - loadIPPluginJar : add dma3
2024-12-04 10:54:29,699 [INFO] IPUIPlugin:80 - create IPUIPlugin
2024-12-04 10:54:29,699 [INFO] PluginManager:220 - loadIPPluginJar : add extmemmanager
2024-12-04 10:54:29,703 [INFO] IPUIPlugin:80 - create IPUIPlugin
2024-12-04 10:54:29,703 [INFO] PluginManager:220 - loadIPPluginJar : add fatfs
2024-12-04 10:54:29,711 [INFO] IPUIPlugin:80 - create IPUIPlugin
2024-12-04 10:54:29,711 [INFO] PluginManager:220 - loadIPPluginJar : add fmc
2024-12-04 10:54:29,733 [INFO] IPUIPlugin:80 - create IPUIPlugin
2024-12-04 10:54:29,733 [INFO] PluginManager:220 - loadIPPluginJar : add freertos
2024-12-04 10:54:29,737 [INFO] IPUIPlugin:80 - create IPUIPlugin
2024-12-04 10:54:29,737 [INFO] PluginManager:220 - loadIPPluginJar : add genericplugin
2024-12-04 10:54:29,740 [INFO] IPUIPlugin:80 - create IPUIPlugin
2024-12-04 10:54:29,740 [INFO] PluginManager:220 - loadIPPluginJar : add gfxmmu
2024-12-04 10:54:29,755 [INFO] IPUIPlugin:80 - create IPUIPlugin
2024-12-04 10:54:29,755 [INFO] PluginManager:220 - loadIPPluginJar : add gic
2024-12-04 10:54:29,763 [INFO] IPUIPlugin:80 - create IPUIPlugin
2024-12-04 10:54:29,763 [INFO] PluginManager:220 - loadIPPluginJar : add gpio
2024-12-04 10:54:29,769 [INFO] IPUIPlugin:80 - create IPUIPlugin
2024-12-04 10:54:29,770 [INFO] PluginManager:220 - loadIPPluginJar : add gtzc
2024-12-04 10:54:29,774 [INFO] IPUIPlugin:80 - create IPUIPlugin
2024-12-04 10:54:29,774 [INFO] PluginManager:220 - loadIPPluginJar : add hash
2024-12-04 10:54:29,780 [INFO] IPUIPlugin:80 - create IPUIPlugin
2024-12-04 10:54:29,780 [INFO] PluginManager:220 - loadIPPluginJar : add i2c
2024-12-04 10:54:29,784 [INFO] IPUIPlugin:80 - create IPUIPlugin
2024-12-04 10:54:29,785 [INFO] PluginManager:220 - loadIPPluginJar : add i2s
2024-12-04 10:54:29,790 [INFO] IPUIPlugin:80 - create IPUIPlugin
2024-12-04 10:54:29,790 [INFO] PluginManager:220 - loadIPPluginJar : add i3c
2024-12-04 10:54:29,800 [INFO] IPUIPlugin:80 - create IPUIPlugin
2024-12-04 10:54:29,801 [INFO] PluginManager:220 - loadIPPluginJar : add ipddr
2024-12-04 10:54:29,812 [INFO] IPUIPlugin:80 - create IPUIPlugin
2024-12-04 10:54:29,812 [INFO] PluginManager:220 - loadIPPluginJar : add linkedlist
2024-12-04 10:54:29,818 [INFO] IPUIPlugin:80 - create IPUIPlugin
2024-12-04 10:54:29,818 [INFO] PluginManager:220 - loadIPPluginJar : add lorawan
2024-12-04 10:54:29,821 [INFO] IPUIPlugin:80 - create IPUIPlugin
2024-12-04 10:54:29,821 [INFO] PluginManager:220 - loadIPPluginJar : add ltdc
2024-12-04 10:54:29,836 [INFO] IPUIPlugin:80 - create IPUIPlugin
2024-12-04 10:54:29,836 [INFO] PluginManager:220 - loadIPPluginJar : add mdma
2024-12-04 10:54:29,844 [INFO] IPUIPlugin:80 - create IPUIPlugin
2024-12-04 10:54:29,845 [INFO] PluginManager:220 - loadIPPluginJar : add nvic
2024-12-04 10:54:29,851 [INFO] IPUIPlugin:80 - create IPUIPlugin
2024-12-04 10:54:29,851 [INFO] PluginManager:220 - loadIPPluginJar : add opamp
2024-12-04 10:54:29,857 [INFO] IPUIPlugin:80 - create IPUIPlugin
2024-12-04 10:54:29,857 [INFO] PluginManager:220 - loadIPPluginJar : add openamp
2024-12-04 10:54:29,863 [INFO] IPUIPlugin:80 - create IPUIPlugin
2024-12-04 10:54:29,863 [INFO] PluginManager:220 - loadIPPluginJar : add pdm2pcm
2024-12-04 10:54:29,874 [INFO] IPUIPlugin:80 - create IPUIPlugin
2024-12-04 10:54:29,883 [INFO] PluginManager:220 - loadIPPluginJar : add plateformsettings
2024-12-04 10:54:29,886 [INFO] IPUIPlugin:80 - create IPUIPlugin
2024-12-04 10:54:29,886 [INFO] PluginManager:220 - loadIPPluginJar : add quadspi
2024-12-04 10:54:29,891 [INFO] IPUIPlugin:80 - create IPUIPlugin
2024-12-04 10:54:29,897 [INFO] PluginManager:220 - loadIPPluginJar : add radio
2024-12-04 10:54:29,904 [INFO] IPUIPlugin:80 - create IPUIPlugin
2024-12-04 10:54:29,904 [INFO] PluginManager:220 - loadIPPluginJar : add resmgrutility
2024-12-04 10:54:29,912 [INFO] IPUIPlugin:80 - create IPUIPlugin
2024-12-04 10:54:29,912 [INFO] PluginManager:220 - loadIPPluginJar : add sai
2024-12-04 10:54:29,917 [INFO] IPUIPlugin:80 - create IPUIPlugin
2024-12-04 10:54:29,917 [INFO] PluginManager:220 - loadIPPluginJar : add spi
2024-12-04 10:54:29,929 [INFO] IPUIPlugin:80 - create IPUIPlugin
2024-12-04 10:54:29,929 [INFO] PluginManager:220 - loadIPPluginJar : add stm32_wpan
2024-12-04 10:54:29,933 [INFO] IPUIPlugin:80 - create IPUIPlugin
2024-12-04 10:54:29,933 [INFO] PluginManager:220 - loadIPPluginJar : add tim
2024-12-04 10:54:29,940 [INFO] IPUIPlugin:80 - create IPUIPlugin
2024-12-04 10:54:29,940 [INFO] PluginManager:220 - loadIPPluginJar : add touchsensing
2024-12-04 10:54:29,944 [INFO] IPUIPlugin:80 - create IPUIPlugin
2024-12-04 10:54:29,944 [INFO] PluginManager:220 - loadIPPluginJar : add tracer_emb
2024-12-04 10:54:29,948 [INFO] IPUIPlugin:80 - create IPUIPlugin
2024-12-04 10:54:29,948 [INFO] PluginManager:220 - loadIPPluginJar : add ts
2024-12-04 10:54:29,952 [INFO] IPUIPlugin:80 - create IPUIPlugin
2024-12-04 10:54:29,952 [INFO] PluginManager:220 - loadIPPluginJar : add tsc
2024-12-04 10:54:29,956 [INFO] IPUIPlugin:80 - create IPUIPlugin
2024-12-04 10:54:29,956 [INFO] PluginManager:220 - loadIPPluginJar : add ucpd
2024-12-04 10:54:29,962 [INFO] IPUIPlugin:80 - create IPUIPlugin
2024-12-04 10:54:29,962 [INFO] PluginManager:220 - loadIPPluginJar : add usart
2024-12-04 10:54:29,968 [INFO] IPUIPlugin:80 - create IPUIPlugin
2024-12-04 10:54:29,968 [INFO] PluginManager:220 - loadIPPluginJar : add usbx
2024-12-04 10:54:30,143 [INFO] CADModel:165 - CPN selected for project level
2024-12-04 10:54:30,143 [INFO] CADModel:114 - Register for checkConnection events
2024-12-04 10:54:30,144 [FATAL] Updater:334 - Updater called before beeing initialized
2024-12-04 10:54:30,144 [ERROR] CADModel:125 - Updater not yet initialized, retry later 
2024-12-04 10:54:30,442 [INFO] CADModel:165 - CPN selected for project level
2024-12-04 10:54:30,442 [INFO] CADModel:114 - Register for checkConnection events
2024-12-04 10:54:30,442 [FATAL] Updater:334 - Updater called before beeing initialized
2024-12-04 10:54:30,442 [ERROR] CADModel:125 - Updater not yet initialized, retry later 
2024-12-04 10:54:30,447 [FATAL] Updater:334 - Updater called before beeing initialized
2024-12-04 10:54:30,618 [FATAL] Updater:334 - Updater called before beeing initialized
2024-12-04 10:54:30,638 [INFO] DbMcusAds:53 - JSON generation date=Fri Sep 20 21:04:38 HKT 2024 (1726837478367)
2024-12-04 10:54:30,638 [FATAL] Updater:334 - Updater called before beeing initialized
2024-12-04 10:54:30,708 [WARN] DetailPanel:346 - Failed to get advertising image, set to default
2024-12-04 10:54:30,849 [FATAL] Updater:334 - Updater called before beeing initialized
2024-12-04 10:54:30,851 [FATAL] Updater:334 - Updater called before beeing initialized
2024-12-04 10:54:30,852 [FATAL] Updater:334 - Updater called before beeing initialized
2024-12-04 10:54:30,852 [WARN] DetailPanel:346 - Failed to get advertising image, set to default
2024-12-04 10:54:30,853 [FATAL] Updater:334 - Updater called before beeing initialized
2024-12-04 10:54:30,945 [ERROR] Updater:1164 - MainUpdater not yet initialized. External WinMGr cannot be set.
2024-12-04 10:54:30,955 [INFO] Updater:1100 - Updater Version found : 6.12.1
2024-12-04 10:54:31,005 [INFO] ApplicationProperties:184 - Using Application install path: D:\STM32CubeIDE_1.16.0\STM32CubeIDE\plugins\com.st.stm32cube.common.mx_6.12.1.202409122256
2024-12-04 10:54:31,019 [INFO] ThirdPartyUpdaterWithRetryManager:70 - Updater plugin not ready yet. [2/15]
2024-12-04 10:54:32,631 [ERROR] LogOutputStream:75 - [STDERR_REDIRECT] Dec 04, 2024 10:54:32 AM java.util.prefs.WindowsPreferences <init>
2024-12-04 10:54:32,632 [ERROR] LogOutputStream:75 - [STDERR_REDIRECT] WARNING: Could not open/create prefs root node Software\JavaSoft\Prefs at root 0xffffffff80000002. Windows RegCreateKeyEx(...) returned error code 5.
2024-12-04 10:54:32,633 [ERROR] LogOutputStream:75 - [STDERR_REDIRECT] 
2024-12-04 10:54:33,245 [INFO] MainUpdater:2873 - connection check result : 10
2024-12-04 10:54:33,246 [INFO] MainUpdater:3567 - Updater definition file requires update
2024-12-04 10:54:33,247 [INFO] MainUpdater:290 - Updater Check For Update Now.
2024-12-04 10:54:33,247 [INFO] MicroXplorer:498 - Change Database Version : DB.6.0.121
2024-12-04 10:54:33,251 [INFO] McuFinderGlobals:63 - Set McuFinder mode to 2 (CubeIDE integrated)
2024-12-04 10:54:33,252 [INFO] UserAuth:417 - Internet connection configuration mode: 1
2024-12-04 10:54:33,266 [INFO] JxBrowserEngine:152 - Initiate JxBrowser Engine with user profile folder
2024-12-04 10:54:33,852 [INFO] ServerAccessManage:473 - Download File updaters.zip
2024-12-04 10:54:33,909 [INFO] FileExtend:240 - Unzip File : updaters.zip
2024-12-04 10:54:33,909 [INFO] FileExtend:255 - Standard Zip Deflate
2024-12-04 10:54:34,022 [WARN] MainUpdater:1194 - Updater busy. Cannot search thirdparties
2024-12-04 10:54:34,022 [INFO] ThirdPartyUpdaterWithRetryManager:96 - Updater plugin is busy. [1/15]
2024-12-04 10:54:34,570 [INFO] ServerAccessManage:473 - Download File PacksControlFlags.xml
2024-12-04 10:54:34,654 [INFO] ServerAccessManage:473 - Download File cubemx.pidx
2024-12-04 10:54:34,675 [INFO] WebApp:167 - Instantiating new browser for Auth
2024-12-04 10:54:34,841 [INFO] LoadServerUpdatesThread:375 - End of LoadServerUpdate Thread
2024-12-04 10:54:35,071 [INFO] CheckServerUpdateThread:120 - End of CheckServer Thread
2024-12-04 10:54:36,472 [INFO] WebApp:448 - Apply proxy settings
2024-12-04 10:54:36,472 [INFO] WebApp:533 - Chromium requires no authentication
2024-12-04 10:54:36,487 [INFO] WebApp:476 - Direct internet connection detected
2024-12-04 10:54:36,519 [INFO] WebApp:869 - Register for checkConnection events
2024-12-04 10:54:36,519 [INFO] WebApp:448 - Apply proxy settings
2024-12-04 10:54:36,519 [INFO] WebApp:533 - Chromium requires no authentication
2024-12-04 10:54:36,520 [INFO] WebApp:476 - Direct internet connection detected
2024-12-04 10:54:36,690 [INFO] WebApp:220 - Starting web application
2024-12-04 10:54:36,690 [INFO] WebApp:578 - Web application path used D:\STM32CubeIDE_1.16.0\STM32CubeIDE\plugins\com.st.stm32cube.common.mx_6.12.1.202409122256\db\plugins\mcufinder\reactClient1\index.html
2024-12-04 10:54:36,780 [INFO] UserAuth:417 - Internet connection configuration mode: 1
2024-12-04 10:54:37,538 [WARN] PackLoader:240 - Cannot read IP mode file for STMicroelectronics.FP-SNS-MOTENVWB1.1.4.0
2024-12-04 10:54:37,551 [WARN] PackLoader:240 - Cannot read IP mode file for STMicroelectronics.FP-ATR-ASTRA1.2.0.1
2024-12-04 10:54:37,564 [WARN] PackLoader:240 - Cannot read IP mode file for STMicroelectronics.X-CUBE-SMBUS.2.1.0
2024-12-04 10:54:37,574 [WARN] PackLoader:240 - Cannot read IP mode file for STMicroelectronics.X-CUBE-WB05N.1.1.0
2024-12-04 10:54:37,606 [WARN] PackLoader:240 - Cannot read IP mode file for STMicroelectronics.X-CUBE-AZRTOS-F7.1.1.0
2024-12-04 10:54:37,659 [WARN] PackLoader:240 - Cannot read IP mode file for STMicroelectronics.X-CUBE-MEMS1.11.0.0
2024-12-04 10:54:37,804 [WARN] PackLoader:240 - Cannot read IP mode file for STMicroelectronics.FP-SNS-FLIGHT1.5.0.2
2024-12-04 10:54:37,818 [WARN] PackLoader:240 - Cannot read IP mode file for STMicroelectronics.X-CUBE-DISPLAY.3.0.0
2024-12-04 10:54:37,832 [WARN] PackLoader:240 - Cannot read IP mode file for STMicroelectronics.X-CUBE-BLE1.7.0.0
2024-12-04 10:54:37,841 [WARN] PackLoader:240 - Cannot read IP mode file for STMicroelectronics.X-CUBE-NFC10.1.0.0
2024-12-04 10:54:37,857 [WARN] PackLoader:240 - Cannot read IP mode file for emotas.I-CUBE-CANOPEN.1.3.0
2024-12-04 10:54:37,871 [WARN] PackLoader:240 - Cannot read IP mode file for STMicroelectronics.X-CUBE-BLEMGR.3.1.0
2024-12-04 10:54:37,882 [WARN] PackLoader:240 - Cannot read IP mode file for STMicroelectronics.FP-SNS-SMARTAG2.1.2.0
2024-12-04 10:54:37,901 [INFO] LogOutputStream:77 - [STDOUT_REDIRECT] 1 : Invalid condition id : UX_CORESTACK_Condition cause : null
2024-12-04 10:54:37,903 [INFO] LogOutputStream:77 - [STDOUT_REDIRECT] 1 : Invalid condition id : UX_CORESTACK_Condition cause : null
2024-12-04 10:54:37,905 [INFO] LogOutputStream:77 - [STDOUT_REDIRECT] 1 : Invalid condition id : UX_CORESTACK_Condition cause : null
2024-12-04 10:54:37,907 [INFO] LogOutputStream:77 - [STDOUT_REDIRECT] 1 : Invalid condition id : UX_CORESTACK_Condition cause : null
2024-12-04 10:54:37,908 [INFO] LogOutputStream:77 - [STDOUT_REDIRECT] 1 : Invalid condition id : UX_CORESTACK_Condition cause : null
2024-12-04 10:54:37,912 [WARN] PackLoader:240 - Cannot read IP mode file for STMicroelectronics.X-CUBE-AZRTOS-WL.2.0.0
2024-12-04 10:54:37,923 [WARN] PackLoader:240 - Cannot read IP mode file for STMicroelectronics.FP-SNS-MOTENV1.5.0.0
2024-12-04 10:54:37,944 [WARN] PackLoader:240 - Cannot read IP mode file for wolfSSL.I-CUBE-wolfMQTT.1.19.0
2024-12-04 10:54:37,957 [WARN] PackLoader:240 - Cannot read IP mode file for STMicroelectronics.X-CUBE-BLE2.3.3.0
2024-12-04 10:54:37,973 [WARN] PackLoader:240 - Cannot read IP mode file for STMicroelectronics.X-CUBE-NFC9.1.0.0
2024-12-04 10:54:37,992 [WARN] PackLoader:240 - Cannot read IP mode file for STMicroelectronics.X-CUBE-TCPP.4.1.0
2024-12-04 10:54:38,022 [WARN] PackLoader:240 - Cannot read IP mode file for STMicroelectronics.X-CUBE-AZRTOS-G0.1.1.0
2024-12-04 10:54:38,037 [WARN] PackLoader:240 - Cannot read IP mode file for STMicroelectronics.X-CUBE-SAFEA1.1.2.2
2024-12-04 10:54:38,048 [WARN] PackLoader:240 - Cannot read IP mode file for STMicroelectronics.X-CUBE-NFC4.3.0.0
2024-12-04 10:54:38,066 [WARN] PackLoader:240 - Cannot read IP mode file for EmbeddedOffice.I-CUBE-FS-RTOS.1.0.1
2024-12-04 10:54:38,066 [ERROR] ConditionMgr:805 - Attr not supported : Dmpu
2024-12-04 10:54:38,066 [ERROR] ConditionMgr:805 - Attr not supported : Dmpu
2024-12-04 10:54:38,067 [ERROR] ConditionMgr:805 - Attr not supported : Dmpu
2024-12-04 10:54:38,067 [ERROR] ConditionMgr:805 - Attr not supported : Dmpu
2024-12-04 10:54:38,067 [ERROR] ConditionMgr:805 - Attr not supported : Dmpu
2024-12-04 10:54:38,067 [ERROR] ConditionMgr:805 - Attr not supported : Dmpu
2024-12-04 10:54:38,067 [ERROR] ConditionMgr:805 - Attr not supported : Dmpu
2024-12-04 10:54:38,067 [ERROR] ConditionMgr:805 - Attr not supported : Dmpu
2024-12-04 10:54:38,067 [ERROR] ConditionMgr:805 - Attr not supported : Dmpu
2024-12-04 10:54:38,067 [ERROR] ConditionMgr:805 - Attr not supported : Dmpu
2024-12-04 10:54:38,067 [ERROR] ConditionMgr:805 - Attr not supported : Dmpu
2024-12-04 10:54:38,067 [ERROR] ConditionMgr:805 - Attr not supported : Dmpu
2024-12-04 10:54:38,067 [ERROR] ConditionMgr:805 - Attr not supported : Dmpu
2024-12-04 10:54:38,067 [ERROR] ConditionMgr:805 - Attr not supported : Dmpu
2024-12-04 10:54:38,067 [ERROR] ConditionMgr:805 - Attr not supported : Dmpu
2024-12-04 10:54:38,067 [ERROR] ConditionMgr:805 - Attr not supported : Dmpu
2024-12-04 10:54:38,068 [ERROR] ConditionMgr:805 - Attr not supported : Dmpu
2024-12-04 10:54:38,068 [ERROR] ConditionMgr:805 - Attr not supported : Dmpu
2024-12-04 10:54:38,068 [ERROR] ConditionMgr:805 - Attr not supported : Dmpu
2024-12-04 10:54:38,068 [ERROR] ConditionMgr:805 - Attr not supported : Dmpu
2024-12-04 10:54:38,068 [ERROR] ConditionMgr:805 - Attr not supported : Dmpu
2024-12-04 10:54:38,068 [ERROR] ConditionMgr:805 - Attr not supported : Dmpu
2024-12-04 10:54:38,068 [ERROR] ConditionMgr:805 - Attr not supported : Dmpu
2024-12-04 10:54:38,068 [ERROR] ConditionMgr:805 - Attr not supported : Dmpu
2024-12-04 10:54:38,068 [ERROR] ConditionMgr:805 - Attr not supported : Dmpu
2024-12-04 10:54:38,068 [ERROR] ConditionMgr:805 - Attr not supported : Dmpu
2024-12-04 10:54:38,068 [ERROR] ConditionMgr:805 - Attr not supported : Dmpu
2024-12-04 10:54:38,068 [ERROR] ConditionMgr:805 - Attr not supported : Dmpu
2024-12-04 10:54:38,068 [ERROR] ConditionMgr:805 - Attr not supported : Dmpu
2024-12-04 10:54:38,068 [ERROR] ConditionMgr:805 - Attr not supported : Dmpu
2024-12-04 10:54:38,068 [ERROR] ConditionMgr:805 - Attr not supported : Dmpu
2024-12-04 10:54:38,068 [ERROR] ConditionMgr:805 - Attr not supported : Dmpu
2024-12-04 10:54:38,068 [ERROR] ConditionMgr:805 - Attr not supported : Dmpu
2024-12-04 10:54:38,068 [ERROR] ConditionMgr:805 - Attr not supported : Dmpu
2024-12-04 10:54:38,068 [ERROR] ConditionMgr:805 - Attr not supported : Dmpu
2024-12-04 10:54:38,069 [ERROR] ConditionMgr:805 - Attr not supported : Dmpu
2024-12-04 10:54:38,069 [ERROR] ConditionMgr:805 - Attr not supported : Dmpu
2024-12-04 10:54:38,069 [ERROR] ConditionMgr:805 - Attr not supported : Dmpu
2024-12-04 10:54:38,069 [ERROR] ConditionMgr:805 - Attr not supported : Dmpu
2024-12-04 10:54:38,069 [ERROR] ConditionMgr:805 - Attr not supported : Dmpu
2024-12-04 10:54:38,070 [ERROR] ConditionMgr:805 - Attr not supported : Dmpu
2024-12-04 10:54:38,070 [ERROR] ConditionMgr:805 - Attr not supported : Dmpu
2024-12-04 10:54:38,070 [ERROR] ConditionMgr:805 - Attr not supported : Dmpu
2024-12-04 10:54:38,071 [ERROR] ConditionMgr:805 - Attr not supported : Dmpu
2024-12-04 10:54:38,071 [ERROR] ConditionMgr:805 - Attr not supported : Dmpu
2024-12-04 10:54:38,072 [ERROR] ConditionMgr:805 - Attr not supported : Dmpu
2024-12-04 10:54:38,072 [ERROR] ConditionMgr:805 - Attr not supported : Dmpu
2024-12-04 10:54:38,072 [ERROR] ConditionMgr:805 - Attr not supported : Dmpu
2024-12-04 10:54:38,072 [ERROR] ConditionMgr:805 - Attr not supported : Dmpu
2024-12-04 10:54:38,072 [ERROR] ConditionMgr:805 - Attr not supported : Dmpu
2024-12-04 10:54:38,072 [ERROR] ConditionMgr:805 - Attr not supported : Dmpu
2024-12-04 10:54:38,072 [ERROR] ConditionMgr:805 - Attr not supported : Dmpu
2024-12-04 10:54:38,072 [ERROR] ConditionMgr:805 - Attr not supported : Dmpu
2024-12-04 10:54:38,073 [ERROR] ConditionMgr:805 - Attr not supported : Dmpu
2024-12-04 10:54:38,073 [ERROR] ConditionMgr:805 - Attr not supported : Dmpu
2024-12-04 10:54:38,073 [ERROR] ConditionMgr:805 - Attr not supported : Dmpu
2024-12-04 10:54:38,073 [ERROR] ConditionMgr:805 - Attr not supported : Dmpu
2024-12-04 10:54:38,073 [ERROR] ConditionMgr:805 - Attr not supported : Dmpu
2024-12-04 10:54:38,073 [ERROR] ConditionMgr:805 - Attr not supported : Dmpu
2024-12-04 10:54:38,073 [ERROR] ConditionMgr:805 - Attr not supported : Dmpu
2024-12-04 10:54:38,073 [ERROR] ConditionMgr:805 - Attr not supported : Dmpu
2024-12-04 10:54:38,073 [ERROR] ConditionMgr:805 - Attr not supported : Dmpu
2024-12-04 10:54:38,073 [ERROR] ConditionMgr:805 - Attr not supported : Dmpu
2024-12-04 10:54:38,073 [ERROR] ConditionMgr:805 - Attr not supported : Dmpu
2024-12-04 10:54:38,084 [WARN] PackLoader:240 - Cannot read IP mode file for RealThread.X-CUBE-RT-Thread_Nano.4.1.1
2024-12-04 10:54:38,094 [WARN] PackLoader:240 - Cannot read IP mode file for STMicroelectronics.FP-ATR-SIGFOX1.3.2.0
2024-12-04 10:54:38,103 [WARN] PackLoader:240 - Cannot read IP mode file for wolfSSL.I-CUBE-wolfSSL.5.7.2
2024-12-04 10:54:38,114 [WARN] ConditionMgr:438 - getConditionDescription Invalid condition id : Cortex-A Device cause : null
2024-12-04 10:54:38,139 [WARN] ConditionMgr:1039 - genDependencies : Invalid condition id : Cortex-A Device cause : null
2024-12-04 10:54:38,139 [WARN] ConditionMgr:1039 - genDependencies : Invalid condition id : Cortex-A Device cause : null
2024-12-04 10:54:38,139 [WARN] ConditionMgr:1039 - genDependencies : Invalid condition id : Cortex-A Device cause : null
2024-12-04 10:54:38,154 [WARN] PackLoader:240 - Cannot read IP mode file for STMicroelectronics.X-CUBE-EEPRMA1.5.1.0
2024-12-04 10:54:38,172 [WARN] PackLoader:240 - Cannot read IP mode file for ITTIA_DB.I-CUBE-ITTIADB.8.9.0
2024-12-04 10:54:38,229 [WARN] PackLoader:240 - Cannot read IP mode file for SEGGER.I-CUBE-embOS.1.3.1
2024-12-04 10:54:38,285 [WARN] PackLoader:240 - Cannot read IP mode file for STMicroelectronics.X-CUBE-ALGOBUILD.1.4.0
2024-12-04 10:54:38,295 [WARN] PackLoader:240 - Cannot read IP mode file for STMicroelectronics.X-CUBE-AI.9.1.0
2024-12-04 10:54:38,318 [WARN] PackLoader:240 - Cannot read IP mode file for STMicroelectronics.X-CUBE-AZRTOS-F4.1.1.0
2024-12-04 10:54:38,332 [WARN] PackLoader:240 - Cannot read IP mode file for STMicroelectronics.X-CUBE-ISPU.2.1.0
2024-12-04 10:54:38,343 [WARN] PackLoader:240 - Cannot read IP mode file for STMicroelectronics.X-CUBE-FREERTOS.1.2.0
2024-12-04 10:54:38,372 [WARN] PackLoader:240 - Cannot read IP mode file for STMicroelectronics.X-CUBE-AZRTOS-L5.2.0.0
2024-12-04 10:54:38,389 [WARN] PackLoader:240 - Cannot read IP mode file for STMicroelectronics.X-CUBE-NFC6.3.1.0
2024-12-04 10:54:38,407 [WARN] PackLoader:240 - Cannot read IP mode file for STMicroelectronics.X-CUBE-DPower.1.2.0
2024-12-04 10:54:38,414 [WARN] PackLoader:240 - Cannot read IP mode file for STMicroelectronics.X-CUBE-AI.9.0.0
2024-12-04 10:54:38,423 [WARN] PackLoader:240 - Cannot read IP mode file for STMicroelectronics.X-CUBE-NFC7.1.0.1
2024-12-04 10:54:38,443 [WARN] ConditionMgr:438 - getConditionDescription Invalid condition id : LAN8742 Phy interface Condition cause : null
2024-12-04 10:54:38,444 [WARN] PackLoader:240 - Cannot read IP mode file for STMicroelectronics.X-CUBE-AZRTOS-L4.2.0.0
2024-12-04 10:54:38,445 [WARN] ConditionMgr:1039 - genDependencies : Invalid condition id : LAN8742 Phy interface Condition cause : null
2024-12-04 10:54:38,446 [WARN] ConditionMgr:1039 - genDependencies : Invalid condition id : LAN8742 Phy interface Condition cause : null
2024-12-04 10:54:38,446 [WARN] ConditionMgr:1039 - genDependencies : Invalid condition id : LAN8742 Phy interface Condition cause : null
2024-12-04 10:54:38,458 [WARN] PackLoader:240 - Cannot read IP mode file for STMicroelectronics.X-CUBE-SFXS2LP1.4.0.0
2024-12-04 10:54:38,483 [WARN] PackLoader:240 - Cannot read IP mode file for STMicroelectronics.X-CUBE-AZRTOS-H7.3.3.0
2024-12-04 10:54:38,505 [WARN] PackLoader:240 - Cannot read IP mode file for STMicroelectronics.X-CUBE-IPS.3.0.0
2024-12-04 10:54:38,521 [WARN] ConditionMgr:438 - getConditionDescription Invalid condition id : UX DEVICE CLASS RTOS Condition cause : null
2024-12-04 10:54:38,521 [WARN] ConditionMgr:438 - getConditionDescription Invalid condition id : UX DEVICE CLASS RTOS Condition cause : null
2024-12-04 10:54:38,523 [WARN] PackLoader:240 - Cannot read IP mode file for STMicroelectronics.X-CUBE-AZRTOS-WB.2.0.0
2024-12-04 10:54:38,524 [WARN] ConditionMgr:1039 - genDependencies : Invalid condition id : UX DEVICE CLASS RTOS Condition cause : null
2024-12-04 10:54:38,524 [WARN] ConditionMgr:1039 - genDependencies : Invalid condition id : UX DEVICE CLASS RTOS Condition cause : null
2024-12-04 10:54:38,524 [WARN] ConditionMgr:1039 - genDependencies : Invalid condition id : UX DEVICE CLASS RTOS Condition cause : null
2024-12-04 10:54:38,524 [WARN] ConditionMgr:1039 - genDependencies : Invalid condition id : UX DEVICE CLASS RTOS Condition cause : null
2024-12-04 10:54:38,524 [WARN] ConditionMgr:1039 - genDependencies : Invalid condition id : UX DEVICE CLASS RTOS Condition cause : null
2024-12-04 10:54:38,533 [WARN] PackLoader:240 - Cannot read IP mode file for STMicroelectronics.X-CUBE-GNSS1.7.0.0
2024-12-04 10:54:38,544 [WARN] PackLoader:240 - Cannot read IP mode file for STMicroelectronics.FP-SNS-STBOX1.2.0.0
2024-12-04 10:54:38,561 [WARN] PackLoader:240 - Cannot read IP mode file for STMicroelectronics.X-CUBE-SUBG2.5.0.0
2024-12-04 10:54:38,576 [WARN] PackLoader:240 - Cannot read IP mode file for Cesanta.I-CUBE-Mongoose.7.13.0
2024-12-04 10:54:38,593 [WARN] PackLoader:240 - Cannot read IP mode file for STMicroelectronics.X-CUBE-AZRTOS-G4.2.0.0
2024-12-04 10:54:38,599 [WARN] PackLoader:240 - Cannot read IP mode file for STMicroelectronics.X-CUBE-ISPU.2.0.0
2024-12-04 10:54:38,606 [WARN] PackLoader:240 - Cannot read IP mode file for STMicroelectronics.X-CUBE-ALS.1.0.2
2024-12-04 10:54:38,618 [WARN] PackLoader:240 - Cannot read IP mode file for STMicroelectronics.X-CUBE-TOUCHGFX.4.24.0
2024-12-04 10:54:38,622 [WARN] PackLoader:240 - Cannot read IP mode file for STMicroelectronics.X-CUBE-TOUCHGFX.4.24.1
2024-12-04 10:54:38,628 [WARN] PackLoader:240 - Cannot read IP mode file for wolfSSL.I-CUBE-wolfTPM.3.4.0
2024-12-04 10:54:38,637 [WARN] PackLoader:240 - Cannot read IP mode file for portGmbH.I-Cube-SoM-uGOAL.1.1.0
2024-12-04 10:54:38,656 [WARN] PackLoader:240 - Cannot read IP mode file for STMicroelectronics.X-CUBE-AZRTOS-H7RS.1.0.0
2024-12-04 10:54:38,662 [WARN] PackLoader:240 - Cannot read IP mode file for STMicroelectronics.FP-ATR-ASTRA1.2.0.0
2024-12-04 10:54:38,675 [WARN] PackLoader:240 - Cannot read IP mode file for STMicroelectronics.X-CUBE-TOF1.3.4.2
2024-12-04 10:54:38,708 [WARN] PackLoader:240 - Cannot read IP mode file for Infineon.AIROC-Wi-Fi-Bluetooth-STM32.1.6.1
2024-12-04 10:54:38,719 [WARN] PackLoader:240 - Cannot read IP mode file for wolfSSL.I-CUBE-wolfSSH.1.4.17
2024-12-04 10:54:38,720 [INFO] ThirdParty:978 - Integrity check success = true
2024-12-04 10:54:38,720 [INFO] IntegrityCheckThread:100 - exiting critical section [integrity check]
2024-12-04 10:54:38,720 [INFO] IntegrityCheckThread:103 - End integrity checks thread
2024-12-04 11:20:15,640 [ERROR] LogOutputStream:75 - [STDERR_REDIRECT] 
2024-12-04 11:20:15,641 [ERROR] LogOutputStream:75 - [STDERR_REDIRECT] 
