2024-11-14 10:13:46,825 [INFO] MainUpdater:2873 - connection check result : 10
2024-11-14 10:13:46,967 [INFO] McuFinderGlobals:76 - Set McuFinderConnectedMode to true
2024-11-14 10:13:46,974 [INFO] MultiScanPanel:200 - Auto-refresh data requested => check proxy status ongoing
2024-11-14 10:13:46,977 [INFO] FinderPluginLoader:95 - Searching for filters in installed packs
2024-11-14 10:13:47,974 [INFO] LoadUrlFilesThread:185 - End of LoadServerUrlFiles without Thread
2024-11-14 10:13:48,047 [INFO] DetailPanel:341 - Set advertising image to C:/Users/Wells/STM32Cube/Repository/\en.prom-stm32c071-usb-memories-mcu-finder.png
2024-11-14 10:14:51,141 [INFO] MainUpdater:2873 - connection check result : 10
2024-11-14 10:14:51,141 [INFO] MainUpdater:2873 - connection check result : 10
2024-11-14 10:14:51,156 [INFO] MicroXplorer:468 - Change Database Path : 
2024-11-14 10:14:51,156 [INFO] MicroXplorer:498 - Change Database Version : DB.6.0.121
2024-11-14 10:14:51,164 [ERROR] ProjectManagerView:394 - 
java.lang.NullPointerException: Cannot invoke "javax.swing.JTextField.getText()" because the return value of "java.util.List.get(int)" is null
	at com.st.microxplorer.plugins.projectmanager.gui.ProjectChoiceTab$10.caretUpdate(ProjectChoiceTab.java:2622) ~[filemanager.jar:?]
	at javax.swing.text.JTextComponent.fireCaretUpdate(JTextComponent.java:412) ~[?:?]
	at javax.swing.text.JTextComponent$MutableCaretEvent.fire(JTextComponent.java:4491) ~[?:?]
	at javax.swing.text.JTextComponent$MutableCaretEvent.stateChanged(JTextComponent.java:4513) ~[?:?]
	at javax.swing.text.DefaultCaret.fireStateChanged(DefaultCaret.java:842) ~[?:?]
	at javax.swing.text.DefaultCaret.changeCaretPosition(DefaultCaret.java:1313) ~[?:?]
	at javax.swing.text.DefaultCaret.handleSetDot(DefaultCaret.java:1212) ~[?:?]
	at javax.swing.text.DefaultCaret.setDot(DefaultCaret.java:1193) ~[?:?]
	at javax.swing.text.DefaultCaret$Handler.insertUpdate(DefaultCaret.java:1789) ~[?:?]
	at javax.swing.text.AbstractDocument.fireInsertUpdate(AbstractDocument.java:226) ~[?:?]
	at javax.swing.text.AbstractDocument.handleInsertString(AbstractDocument.java:780) ~[?:?]
	at javax.swing.text.AbstractDocument.insertString(AbstractDocument.java:739) ~[?:?]
	at javax.swing.text.PlainDocument.insertString(PlainDocument.java:131) ~[?:?]
	at javax.swing.text.AbstractDocument.replace(AbstractDocument.java:698) ~[?:?]
	at javax.swing.text.JTextComponent.setText(JTextComponent.java:1729) ~[?:?]
	at com.st.microxplorer.plugins.projectmanager.gui.ProjectChoiceTab.createHeapStackFields(ProjectChoiceTab.java:972) ~[filemanager.jar:?]
	at com.st.microxplorer.plugins.projectmanager.gui.ProjectChoiceTab.buildLinkSettingsPanel(ProjectChoiceTab.java:3597) ~[filemanager.jar:?]
	at com.st.microxplorer.plugins.projectmanager.gui.ProjectChoiceTab.defineWindowsFields(ProjectChoiceTab.java:1940) ~[filemanager.jar:?]
	at com.st.microxplorer.plugins.projectmanager.gui.ProjectChoiceTab.updateSettings(ProjectChoiceTab.java:550) ~[filemanager.jar:?]
	at com.st.microxplorer.plugins.projectmanager.gui.ProjectSettingsPanel.UpdateDialog(ProjectSettingsPanel.java:245) ~[filemanager.jar:?]
	at com.st.microxplorer.plugins.projectmanager.ProjectManagerView.propertyChange(ProjectManagerView.java:391) ~[filemanager.jar:?]
	at java.beans.PropertyChangeSupport.fire(PropertyChangeSupport.java:343) ~[?:?]
	at java.beans.PropertyChangeSupport.firePropertyChange(PropertyChangeSupport.java:335) ~[?:?]
	at java.beans.PropertyChangeSupport.firePropertyChange(PropertyChangeSupport.java:268) ~[?:?]
	at com.st.microxplorer.util.MXPropertyChangeSupport.firePropertyChange(MXPropertyChangeSupport.java:54) ~[STM32CubeMX.jar:?]
	at com.st.microxplorer.mxsystem.MxSystem.closeConfig(MxSystem.java:900) ~[STM32CubeMX.jar:?]
	at com.st.microxplorer.maingui.MainPanel.closeConfig(MainPanel.java:781) ~[STM32CubeMX.jar:?]
	at com.st.microxplorer.plugins.filemanager.engine.OpenFileManager.loadConfigurationFile(OpenFileManager.java:265) ~[filemanager.jar:?]
	at com.st.microxplorer.plugins.filemanager.engine.MainFileManager.userLoadConfig(MainFileManager.java:352) ~[filemanager.jar:?]
	at com.st.microxplorer.plugins.filemanager.engine.MainFileManager.userLoadConfig(MainFileManager.java:330) ~[filemanager.jar:?]
	at com.st.microxplorer.plugins.filemanager.FileManagerView.getSpecificTask(FileManagerView.java:246) ~[filemanager.jar:?]
	at com.st.stm32cube.common.mx.editor.CubeMxEditor.getMxTabbedPaneInstance(CubeMxEditor.java:1198) ~[com.st.stm32cube.common.mx_6.12.1.202409122256/:?]
	at com.st.stm32cube.common.mx.editor.CubeMxEditor$12$1.createSwingComponent(CubeMxEditor.java:1068) ~[com.st.stm32cube.common.mx_6.12.1.202409122256/:?]
	at com.st.stm32cube.common.mx.oss.core.awtswtbridge.EmbeddedSwingComposite.doComponentCreation(EmbeddedSwingComposite.java:492) ~[com.st.stm32cube.common.mx.oss_6.12.1.202409122256/:?]
	at com.st.stm32cube.common.mx.oss.core.awtswtbridge.EmbeddedSwingComposite$4.run(EmbeddedSwingComposite.java:291) ~[com.st.stm32cube.common.mx.oss_6.12.1.202409122256/:?]
	at com.st.stm32cube.common.mx.oss.core.awtswtbridge.AwtEnvironment$2.run(AwtEnvironment.java:166) ~[com.st.stm32cube.common.mx.oss_6.12.1.202409122256/:?]
	at java.awt.event.InvocationEvent.dispatch(InvocationEvent.java:318) ~[?:?]
	at java.awt.EventQueue.dispatchEventImpl(EventQueue.java:773) ~[?:?]
	at java.awt.EventQueue$4.run(EventQueue.java:720) ~[?:?]
	at java.awt.EventQueue$4.run(EventQueue.java:714) ~[?:?]
	at java.security.AccessController.doPrivileged(AccessController.java:399) ~[?:?]
	at java.security.ProtectionDomain$JavaSecurityAccessImpl.doIntersectionPrivilege(ProtectionDomain.java:86) ~[?:?]
	at java.awt.EventQueue.dispatchEvent(EventQueue.java:742) ~[?:?]
	at java.awt.EventDispatchThread.pumpOneEventForFilters(EventDispatchThread.java:203) ~[?:?]
	at java.awt.EventDispatchThread.pumpEventsForFilter(EventDispatchThread.java:124) ~[?:?]
	at java.awt.EventDispatchThread.pumpEventsForHierarchy(EventDispatchThread.java:113) ~[?:?]
	at java.awt.EventDispatchThread.pumpEvents(EventDispatchThread.java:109) ~[?:?]
	at java.awt.EventDispatchThread.pumpEvents(EventDispatchThread.java:101) ~[?:?]
	at java.awt.EventDispatchThread.run(EventDispatchThread.java:90) ~[?:?]
2024-11-14 10:14:51,171 [WARN] ThirdParty:871 - waiting for thirdparty lock release [close project]
2024-11-14 10:14:51,171 [INFO] ThirdParty:873 - entering critical section [close project]
2024-11-14 10:14:51,171 [INFO] ThirdParty:883 - exiting critical section [close project]
2024-11-14 10:14:51,173 [INFO] PinOutPanel:1561 - setPackage(No Configuration,No Configuration)
2024-11-14 10:14:51,181 [INFO] UtilMem:75 - Begin LoadConfig() Used Memory: 586372096 Bytes (847249408)
2024-11-14 10:14:51,182 [INFO] MicroXplorer:468 - Change Database Path : 
2024-11-14 10:14:51,182 [INFO] MicroXplorer:498 - Change Database Version : DB.6.0.121
2024-11-14 10:14:51,182 [INFO] OpenFileManager:332 - Change cursor
2024-11-14 10:14:51,197 [INFO] RulesReader:64 - Compatibility file has been processed (297 Rules)
2024-11-14 10:14:51,253 [INFO] Mcu:2032 - Initializing MCU STM32F103RCTx STM32F103RCTx STM32F103RCT6
2024-11-14 10:14:51,747 [INFO] Context:742 - Trying to add GPIOservice into a context  which must be forbidden
2024-11-14 10:14:51,855 [INFO] ImportTextPane:205 - (OptionalMessage_ERROR) Unable to find key (Mcu.ThirdPartyNb) in loaded IOC file
2024-11-14 10:14:51,855 [INFO] ImportTextPane:205 - (OptionalMessage_ERROR) Unable to find key (Mcu.PinsNb) in loaded IOC file
2024-11-14 10:14:51,855 [INFO] ImportTextPane:205 - (OptionalMessage_ERROR) Unable to find key (Mcu.IPNb) in loaded IOC file
2024-11-14 10:14:51,908 [INFO] RtosManager:555 - Registered RTOS mode: class=CMSIS, group=RTOS, mode=CMSIS_V1, owner=FREERTOS
2024-11-14 10:14:51,908 [INFO] RtosManager:555 - Registered RTOS mode: class=CMSIS, group=RTOS2, mode=CMSIS_V2, owner=FREERTOS
2024-11-14 10:14:51,909 [INFO] RtosManager:555 - Registered RTOS mode: class=RTOS, group=Core, mode=CMSIS_V1, owner=FREERTOS
2024-11-14 10:14:51,909 [INFO] RtosManager:555 - Registered RTOS mode: class=RTOS, group=Core, mode=CMSIS_V2, owner=FREERTOS
2024-11-14 10:14:51,909 [WARN] ModelIntegratedComponent:184 - Missing modes for component STMicroelectronics:FreeRTOS:0.0.1:STMicroelectronics:RTOS:FreeRTOS:Core:::10.2.0:
2024-11-14 10:14:51,916 [WARN] ModelIntegratedComponent:63 - No mode defined for component null
2024-11-14 10:14:51,916 [WARN] ModelIntegratedComponent:63 - No mode defined for component null
2024-11-14 10:14:51,916 [WARN] ModelIntegratedComponent:63 - No mode defined for component null
2024-11-14 10:14:51,916 [WARN] ModelIntegratedComponent:63 - No mode defined for component null
2024-11-14 10:14:51,916 [WARN] ModelIntegratedComponent:63 - No mode defined for component null
2024-11-14 10:14:51,916 [WARN] ModelIntegratedComponent:63 - No mode defined for component null
2024-11-14 10:14:51,916 [WARN] ModelIntegratedComponent:63 - No mode defined for component null
2024-11-14 10:14:51,916 [WARN] ModelIntegratedComponent:63 - No mode defined for component null
2024-11-14 10:14:51,916 [WARN] ModelIntegratedComponent:63 - No mode defined for component null
2024-11-14 10:14:51,916 [WARN] ModelIntegratedComponent:63 - No mode defined for component null
2024-11-14 10:14:51,916 [WARN] ModelIntegratedComponent:63 - No mode defined for component null
2024-11-14 10:14:51,916 [WARN] ModelIntegratedComponent:63 - No mode defined for component null
2024-11-14 10:14:51,916 [WARN] ModelIntegratedComponent:63 - No mode defined for component null
2024-11-14 10:14:51,916 [WARN] ModelIntegratedComponent:63 - No mode defined for component null
2024-11-14 10:14:51,916 [WARN] ModelIntegratedComponent:63 - No mode defined for component null
2024-11-14 10:14:51,916 [WARN] ModelIntegratedComponent:63 - No mode defined for component null
2024-11-14 10:14:51,916 [WARN] ModelIntegratedComponent:63 - No mode defined for component null
2024-11-14 10:14:51,916 [WARN] ModelIntegratedComponent:63 - No mode defined for component null
2024-11-14 10:14:51,916 [WARN] ModelIntegratedComponent:63 - No mode defined for component null
2024-11-14 10:14:51,916 [WARN] ModelIntegratedComponent:63 - No mode defined for component null
2024-11-14 10:14:51,916 [WARN] ModelIntegratedComponent:63 - No mode defined for component null
2024-11-14 10:14:51,916 [WARN] ModelIntegratedComponent:63 - No mode defined for component null
2024-11-14 10:14:51,916 [WARN] ModelIntegratedComponent:63 - No mode defined for component null
2024-11-14 10:14:51,916 [WARN] ModelIntegratedComponent:63 - No mode defined for component null
2024-11-14 10:14:51,916 [WARN] ModelIntegratedComponent:63 - No mode defined for component null
2024-11-14 10:14:51,916 [WARN] ModelIntegratedComponent:63 - No mode defined for component null
2024-11-14 10:14:51,916 [WARN] ModelIntegratedComponent:63 - No mode defined for component null
2024-11-14 10:14:51,916 [WARN] ModelIntegratedComponent:63 - No mode defined for component null
2024-11-14 10:14:51,916 [WARN] ModelIntegratedComponent:63 - No mode defined for component null
2024-11-14 10:14:51,916 [WARN] ModelIntegratedComponent:63 - No mode defined for component null
2024-11-14 10:14:51,916 [WARN] ModelIntegratedComponent:63 - No mode defined for component null
2024-11-14 10:14:51,916 [WARN] ModelIntegratedComponent:63 - No mode defined for component null
2024-11-14 10:14:51,916 [WARN] ModelIntegratedComponent:63 - No mode defined for component null
2024-11-14 10:14:51,916 [WARN] ModelIntegratedComponent:63 - No mode defined for component null
2024-11-14 10:14:51,917 [WARN] ModelIntegratedComponent:63 - No mode defined for component null
2024-11-14 10:14:51,917 [WARN] ModelPack:524 - Component already loaded: STMicroelectronics:HAL Drivers:0.0.0:STMicroelectronics:Device:STMicro_Driver:XSPI:HAL::0.0.1:HAL_XSPI
2024-11-14 10:14:51,930 [INFO] ThirdPartyModel:298 - Start build external matchings
2024-11-14 10:14:52,114 [INFO] ThirdPartyModel:316 - End build external matchings
2024-11-14 10:14:52,253 [INFO] UtilMem:75 - End LoadConfig() Used Memory: 331039560 Bytes (847249408)
2024-11-14 10:14:52,274 [WARN] ThirdParty:833 - waiting for thirdparty lock release [change project]
2024-11-14 10:14:52,275 [INFO] ThirdParty:835 - entering critical section [change project]
2024-11-14 10:14:52,275 [INFO] ThirdParty:1030 - CMSIS Pack Vendor :STMicroelectronics USBPD 4.1
2024-11-14 10:14:52,275 [INFO] ThirdParty:1030 - CMSIS Pack Vendor :STMicroelectronics X-CUBE-AZRTOS-H7 3.3.0
2024-11-14 10:14:52,275 [INFO] ThirdParty:1030 - CMSIS Pack Vendor :STMicroelectronics X-CUBE-NFC9 1.0.0
2024-11-14 10:14:52,275 [INFO] ThirdParty:1030 - CMSIS Pack Vendor :STMicroelectronics USB_HOST 2.0.0
2024-11-14 10:14:52,275 [INFO] ThirdParty:1030 - CMSIS Pack Vendor :STMicroelectronics FP-SNS-MOTENVWB1 1.4.0
2024-11-14 10:14:52,275 [INFO] ThirdParty:1030 - CMSIS Pack Vendor :STMicroelectronics X-CUBE-AZRTOS-F4 1.1.0
2024-11-14 10:14:52,275 [INFO] ThirdParty:1030 - CMSIS Pack Vendor :STMicroelectronics LIBJPEG 8.0.0
2024-11-14 10:14:52,275 [INFO] ThirdParty:1030 - CMSIS Pack Vendor :STMicroelectronics X-CUBE-SMBUS 2.1.0
2024-11-14 10:14:52,275 [INFO] ThirdParty:1030 - CMSIS Pack Vendor :STMicroelectronics X-CUBE-WB05N 1.1.0
2024-11-14 10:14:52,275 [INFO] ThirdParty:1030 - CMSIS Pack Vendor :STMicroelectronics USB_DEVICE 3.0.0
2024-11-14 10:14:52,275 [INFO] ThirdParty:1030 - CMSIS Pack Vendor :STMicroelectronics X-CUBE-TCPP 4.1.0
2024-11-14 10:14:52,275 [INFO] ThirdParty:1030 - CMSIS Pack Vendor :STMicroelectronics X-CUBE-ISPU 2.1.0
2024-11-14 10:14:52,275 [INFO] ThirdParty:1030 - CMSIS Pack Vendor :STMicroelectronics X-CUBE-FREERTOS 1.2.0
2024-11-14 10:14:52,275 [INFO] ThirdParty:1030 - CMSIS Pack Vendor :STMicroelectronics X-CUBE-IPS 3.0.0
2024-11-14 10:14:52,275 [INFO] ThirdParty:1030 - CMSIS Pack Vendor :STMicroelectronics X-CUBE-AZRTOS-WB 2.0.0
2024-11-14 10:14:52,275 [INFO] ThirdParty:1030 - CMSIS Pack Vendor :STMicroelectronics X-CUBE-GNSS1 7.0.0
2024-11-14 10:14:52,275 [INFO] ThirdParty:1030 - CMSIS Pack Vendor :STMicroelectronics X-CUBE-AZRTOS-F7 1.1.0
2024-11-14 10:14:52,275 [INFO] ThirdParty:1030 - CMSIS Pack Vendor :STMicroelectronics X-CUBE-AZRTOS-L5 2.0.0
2024-11-14 10:14:52,275 [INFO] ThirdParty:1030 - CMSIS Pack Vendor :STMicroelectronics USB_DEVICE 2.0.0
2024-11-14 10:14:52,275 [INFO] ThirdParty:1030 - CMSIS Pack Vendor :STMicroelectronics X-CUBE-NFC6 3.1.0
2024-11-14 10:14:52,275 [INFO] ThirdParty:1030 - CMSIS Pack Vendor :STMicroelectronics FP-SNS-STBOX1 2.0.0
2024-11-14 10:14:52,275 [INFO] ThirdParty:1030 - CMSIS Pack Vendor :STMicroelectronics X-CUBE-MEMS1 11.0.0
2024-11-14 10:14:52,275 [INFO] ThirdParty:1030 - CMSIS Pack Vendor :STMicroelectronics FreeRTOS 0.0.1
2024-11-14 10:14:52,275 [INFO] ThirdParty:1030 - CMSIS Pack Vendor :STMicroelectronics X-CUBE-AZRTOS-G0 1.1.0
2024-11-14 10:14:52,275 [INFO] ThirdParty:1030 - CMSIS Pack Vendor :STMicroelectronics X-CUBE-SAFEA1 1.2.2
2024-11-14 10:14:52,275 [INFO] ThirdParty:1030 - CMSIS Pack Vendor :STMicroelectronics X-CUBE-NFC4 3.0.0
2024-11-14 10:14:52,275 [INFO] ThirdParty:1030 - CMSIS Pack Vendor :STMicroelectronics X-CUBE-DPower 1.2.0
2024-11-14 10:14:52,275 [INFO] ThirdParty:1030 - CMSIS Pack Vendor :STMicroelectronics X-CUBE-SUBG2 5.0.0
2024-11-14 10:14:52,275 [INFO] ThirdParty:1030 - CMSIS Pack Vendor :STMicroelectronics STM32_WPAN 1.0.0
2024-11-14 10:14:52,275 [INFO] ThirdParty:1030 - CMSIS Pack Vendor :EmbeddedOffice I-CUBE-FS-RTOS 1.0.1
2024-11-14 10:14:52,275 [INFO] ThirdParty:1030 - CMSIS Pack Vendor :STMicroelectronics lwIP 2.0.3
2024-11-14 10:14:52,275 [INFO] ThirdParty:1030 - CMSIS Pack Vendor :STMicroelectronics FP-SNS-FLIGHT1 5.0.2
2024-11-14 10:14:52,275 [INFO] ThirdParty:1030 - CMSIS Pack Vendor :Cesanta I-CUBE-Mongoose 7.13.0
2024-11-14 10:14:52,275 [INFO] ThirdParty:1030 - CMSIS Pack Vendor :STMicroelectronics USB_HOST 1.0.0
2024-11-14 10:14:52,275 [INFO] ThirdParty:1030 - CMSIS Pack Vendor :STMicroelectronics X-CUBE-AI 9.0.0
2024-11-14 10:14:52,275 [INFO] ThirdParty:1030 - CMSIS Pack Vendor :STMicroelectronics X-CUBE-AZRTOS-G4 2.0.0
2024-11-14 10:14:52,275 [INFO] ThirdParty:1030 - CMSIS Pack Vendor :STMicroelectronics PDM2PCM 3.1.0
2024-11-14 10:14:52,275 [INFO] ThirdParty:1030 - CMSIS Pack Vendor :STMicroelectronics PDM2PCM 3.3.0
2024-11-14 10:14:52,275 [INFO] ThirdParty:1030 - CMSIS Pack Vendor :STMicroelectronics X-CUBE-DISPLAY 3.0.0
2024-11-14 10:14:52,275 [INFO] ThirdParty:1030 - CMSIS Pack Vendor :RealThread X-CUBE-RT-Thread_Nano 4.1.1
2024-11-14 10:14:52,275 [INFO] ThirdParty:1030 - CMSIS Pack Vendor :STMicroelectronics X-CUBE-BLE1 7.0.0
2024-11-14 10:14:52,275 [INFO] ThirdParty:1030 - CMSIS Pack Vendor :STMicroelectronics FP-ATR-SIGFOX1 3.2.0
2024-11-14 10:14:52,275 [INFO] ThirdParty:1030 - CMSIS Pack Vendor :STMicroelectronics X-CUBE-NFC10 1.0.0
2024-11-14 10:14:52,275 [INFO] ThirdParty:1030 - CMSIS Pack Vendor :wolfSSL I-CUBE-wolfSSL 5.7.2
2024-11-14 10:14:52,275 [INFO] ThirdParty:1030 - CMSIS Pack Vendor :quantropi X-CUBE-qispace-sdk-base 1.9.3
2024-11-14 10:14:52,275 [INFO] ThirdParty:1030 - CMSIS Pack Vendor :STMicroelectronics X-CUBE-ISPU 2.0.0
2024-11-14 10:14:52,275 [INFO] ThirdParty:1030 - CMSIS Pack Vendor :STMicroelectronics X-CUBE-EEPRMA1 5.1.0
2024-11-14 10:14:52,275 [INFO] ThirdParty:1030 - CMSIS Pack Vendor :STMicroelectronics HAL Drivers 0.0.0
2024-11-14 10:14:52,275 [INFO] ThirdParty:1030 - CMSIS Pack Vendor :STMicroelectronics MBEDTLS 2.16.2
2024-11-14 10:14:52,275 [INFO] ThirdParty:1030 - CMSIS Pack Vendor :STMicroelectronics X-CUBE-ALS 1.0.2
2024-11-14 10:14:52,275 [INFO] ThirdParty:1030 - CMSIS Pack Vendor :emotas I-CUBE-CANOPEN 1.3.0
2024-11-14 10:14:52,275 [INFO] ThirdParty:1030 - CMSIS Pack Vendor :STMicroelectronics X-CUBE-NFC7 1.0.1
2024-11-14 10:14:52,275 [INFO] ThirdParty:1030 - CMSIS Pack Vendor :STMicroelectronics MBEDTLS 2.14.1
2024-11-14 10:14:52,275 [INFO] ThirdParty:1030 - CMSIS Pack Vendor :STMicroelectronics X-CUBE-TOUCHGFX 4.24.0
2024-11-14 10:14:52,275 [INFO] ThirdParty:1030 - CMSIS Pack Vendor :ITTIA_DB I-CUBE-ITTIADB 8.9.0
2024-11-14 10:14:52,276 [INFO] ThirdParty:1030 - CMSIS Pack Vendor :STMicroelectronics X-CUBE-TOUCHGFX 4.24.1
2024-11-14 10:14:52,276 [INFO] ThirdParty:1030 - CMSIS Pack Vendor :wolfSSL I-CUBE-wolfTPM 3.4.0
2024-11-14 10:14:52,276 [INFO] ThirdParty:1030 - CMSIS Pack Vendor :portGmbH I-Cube-SoM-uGOAL 1.1.0
2024-11-14 10:14:52,276 [INFO] ThirdParty:1030 - CMSIS Pack Vendor :STMicroelectronics X-CUBE-BLEMGR 3.1.0
2024-11-14 10:14:52,276 [INFO] ThirdParty:1030 - CMSIS Pack Vendor :STMicroelectronics ThreadX 1.0.0
2024-11-14 10:14:52,276 [INFO] ThirdParty:1030 - CMSIS Pack Vendor :STMicroelectronics FP-SNS-SMARTAG2 1.2.0
2024-11-14 10:14:52,276 [INFO] ThirdParty:1030 - CMSIS Pack Vendor :STMicroelectronics X-CUBE-AZRTOS-WL 2.0.0
2024-11-14 10:14:52,276 [INFO] ThirdParty:1030 - CMSIS Pack Vendor :SEGGER I-CUBE-embOS 1.3.1
2024-11-14 10:14:52,276 [INFO] ThirdParty:1030 - CMSIS Pack Vendor :STMicroelectronics X-CUBE-ALGOBUILD 1.4.0
2024-11-14 10:14:52,276 [INFO] ThirdParty:1030 - CMSIS Pack Vendor :STMicroelectronics FP-SNS-MOTENV1 5.0.0
2024-11-14 10:14:52,276 [INFO] ThirdParty:1030 - CMSIS Pack Vendor :STMicroelectronics USB_DEVICE 1.0.0
2024-11-14 10:14:52,276 [INFO] ThirdParty:1030 - CMSIS Pack Vendor :STMicroelectronics X-CUBE-AZRTOS-H7RS 1.0.0
2024-11-14 10:14:52,276 [INFO] ThirdParty:1030 - CMSIS Pack Vendor :wolfSSL I-CUBE-wolfMQTT 1.19.0
2024-11-14 10:14:52,276 [INFO] ThirdParty:1030 - CMSIS Pack Vendor :STMicroelectronics X-CUBE-AZRTOS-L4 2.0.0
2024-11-14 10:14:52,276 [INFO] ThirdParty:1030 - CMSIS Pack Vendor :STMicroelectronics ThreadX 0.0.2
2024-11-14 10:14:52,276 [INFO] ThirdParty:1030 - CMSIS Pack Vendor :STMicroelectronics FP-ATR-ASTRA1 2.0.0
2024-11-14 10:14:52,276 [INFO] ThirdParty:1030 - CMSIS Pack Vendor :STMicroelectronics lwIP 2.1.2
2024-11-14 10:14:52,276 [INFO] ThirdParty:1030 - CMSIS Pack Vendor :STMicroelectronics X-CUBE-SFXS2LP1 4.0.0
2024-11-14 10:14:52,276 [INFO] ThirdParty:1030 - CMSIS Pack Vendor :STMicroelectronics X-CUBE-BLE2 3.3.0
2024-11-14 10:14:52,276 [INFO] ThirdParty:1030 - CMSIS Pack Vendor :STMicroelectronics X-CUBE-TOF1 3.4.2
2024-11-14 10:14:52,276 [INFO] ThirdParty:1030 - CMSIS Pack Vendor :STMicroelectronics X-CUBE-AI 9.1.0
2024-11-14 10:14:52,276 [INFO] ThirdParty:1030 - CMSIS Pack Vendor :Infineon AIROC-Wi-Fi-Bluetooth-STM32 1.6.1
2024-11-14 10:14:52,276 [INFO] ThirdParty:1030 - CMSIS Pack Vendor :STMicroelectronics PDM2PCM 3.2.0
2024-11-14 10:14:52,276 [INFO] ThirdParty:1030 - CMSIS Pack Vendor :wolfSSL I-CUBE-wolfSSH 1.4.17
2024-11-14 10:14:52,276 [INFO] ThirdParty:841 - exiting critical section [change project]
2024-11-14 10:14:52,373 [INFO] PinOutPanel:1561 - setPackage(No Configuration,No Configuration)
2024-11-14 10:14:52,374 [INFO] PinOutPanel:1561 - setPackage(STM32F103RCTx,LQFP64)
2024-11-14 10:14:52,642 [INFO] UtilMem:75 - Before build in PCC Used Memory: 325525296 Bytes (847249408)
2024-11-14 10:14:52,817 [INFO] UtilMem:75 - After build in PCC Used Memory: 370087728 Bytes (847249408)
2024-11-14 10:14:52,834 [INFO] IPUIPlugin:80 - create IPUIPlugin
2024-11-14 10:14:52,834 [INFO] IPUIPlugin:80 - create IPUIPlugin
2024-11-14 10:14:52,834 [INFO] IPUIPlugin:80 - create IPUIPlugin
2024-11-14 10:14:52,834 [INFO] IPUIPlugin:80 - create IPUIPlugin
2024-11-14 10:14:52,834 [INFO] IPUIPlugin:80 - create IPUIPlugin
2024-11-14 10:14:52,834 [INFO] IPUIPlugin:80 - create IPUIPlugin
2024-11-14 10:14:52,834 [INFO] IPUIPlugin:80 - create IPUIPlugin
2024-11-14 10:14:52,834 [INFO] IPUIPlugin:80 - create IPUIPlugin
2024-11-14 10:14:52,834 [INFO] IPUIPlugin:80 - create IPUIPlugin
2024-11-14 10:14:52,834 [INFO] IPUIPlugin:80 - create IPUIPlugin
2024-11-14 10:14:52,834 [INFO] IPUIPlugin:80 - create IPUIPlugin
2024-11-14 10:14:52,835 [INFO] IPUIPlugin:80 - create IPUIPlugin
2024-11-14 10:14:52,835 [INFO] IPUIPlugin:80 - create IPUIPlugin
2024-11-14 10:14:52,835 [INFO] IPUIPlugin:80 - create IPUIPlugin
2024-11-14 10:14:52,835 [INFO] IPUIPlugin:80 - create IPUIPlugin
2024-11-14 10:14:52,835 [INFO] IPUIPlugin:80 - create IPUIPlugin
2024-11-14 10:14:52,835 [INFO] IPUIPlugin:80 - create IPUIPlugin
2024-11-14 10:14:52,835 [INFO] IPUIPlugin:80 - create IPUIPlugin
2024-11-14 10:14:52,835 [INFO] IPUIPlugin:80 - create IPUIPlugin
2024-11-14 10:14:52,835 [INFO] IPUIPlugin:80 - create IPUIPlugin
2024-11-14 10:14:52,835 [INFO] IPUIPlugin:80 - create IPUIPlugin
2024-11-14 10:14:52,835 [INFO] IPUIPlugin:80 - create IPUIPlugin
2024-11-14 10:14:52,835 [INFO] IPUIPlugin:80 - create IPUIPlugin
2024-11-14 10:14:52,835 [INFO] IPUIPlugin:80 - create IPUIPlugin
2024-11-14 10:14:52,835 [INFO] IPUIPlugin:80 - create IPUIPlugin
2024-11-14 10:14:52,836 [INFO] IPUIPlugin:80 - create IPUIPlugin
2024-11-14 10:14:52,836 [INFO] IPUIPlugin:80 - create IPUIPlugin
2024-11-14 10:14:52,836 [INFO] IPUIPlugin:80 - create IPUIPlugin
2024-11-14 10:14:52,836 [INFO] IPUIPlugin:80 - create IPUIPlugin
2024-11-14 10:14:52,836 [INFO] IPUIPlugin:80 - create IPUIPlugin
2024-11-14 10:14:52,836 [INFO] IPUIPlugin:80 - create IPUIPlugin
2024-11-14 10:14:52,836 [INFO] IPUIPlugin:80 - create IPUIPlugin
2024-11-14 10:14:52,836 [INFO] IPUIPlugin:80 - create IPUIPlugin
2024-11-14 10:14:52,836 [INFO] IPUIPlugin:80 - create IPUIPlugin
2024-11-14 10:14:52,837 [INFO] IPUIPlugin:80 - create IPUIPlugin
2024-11-14 10:14:52,837 [INFO] IPUIPlugin:80 - create IPUIPlugin
2024-11-14 10:14:52,837 [INFO] IPUIPlugin:80 - create IPUIPlugin
2024-11-14 10:14:52,837 [INFO] IPUIPlugin:80 - create IPUIPlugin
2024-11-14 10:14:52,837 [INFO] IPUIPlugin:80 - create IPUIPlugin
2024-11-14 10:14:52,862 [INFO] CADModel:165 - CPN selected for project levelSTM32F103RCT6
2024-11-14 10:14:52,862 [INFO] CADModel:114 - Register for checkConnection events
2024-11-14 10:14:52,914 [INFO] OpenFileManager:363 - Restore cursor
2024-11-14 10:14:53,273 [INFO] UtilMem:75 - End SaveConfig() Used Memory: 449441680 Bytes (847249408)
2024-11-14 10:14:53,350 [INFO] UtilMem:75 - End SaveConfig() Used Memory: 466556720 Bytes (847249408)
2024-11-14 10:14:53,434 [INFO] BlockDiagram:2766 - set Specific Code input for plugin: NVIC
2024-11-14 10:14:53,434 [INFO] BlockDiagram:2766 - set Specific Code input for plugin: RCC
2024-11-14 10:14:53,435 [INFO] CodeGenerator:807 - code generatio: config db path: D:\STM32CubeIDE_1.16.0\STM32CubeIDE\plugins\com.st.stm32cube.common.mx_6.12.1.202409122256\\db\
2024-11-14 10:14:53,477 [INFO] CodeEngine:255 - oldGeneratedFile, D:\STM32\Lab9\MXTmpFiles\license.tmp_save
2024-11-14 10:14:53,551 [INFO] CodeEngine:279 - Generated code: D:\STM32\Lab9\MXTmpFiles\license.tmp
2024-11-14 10:14:53,562 [INFO] CodeEngine:255 - oldGeneratedFile, D:\STM32\Lab9\Core\Src\stm32f1xx_it.c_save
2024-11-14 10:14:53,697 [INFO] CodeEngine:279 - Generated code: D:\STM32\Lab9\Core\Src\stm32f1xx_it.c
2024-11-14 10:14:53,702 [INFO] CodeEngine:255 - oldGeneratedFile, D:\STM32\Lab9\Core\Inc\stm32f1xx_it.h_save
2024-11-14 10:14:53,751 [INFO] CodeEngine:279 - Generated code: D:\STM32\Lab9\Core\Inc\stm32f1xx_it.h
2024-11-14 10:14:53,781 [INFO] CodeEngine:255 - oldGeneratedFile, D:\STM32\Lab9\Core\Src\stm32f1xx_hal_msp.c_save
2024-11-14 10:14:53,855 [INFO] CodeEngine:279 - Generated code: D:\STM32\Lab9\Core\Src\stm32f1xx_hal_msp.c
2024-11-14 10:14:53,859 [INFO] CodeEngine:255 - oldGeneratedFile, D:\STM32\Lab9\MXTmpFiles\system.tmp_save
2024-11-14 10:14:53,905 [INFO] CodeEngine:279 - Generated code: D:\STM32\Lab9\MXTmpFiles\system.tmp
2024-11-14 10:14:53,914 [INFO] CodeEngine:311 - oldGeneratedFile, D:\STM32\Lab9\Core\Inc\stm32f1xx_hal_conf.h_save
2024-11-14 10:14:53,961 [INFO] CodeEngine:335 - Generated code: D:\STM32\Lab9\Core\Inc\stm32f1xx_hal_conf.h
2024-11-14 10:14:53,986 [INFO] CodeEngine:255 - oldGeneratedFile, D:\STM32\Lab9\Core\Inc\main.h_save
2024-11-14 10:14:54,051 [INFO] CodeEngine:279 - Generated code: D:\STM32\Lab9\Core\Inc\main.h
2024-11-14 10:14:54,056 [INFO] CodeEngine:255 - oldGeneratedFile, D:\STM32\Lab9\Core\Src\main.c_save
2024-11-14 10:14:54,142 [INFO] CodeEngine:279 - Generated code: D:\STM32\Lab9\Core\Src\main.c
2024-11-14 10:14:54,468 [INFO] ProjectBuilder:3249 - Time for Copy HAL[1] : 155mS.
2024-11-14 10:14:54,471 [INFO] ProjectBuilder:4828 - Project Generator version: 4.5.0-B34
2024-11-14 10:14:54,508 [INFO] ConfigFileManager:1531 - The Die is : DIE414
2024-11-14 10:14:54,510 [INFO] ApiDbMcu:508 - Load IP Config File for FATFS
2024-11-14 10:14:54,512 [INFO] ApiDbMcu:508 - Load IP Config File for FREERTOS
2024-11-14 10:14:54,516 [INFO] ApiDbMcu:508 - Load IP Config File for USB_DEVICE
2024-11-14 10:14:56,667 [INFO] ProjectBuilder:5097 - Time for Generating toolchain IDE Files: 2195mS.
2024-11-14 10:14:56,668 [INFO] ProjectBuilder:3107 - Time for Copy CMSIS : 0mS.
2024-11-14 10:14:56,670 [INFO] ProjectBuilder:3107 - Time for Copy CMSIS : 0mS.
2024-11-14 10:14:57,618 [INFO] McuFinderGlobals:76 - Set McuFinderConnectedMode to true
2024-11-14 10:14:57,629 [INFO] ApiDb:448 - Save user favorites file C:\Users\Wells/.stm32cubeide/favorites.mcus.txt: 0 item(s)
2024-11-14 10:14:57,629 [INFO] ApiDb:452 - User favorites MCUs=[]
2024-11-14 10:15:45,018 [INFO] Gpio:277 - dependency for GPIO []
2024-11-14 10:16:12,603 [INFO] Gpio:277 - dependency for GPIO []
