2024-10-21 17:24:42,673 [INFO] Activator:176 - 


2024-10-21 17:24:42,678 [INFO] Activator:177 - !SESSION log4j initialized
2024-10-21 17:24:48,110 [INFO] LogOutputStream:77 - [STDOUT_REDIRECT] 
2024-10-21 17:24:50,074 [INFO] ApplicationProperties:184 - Using Application install path: D:\STM32CubeIDE_1.16.0\STM32CubeIDE\plugins\com.st.stm32cube.common.mx_6.12.1.202409122256
2024-10-21 17:24:50,088 [INFO] DbMcusXml:78 - Set database path to: D:\STM32CubeIDE_1.16.0\STM32CubeIDE\plugins\com.st.stm32cube.common.mx_6.12.1.202409122256\\db\/mcu/
2024-10-21 17:24:50,088 [INFO] ApiDb:274 - Set plugin database path to: D:\STM32CubeIDE_1.16.0\STM32CubeIDE\plugins\com.st.stm32cube.common.mx_6.12.1.202409122256\\db\/plugins/boardmanager/
2024-10-21 17:24:50,088 [WARN] ApiDb:259 - Overriding images path with different value:  => D:\STM32CubeIDE_1.16.0\STM32CubeIDE\plugins\com.st.stm32cube.common.mx_6.12.1.202409122256\\db\/plugins/mcufinder/images/
2024-10-21 17:24:50,096 [INFO] ApiDb:250 - Set database path to: C:\Users\Wells\.stmcufinder\plugins\mcufinder//mcu/
2024-10-21 17:24:50,097 [INFO] DbMcusAds:125 - Set database path to: C:\Users\Wells\.stmcufinder\plugins\mcufinder//mcu/
2024-10-21 17:24:50,099 [INFO] CrossReferenceDbSqlite:203 - Set database path to: C:\Users\Wells\.stmcufinder\plugins\mcufinder//mcu/cs/
2024-10-21 17:24:50,223 [INFO] RulesReader:64 - Compatibility file has been processed (297 Rules)
2024-10-21 17:24:50,386 [INFO] DbMcusXml:78 - Set database path to: D:\STM32CubeIDE_1.16.0\STM32CubeIDE\plugins\com.st.stm32cube.common.mx_6.12.1.202409122256\\db\/mcu/
2024-10-21 17:24:50,388 [INFO] ApiDb:274 - Set plugin database path to: D:\STM32CubeIDE_1.16.0\STM32CubeIDE\plugins\com.st.stm32cube.common.mx_6.12.1.202409122256\\db\/plugins/boardmanager/
2024-10-21 17:24:50,388 [INFO] ApiDb:261 - Set plugin images path to: D:\STM32CubeIDE_1.16.0\STM32CubeIDE\plugins\com.st.stm32cube.common.mx_6.12.1.202409122256\\db\/plugins/mcufinder/images/
2024-10-21 17:24:50,388 [WARN] DbFile:41 - Overriding database path with different value: C:\Users\Wells\.stmcufinder\plugins\mcufinder/ => C:\Users\Wells\.stmcufinder\plugins\mcufinder
2024-10-21 17:24:50,388 [INFO] ApiDb:250 - Set database path to: C:\Users\Wells\.stmcufinder\plugins\mcufinder//mcu/
2024-10-21 17:24:50,388 [WARN] DbFile:41 - Overriding database path with different value: C:\Users\Wells\.stmcufinder\plugins\mcufinder/ => C:\Users\Wells\.stmcufinder\plugins\mcufinder
2024-10-21 17:24:50,388 [INFO] DbMcusAds:125 - Set database path to: C:\Users\Wells\.stmcufinder\plugins\mcufinder//mcu/
2024-10-21 17:24:50,388 [WARN] DbFile:41 - Overriding database path with different value: C:\Users\Wells\.stmcufinder\plugins\mcufinder/ => C:\Users\Wells\.stmcufinder\plugins\mcufinder
2024-10-21 17:24:50,388 [WARN] DbFile:41 - Overriding database path with different value: C:\Users\Wells\.stmcufinder\plugins\mcufinder/ => C:\Users\Wells\.stmcufinder\plugins\mcufinder
2024-10-21 17:24:50,389 [INFO] CrossReferenceDbSqlite:203 - Set database path to: C:\Users\Wells\.stmcufinder\plugins\mcufinder//mcu/cs/
2024-10-21 17:24:50,521 [INFO] MainPanel:268 - HeapMemory: 268435456
2024-10-21 17:24:50,676 [INFO] DbMcusXml:78 - Set database path to: D:\STM32CubeIDE_1.16.0\STM32CubeIDE\plugins\com.st.stm32cube.common.mx_6.12.1.202409122256\\db\/mcu/
2024-10-21 17:24:50,677 [INFO] ApiDb:274 - Set plugin database path to: D:\STM32CubeIDE_1.16.0\STM32CubeIDE\plugins\com.st.stm32cube.common.mx_6.12.1.202409122256\\db\/plugins/boardmanager/
2024-10-21 17:24:50,677 [INFO] ApiDb:261 - Set plugin images path to: D:\STM32CubeIDE_1.16.0\STM32CubeIDE\plugins\com.st.stm32cube.common.mx_6.12.1.202409122256\\db\/plugins/mcufinder/images/
2024-10-21 17:24:50,677 [WARN] DbFile:41 - Overriding database path with different value: C:\Users\Wells\.stmcufinder\plugins\mcufinder/ => C:\Users\Wells\.stmcufinder\plugins\mcufinder
2024-10-21 17:24:50,677 [INFO] ApiDb:250 - Set database path to: C:\Users\Wells\.stmcufinder\plugins\mcufinder//mcu/
2024-10-21 17:24:50,677 [WARN] DbFile:41 - Overriding database path with different value: C:\Users\Wells\.stmcufinder\plugins\mcufinder/ => C:\Users\Wells\.stmcufinder\plugins\mcufinder
2024-10-21 17:24:50,677 [INFO] DbMcusAds:125 - Set database path to: C:\Users\Wells\.stmcufinder\plugins\mcufinder//mcu/
2024-10-21 17:24:50,677 [WARN] DbFile:41 - Overriding database path with different value: C:\Users\Wells\.stmcufinder\plugins\mcufinder/ => C:\Users\Wells\.stmcufinder\plugins\mcufinder
2024-10-21 17:24:50,677 [WARN] DbFile:41 - Overriding database path with different value: C:\Users\Wells\.stmcufinder\plugins\mcufinder/ => C:\Users\Wells\.stmcufinder\plugins\mcufinder
2024-10-21 17:24:50,677 [INFO] CrossReferenceDbSqlite:203 - Set database path to: C:\Users\Wells\.stmcufinder\plugins\mcufinder//mcu/cs/
2024-10-21 17:24:50,693 [INFO] ApplicationProperties:184 - Using Application install path: D:\STM32CubeIDE_1.16.0\STM32CubeIDE\plugins\com.st.stm32cube.common.mx_6.12.1.202409122256
2024-10-21 17:24:50,694 [INFO] PluginManage:196 - Search for loadable plugins [exclusion list=, ]
2024-10-21 17:24:50,695 [INFO] PluginManage:310 - Check plugin analytics
2024-10-21 17:24:50,902 [INFO] AnalyticsPlugin:253 - Accepted Software Licenses: 
2024-10-21 17:24:50,902 [INFO] AnalyticsPlugin:255 - Accepted CMSIS Pack Licenses: 
2024-10-21 17:24:50,902 [INFO] AnalyticsPlugin:257 - Accepted Firmware Licenses: 
2024-10-21 17:24:50,905 [INFO] PluginManage:359 - Loaded plugin analytics (category:tool,tabindex:-1)
2024-10-21 17:24:50,906 [INFO] PluginManage:310 - Check plugin cadmodel
2024-10-21 17:24:50,912 [INFO] CADModel:105 - Init CAD model plugin
2024-10-21 17:24:50,913 [INFO] PluginManage:359 - Loaded plugin cadmodel (category:power,tabindex:5)
2024-10-21 17:24:50,913 [INFO] PluginManage:310 - Check plugin clock
2024-10-21 17:24:50,925 [INFO] PluginManage:359 - Loaded plugin clock (category:base,tabindex:2)
2024-10-21 17:24:50,926 [INFO] PluginManage:310 - Check plugin ddr
2024-10-21 17:24:50,928 [INFO] PluginManage:359 - Loaded plugin ddr (category:tool,tabindex:6)
2024-10-21 17:24:50,929 [INFO] PluginManage:310 - Check plugin filemanager
2024-10-21 17:24:51,157 [INFO] PluginManage:359 - Loaded plugin filemanager (category:base,tabindex:10)
2024-10-21 17:24:51,157 [INFO] PluginManage:310 - Check plugin ipmanager
2024-10-21 17:24:51,167 [INFO] PluginManage:359 - Loaded plugin ipmanager (category:base,tabindex:5)
2024-10-21 17:24:51,167 [INFO] PluginManage:310 - Check plugin lpbam
2024-10-21 17:24:51,177 [INFO] PluginManage:359 - Loaded plugin lpbam (category:base,tabindex:0)
2024-10-21 17:24:51,177 [INFO] PluginManage:310 - Check plugin memorymap
2024-10-21 17:24:51,197 [INFO] PluginManage:359 - Loaded plugin memorymap (category:base,tabindex:4)
2024-10-21 17:24:51,199 [INFO] PluginManage:310 - Check plugin pinoutandconfiguration
2024-10-21 17:24:51,208 [INFO] PluginManage:359 - Loaded plugin pinoutandconfiguration (category:base,tabindex:1)
2024-10-21 17:24:51,208 [INFO] PluginManage:310 - Check plugin pinoutconfig
2024-10-21 17:24:51,312 [WARN] SupportedApi:132 - Cannot load RTOS API schema: s4s-elt-must-match.1: The content of 'definitions' must match (annotation?, (simpleType | complexType)?, (unique | key | keyref)*)). A problem was found starting at: attribute.
2024-10-21 17:24:51,455 [INFO] PluginManage:359 - Loaded plugin pinoutconfig (category:base,tabindex:0)
2024-10-21 17:24:51,455 [INFO] PluginManage:310 - Check plugin power
2024-10-21 17:24:51,464 [INFO] PluginManage:359 - Loaded plugin power (category:power,tabindex:4)
2024-10-21 17:24:51,464 [INFO] PluginManage:310 - Check plugin projectmanager
2024-10-21 17:24:51,481 [INFO] PluginManage:359 - Loaded plugin projectmanager (category:projectmanager,tabindex:4)
2024-10-21 17:24:51,481 [INFO] PluginManage:310 - Check plugin rif
2024-10-21 17:24:51,488 [INFO] PluginManage:359 - Loaded plugin rif (category:base,tabindex:3)
2024-10-21 17:24:51,488 [INFO] PluginManage:310 - Check plugin thirdparty
2024-10-21 17:24:51,617 [INFO] PluginManage:359 - Loaded plugin thirdparty (category:base,tabindex:-1)
2024-10-21 17:24:51,617 [WARN] IntegrityCheckThread:84 - waiting for thirdparty lock release [integrity check]
2024-10-21 17:24:51,617 [INFO] IntegrityCheckThread:86 - entering critical section [integrity check]
2024-10-21 17:24:51,617 [INFO] PluginManage:310 - Check plugin tools
2024-10-21 17:24:51,619 [INFO] ThirdPartyUpdaterWithRetryManager:70 - Updater plugin not ready yet. [1/15]
2024-10-21 17:24:51,620 [INFO] PluginManage:359 - Loaded plugin tools (category:base,tabindex:7)
2024-10-21 17:24:51,620 [INFO] PluginManage:310 - Check plugin tutovideos
2024-10-21 17:24:51,761 [INFO] PluginManage:359 - Loaded plugin tutovideos (category:base,tabindex:-1)
2024-10-21 17:24:51,761 [INFO] PluginManage:310 - Check plugin updater
2024-10-21 17:24:51,782 [INFO] PluginManage:359 - Loaded plugin updater (category:base,tabindex:12)
2024-10-21 17:24:51,782 [INFO] PluginManage:310 - Check plugin userauth
2024-10-21 17:24:51,788 [INFO] UserAuth:113 - Init User Auth plugin
2024-10-21 17:24:51,788 [INFO] PluginManage:359 - Loaded plugin userauth (category:base,tabindex:14)
2024-10-21 17:24:51,788 [INFO] PluginManage:283 - PluginManage : Loaded plugins [18]
2024-10-21 17:24:51,994 [INFO] PinOutPanel:1561 - setPackage(No Configuration,No Configuration)
2024-10-21 17:24:52,077 [INFO] CADModel:165 - CPN selected for project level
2024-10-21 17:24:52,077 [INFO] CADModel:114 - Register for checkConnection events
2024-10-21 17:24:52,090 [INFO] IPUIPlugin:80 - create IPUIPlugin
2024-10-21 17:24:52,091 [INFO] PluginManager:220 - loadIPPluginJar : add adc
2024-10-21 17:24:52,093 [INFO] IPUIPlugin:80 - create IPUIPlugin
2024-10-21 17:24:52,093 [INFO] PluginManager:220 - loadIPPluginJar : add aes
2024-10-21 17:24:52,095 [INFO] IPUIPlugin:80 - create IPUIPlugin
2024-10-21 17:24:52,095 [INFO] PluginManager:220 - loadIPPluginJar : add can
2024-10-21 17:24:52,096 [INFO] IPUIPlugin:80 - create IPUIPlugin
2024-10-21 17:24:52,096 [INFO] PluginManager:220 - loadIPPluginJar : add comp
2024-10-21 17:24:52,098 [INFO] IPUIPlugin:80 - create IPUIPlugin
2024-10-21 17:24:52,098 [INFO] PluginManager:220 - loadIPPluginJar : add cryp
2024-10-21 17:24:52,101 [INFO] IPUIPlugin:80 - create IPUIPlugin
2024-10-21 17:24:52,101 [INFO] PluginManager:220 - loadIPPluginJar : add ddr_ctrl_phy
2024-10-21 17:24:52,103 [INFO] IPUIPlugin:80 - create IPUIPlugin
2024-10-21 17:24:52,103 [INFO] PluginManager:220 - loadIPPluginJar : add dfsdm
2024-10-21 17:24:52,107 [INFO] IPUIPlugin:80 - create IPUIPlugin
2024-10-21 17:24:52,107 [INFO] PluginManager:220 - loadIPPluginJar : add dma
2024-10-21 17:24:52,108 [INFO] IPUIPlugin:80 - create IPUIPlugin
2024-10-21 17:24:52,108 [INFO] PluginManager:220 - loadIPPluginJar : add dma3
2024-10-21 17:24:52,110 [INFO] IPUIPlugin:80 - create IPUIPlugin
2024-10-21 17:24:52,110 [INFO] PluginManager:220 - loadIPPluginJar : add extmemmanager
2024-10-21 17:24:52,111 [INFO] IPUIPlugin:80 - create IPUIPlugin
2024-10-21 17:24:52,112 [INFO] PluginManager:220 - loadIPPluginJar : add fatfs
2024-10-21 17:24:52,115 [INFO] IPUIPlugin:80 - create IPUIPlugin
2024-10-21 17:24:52,115 [INFO] PluginManager:220 - loadIPPluginJar : add fmc
2024-10-21 17:24:52,120 [INFO] IPUIPlugin:80 - create IPUIPlugin
2024-10-21 17:24:52,120 [INFO] PluginManager:220 - loadIPPluginJar : add freertos
2024-10-21 17:24:52,121 [INFO] IPUIPlugin:80 - create IPUIPlugin
2024-10-21 17:24:52,121 [INFO] PluginManager:220 - loadIPPluginJar : add genericplugin
2024-10-21 17:24:52,122 [INFO] IPUIPlugin:80 - create IPUIPlugin
2024-10-21 17:24:52,122 [INFO] PluginManager:220 - loadIPPluginJar : add gfxmmu
2024-10-21 17:24:52,125 [INFO] IPUIPlugin:80 - create IPUIPlugin
2024-10-21 17:24:52,125 [INFO] PluginManager:220 - loadIPPluginJar : add gic
2024-10-21 17:24:52,129 [INFO] IPUIPlugin:80 - create IPUIPlugin
2024-10-21 17:24:52,129 [INFO] PluginManager:220 - loadIPPluginJar : add gpio
2024-10-21 17:24:52,131 [INFO] IPUIPlugin:80 - create IPUIPlugin
2024-10-21 17:24:52,131 [INFO] PluginManager:220 - loadIPPluginJar : add gtzc
2024-10-21 17:24:52,132 [INFO] IPUIPlugin:80 - create IPUIPlugin
2024-10-21 17:24:52,133 [INFO] PluginManager:220 - loadIPPluginJar : add hash
2024-10-21 17:24:52,134 [INFO] IPUIPlugin:80 - create IPUIPlugin
2024-10-21 17:24:52,134 [INFO] PluginManager:220 - loadIPPluginJar : add i2c
2024-10-21 17:24:52,136 [INFO] IPUIPlugin:80 - create IPUIPlugin
2024-10-21 17:24:52,137 [INFO] PluginManager:220 - loadIPPluginJar : add i2s
2024-10-21 17:24:52,138 [INFO] IPUIPlugin:80 - create IPUIPlugin
2024-10-21 17:24:52,139 [INFO] PluginManager:220 - loadIPPluginJar : add i3c
2024-10-21 17:24:52,141 [INFO] IPUIPlugin:80 - create IPUIPlugin
2024-10-21 17:24:52,141 [INFO] PluginManager:220 - loadIPPluginJar : add ipddr
2024-10-21 17:24:52,148 [INFO] IPUIPlugin:80 - create IPUIPlugin
2024-10-21 17:24:52,148 [INFO] PluginManager:220 - loadIPPluginJar : add linkedlist
2024-10-21 17:24:52,150 [INFO] IPUIPlugin:80 - create IPUIPlugin
2024-10-21 17:24:52,150 [INFO] PluginManager:220 - loadIPPluginJar : add lorawan
2024-10-21 17:24:52,151 [INFO] IPUIPlugin:80 - create IPUIPlugin
2024-10-21 17:24:52,151 [INFO] PluginManager:220 - loadIPPluginJar : add ltdc
2024-10-21 17:24:52,155 [INFO] IPUIPlugin:80 - create IPUIPlugin
2024-10-21 17:24:52,155 [INFO] PluginManager:220 - loadIPPluginJar : add mdma
2024-10-21 17:24:52,159 [INFO] IPUIPlugin:80 - create IPUIPlugin
2024-10-21 17:24:52,159 [INFO] PluginManager:220 - loadIPPluginJar : add nvic
2024-10-21 17:24:52,160 [INFO] IPUIPlugin:80 - create IPUIPlugin
2024-10-21 17:24:52,160 [INFO] PluginManager:220 - loadIPPluginJar : add opamp
2024-10-21 17:24:52,162 [INFO] IPUIPlugin:80 - create IPUIPlugin
2024-10-21 17:24:52,162 [INFO] PluginManager:220 - loadIPPluginJar : add openamp
2024-10-21 17:24:52,164 [INFO] IPUIPlugin:80 - create IPUIPlugin
2024-10-21 17:24:52,164 [INFO] PluginManager:220 - loadIPPluginJar : add pdm2pcm
2024-10-21 17:24:52,169 [INFO] IPUIPlugin:80 - create IPUIPlugin
2024-10-21 17:24:52,170 [INFO] PluginManager:220 - loadIPPluginJar : add plateformsettings
2024-10-21 17:24:52,171 [INFO] IPUIPlugin:80 - create IPUIPlugin
2024-10-21 17:24:52,171 [INFO] PluginManager:220 - loadIPPluginJar : add quadspi
2024-10-21 17:24:52,172 [INFO] IPUIPlugin:80 - create IPUIPlugin
2024-10-21 17:24:52,175 [INFO] PluginManager:220 - loadIPPluginJar : add radio
2024-10-21 17:24:52,177 [INFO] IPUIPlugin:80 - create IPUIPlugin
2024-10-21 17:24:52,177 [INFO] PluginManager:220 - loadIPPluginJar : add resmgrutility
2024-10-21 17:24:52,179 [INFO] IPUIPlugin:80 - create IPUIPlugin
2024-10-21 17:24:52,179 [INFO] PluginManager:220 - loadIPPluginJar : add sai
2024-10-21 17:24:52,180 [INFO] IPUIPlugin:80 - create IPUIPlugin
2024-10-21 17:24:52,180 [INFO] PluginManager:220 - loadIPPluginJar : add spi
2024-10-21 17:24:52,183 [INFO] IPUIPlugin:80 - create IPUIPlugin
2024-10-21 17:24:52,183 [INFO] PluginManager:220 - loadIPPluginJar : add stm32_wpan
2024-10-21 17:24:52,184 [INFO] IPUIPlugin:80 - create IPUIPlugin
2024-10-21 17:24:52,184 [INFO] PluginManager:220 - loadIPPluginJar : add tim
2024-10-21 17:24:52,188 [INFO] IPUIPlugin:80 - create IPUIPlugin
2024-10-21 17:24:52,188 [INFO] PluginManager:220 - loadIPPluginJar : add touchsensing
2024-10-21 17:24:52,189 [INFO] IPUIPlugin:80 - create IPUIPlugin
2024-10-21 17:24:52,189 [INFO] PluginManager:220 - loadIPPluginJar : add tracer_emb
2024-10-21 17:24:52,190 [INFO] IPUIPlugin:80 - create IPUIPlugin
2024-10-21 17:24:52,190 [INFO] PluginManager:220 - loadIPPluginJar : add ts
2024-10-21 17:24:52,191 [INFO] IPUIPlugin:80 - create IPUIPlugin
2024-10-21 17:24:52,191 [INFO] PluginManager:220 - loadIPPluginJar : add tsc
2024-10-21 17:24:52,193 [INFO] IPUIPlugin:80 - create IPUIPlugin
2024-10-21 17:24:52,193 [INFO] PluginManager:220 - loadIPPluginJar : add ucpd
2024-10-21 17:24:52,194 [INFO] IPUIPlugin:80 - create IPUIPlugin
2024-10-21 17:24:52,194 [INFO] PluginManager:220 - loadIPPluginJar : add usart
2024-10-21 17:24:52,196 [INFO] IPUIPlugin:80 - create IPUIPlugin
2024-10-21 17:24:52,196 [INFO] PluginManager:220 - loadIPPluginJar : add usbx
2024-10-21 17:24:52,315 [INFO] CADModel:165 - CPN selected for project level
2024-10-21 17:24:52,315 [INFO] CADModel:114 - Register for checkConnection events
2024-10-21 17:24:52,315 [FATAL] Updater:334 - Updater called before beeing initialized
2024-10-21 17:24:52,315 [ERROR] CADModel:125 - Updater not yet initialized, retry later 
2024-10-21 17:24:52,434 [INFO] CADModel:165 - CPN selected for project level
2024-10-21 17:24:52,434 [INFO] CADModel:114 - Register for checkConnection events
2024-10-21 17:24:52,434 [FATAL] Updater:334 - Updater called before beeing initialized
2024-10-21 17:24:52,434 [ERROR] CADModel:125 - Updater not yet initialized, retry later 
2024-10-21 17:24:52,438 [FATAL] Updater:334 - Updater called before beeing initialized
2024-10-21 17:24:52,540 [FATAL] Updater:334 - Updater called before beeing initialized
2024-10-21 17:24:52,543 [INFO] DbMcusAds:53 - JSON generation date=Fri Sep 20 21:04:38 HKT 2024 (1726837478367)
2024-10-21 17:24:52,543 [FATAL] Updater:334 - Updater called before beeing initialized
2024-10-21 17:24:52,577 [WARN] DetailPanel:346 - Failed to get advertising image, set to default
2024-10-21 17:24:52,657 [FATAL] Updater:334 - Updater called before beeing initialized
2024-10-21 17:24:52,659 [FATAL] Updater:334 - Updater called before beeing initialized
2024-10-21 17:24:52,659 [FATAL] Updater:334 - Updater called before beeing initialized
2024-10-21 17:24:52,659 [WARN] DetailPanel:346 - Failed to get advertising image, set to default
2024-10-21 17:24:52,659 [FATAL] Updater:334 - Updater called before beeing initialized
2024-10-21 17:24:52,699 [ERROR] Updater:1164 - MainUpdater not yet initialized. External WinMGr cannot be set.
2024-10-21 17:24:52,703 [INFO] Updater:1100 - Updater Version found : 6.12.1
2024-10-21 17:24:52,723 [INFO] ApplicationProperties:184 - Using Application install path: D:\STM32CubeIDE_1.16.0\STM32CubeIDE\plugins\com.st.stm32cube.common.mx_6.12.1.202409122256
2024-10-21 17:24:54,307 [ERROR] LogOutputStream:75 - [STDERR_REDIRECT] Oct 21, 2024 5:24:54 PM java.util.prefs.WindowsPreferences <init>
2024-10-21 17:24:54,307 [ERROR] LogOutputStream:75 - [STDERR_REDIRECT] WARNING: Could not open/create prefs root node Software\JavaSoft\Prefs at root 0xffffffff80000002. Windows RegCreateKeyEx(...) returned error code 5.
2024-10-21 17:24:54,307 [ERROR] LogOutputStream:75 - [STDERR_REDIRECT] 
2024-10-21 17:24:54,620 [INFO] ThirdPartyUpdaterWithRetryManager:70 - Updater plugin not ready yet. [2/15]
2024-10-21 17:24:54,771 [INFO] MainUpdater:2873 - connection check result : 10
2024-10-21 17:24:54,771 [INFO] MainUpdater:290 - Updater Check For Update Now.
2024-10-21 17:24:54,771 [INFO] MicroXplorer:498 - Change Database Version : DB.6.0.121
2024-10-21 17:24:54,775 [INFO] McuFinderGlobals:63 - Set McuFinder mode to 2 (CubeIDE integrated)
2024-10-21 17:24:54,776 [INFO] UserAuth:417 - Internet connection configuration mode: 1
2024-10-21 17:24:54,806 [INFO] JxBrowserEngine:152 - Initiate JxBrowser Engine with user profile folder
2024-10-21 17:24:54,928 [INFO] CheckServerUpdateThread:120 - End of CheckServer Thread
2024-10-21 17:24:55,656 [INFO] WebApp:167 - Instantiating new browser for Auth
2024-10-21 17:24:56,668 [INFO] WebApp:448 - Apply proxy settings
2024-10-21 17:24:56,669 [INFO] WebApp:533 - Chromium requires no authentication
2024-10-21 17:24:56,681 [INFO] WebApp:476 - Direct internet connection detected
2024-10-21 17:24:56,712 [INFO] WebApp:869 - Register for checkConnection events
2024-10-21 17:24:56,712 [INFO] WebApp:448 - Apply proxy settings
2024-10-21 17:24:56,712 [INFO] WebApp:533 - Chromium requires no authentication
2024-10-21 17:24:56,713 [INFO] WebApp:476 - Direct internet connection detected
2024-10-21 17:24:56,881 [INFO] WebApp:220 - Starting web application
2024-10-21 17:24:56,881 [INFO] WebApp:578 - Web application path used D:\STM32CubeIDE_1.16.0\STM32CubeIDE\plugins\com.st.stm32cube.common.mx_6.12.1.202409122256\db\plugins\mcufinder\reactClient1\index.html
2024-10-21 17:24:56,960 [INFO] UserAuth:417 - Internet connection configuration mode: 1
2024-10-21 17:24:58,001 [WARN] PackLoader:240 - Cannot read IP mode file for STMicroelectronics.FP-SNS-MOTENVWB1.1.4.0
2024-10-21 17:24:58,011 [WARN] PackLoader:240 - Cannot read IP mode file for STMicroelectronics.X-CUBE-SMBUS.2.1.0
2024-10-21 17:24:58,019 [WARN] PackLoader:240 - Cannot read IP mode file for STMicroelectronics.X-CUBE-WB05N.1.1.0
2024-10-21 17:24:58,039 [WARN] PackLoader:240 - Cannot read IP mode file for STMicroelectronics.X-CUBE-AZRTOS-F7.1.1.0
2024-10-21 17:24:58,084 [WARN] PackLoader:240 - Cannot read IP mode file for STMicroelectronics.X-CUBE-MEMS1.11.0.0
2024-10-21 17:24:58,274 [WARN] PackLoader:240 - Cannot read IP mode file for STMicroelectronics.FP-SNS-FLIGHT1.5.0.2
2024-10-21 17:24:58,284 [WARN] PackLoader:240 - Cannot read IP mode file for STMicroelectronics.X-CUBE-DISPLAY.3.0.0
2024-10-21 17:24:58,294 [WARN] PackLoader:240 - Cannot read IP mode file for STMicroelectronics.X-CUBE-BLE1.7.0.0
2024-10-21 17:24:58,302 [WARN] PackLoader:240 - Cannot read IP mode file for STMicroelectronics.X-CUBE-NFC10.1.0.0
2024-10-21 17:24:58,311 [WARN] PackLoader:240 - Cannot read IP mode file for emotas.I-CUBE-CANOPEN.1.3.0
2024-10-21 17:24:58,321 [WARN] PackLoader:240 - Cannot read IP mode file for STMicroelectronics.X-CUBE-BLEMGR.3.1.0
2024-10-21 17:24:58,330 [WARN] PackLoader:240 - Cannot read IP mode file for STMicroelectronics.FP-SNS-SMARTAG2.1.2.0
2024-10-21 17:24:58,341 [INFO] LogOutputStream:77 - [STDOUT_REDIRECT] 1 : Invalid condition id : UX_CORESTACK_Condition cause : null
2024-10-21 17:24:58,342 [INFO] LogOutputStream:77 - [STDOUT_REDIRECT] 1 : Invalid condition id : UX_CORESTACK_Condition cause : null
2024-10-21 17:24:58,343 [INFO] LogOutputStream:77 - [STDOUT_REDIRECT] 1 : Invalid condition id : UX_CORESTACK_Condition cause : null
2024-10-21 17:24:58,344 [INFO] LogOutputStream:77 - [STDOUT_REDIRECT] 1 : Invalid condition id : UX_CORESTACK_Condition cause : null
2024-10-21 17:24:58,346 [INFO] LogOutputStream:77 - [STDOUT_REDIRECT] 1 : Invalid condition id : UX_CORESTACK_Condition cause : null
2024-10-21 17:24:58,349 [WARN] PackLoader:240 - Cannot read IP mode file for STMicroelectronics.X-CUBE-AZRTOS-WL.2.0.0
2024-10-21 17:24:58,355 [WARN] PackLoader:240 - Cannot read IP mode file for STMicroelectronics.FP-SNS-MOTENV1.5.0.0
2024-10-21 17:24:58,366 [WARN] PackLoader:240 - Cannot read IP mode file for wolfSSL.I-CUBE-wolfMQTT.1.19.0
2024-10-21 17:24:58,373 [WARN] PackLoader:240 - Cannot read IP mode file for STMicroelectronics.X-CUBE-BLE2.3.3.0
2024-10-21 17:24:58,381 [WARN] PackLoader:240 - Cannot read IP mode file for STMicroelectronics.X-CUBE-NFC9.1.0.0
2024-10-21 17:24:58,389 [WARN] PackLoader:240 - Cannot read IP mode file for STMicroelectronics.X-CUBE-TCPP.4.1.0
2024-10-21 17:24:58,406 [WARN] PackLoader:240 - Cannot read IP mode file for STMicroelectronics.X-CUBE-AZRTOS-G0.1.1.0
2024-10-21 17:24:58,415 [WARN] PackLoader:240 - Cannot read IP mode file for STMicroelectronics.X-CUBE-SAFEA1.1.2.2
2024-10-21 17:24:58,423 [WARN] PackLoader:240 - Cannot read IP mode file for STMicroelectronics.X-CUBE-NFC4.3.0.0
2024-10-21 17:24:58,437 [WARN] PackLoader:240 - Cannot read IP mode file for EmbeddedOffice.I-CUBE-FS-RTOS.1.0.1
2024-10-21 17:24:58,438 [ERROR] ConditionMgr:805 - Attr not supported : Dmpu
2024-10-21 17:24:58,438 [ERROR] ConditionMgr:805 - Attr not supported : Dmpu
2024-10-21 17:24:58,438 [ERROR] ConditionMgr:805 - Attr not supported : Dmpu
2024-10-21 17:24:58,438 [ERROR] ConditionMgr:805 - Attr not supported : Dmpu
2024-10-21 17:24:58,438 [ERROR] ConditionMgr:805 - Attr not supported : Dmpu
2024-10-21 17:24:58,438 [ERROR] ConditionMgr:805 - Attr not supported : Dmpu
2024-10-21 17:24:58,438 [ERROR] ConditionMgr:805 - Attr not supported : Dmpu
2024-10-21 17:24:58,438 [ERROR] ConditionMgr:805 - Attr not supported : Dmpu
2024-10-21 17:24:58,438 [ERROR] ConditionMgr:805 - Attr not supported : Dmpu
2024-10-21 17:24:58,438 [ERROR] ConditionMgr:805 - Attr not supported : Dmpu
2024-10-21 17:24:58,438 [ERROR] ConditionMgr:805 - Attr not supported : Dmpu
2024-10-21 17:24:58,438 [ERROR] ConditionMgr:805 - Attr not supported : Dmpu
2024-10-21 17:24:58,438 [ERROR] ConditionMgr:805 - Attr not supported : Dmpu
2024-10-21 17:24:58,439 [ERROR] ConditionMgr:805 - Attr not supported : Dmpu
2024-10-21 17:24:58,439 [ERROR] ConditionMgr:805 - Attr not supported : Dmpu
2024-10-21 17:24:58,439 [ERROR] ConditionMgr:805 - Attr not supported : Dmpu
2024-10-21 17:24:58,439 [ERROR] ConditionMgr:805 - Attr not supported : Dmpu
2024-10-21 17:24:58,439 [ERROR] ConditionMgr:805 - Attr not supported : Dmpu
2024-10-21 17:24:58,439 [ERROR] ConditionMgr:805 - Attr not supported : Dmpu
2024-10-21 17:24:58,439 [ERROR] ConditionMgr:805 - Attr not supported : Dmpu
2024-10-21 17:24:58,439 [ERROR] ConditionMgr:805 - Attr not supported : Dmpu
2024-10-21 17:24:58,439 [ERROR] ConditionMgr:805 - Attr not supported : Dmpu
2024-10-21 17:24:58,439 [ERROR] ConditionMgr:805 - Attr not supported : Dmpu
2024-10-21 17:24:58,439 [ERROR] ConditionMgr:805 - Attr not supported : Dmpu
2024-10-21 17:24:58,439 [ERROR] ConditionMgr:805 - Attr not supported : Dmpu
2024-10-21 17:24:58,439 [ERROR] ConditionMgr:805 - Attr not supported : Dmpu
2024-10-21 17:24:58,439 [ERROR] ConditionMgr:805 - Attr not supported : Dmpu
2024-10-21 17:24:58,439 [ERROR] ConditionMgr:805 - Attr not supported : Dmpu
2024-10-21 17:24:58,439 [ERROR] ConditionMgr:805 - Attr not supported : Dmpu
2024-10-21 17:24:58,439 [ERROR] ConditionMgr:805 - Attr not supported : Dmpu
2024-10-21 17:24:58,439 [ERROR] ConditionMgr:805 - Attr not supported : Dmpu
2024-10-21 17:24:58,439 [ERROR] ConditionMgr:805 - Attr not supported : Dmpu
2024-10-21 17:24:58,439 [ERROR] ConditionMgr:805 - Attr not supported : Dmpu
2024-10-21 17:24:58,439 [ERROR] ConditionMgr:805 - Attr not supported : Dmpu
2024-10-21 17:24:58,439 [ERROR] ConditionMgr:805 - Attr not supported : Dmpu
2024-10-21 17:24:58,440 [ERROR] ConditionMgr:805 - Attr not supported : Dmpu
2024-10-21 17:24:58,441 [ERROR] ConditionMgr:805 - Attr not supported : Dmpu
2024-10-21 17:24:58,441 [ERROR] ConditionMgr:805 - Attr not supported : Dmpu
2024-10-21 17:24:58,441 [ERROR] ConditionMgr:805 - Attr not supported : Dmpu
2024-10-21 17:24:58,441 [ERROR] ConditionMgr:805 - Attr not supported : Dmpu
2024-10-21 17:24:58,441 [ERROR] ConditionMgr:805 - Attr not supported : Dmpu
2024-10-21 17:24:58,441 [ERROR] ConditionMgr:805 - Attr not supported : Dmpu
2024-10-21 17:24:58,441 [ERROR] ConditionMgr:805 - Attr not supported : Dmpu
2024-10-21 17:24:58,441 [ERROR] ConditionMgr:805 - Attr not supported : Dmpu
2024-10-21 17:24:58,441 [ERROR] ConditionMgr:805 - Attr not supported : Dmpu
2024-10-21 17:24:58,441 [ERROR] ConditionMgr:805 - Attr not supported : Dmpu
2024-10-21 17:24:58,441 [ERROR] ConditionMgr:805 - Attr not supported : Dmpu
2024-10-21 17:24:58,441 [ERROR] ConditionMgr:805 - Attr not supported : Dmpu
2024-10-21 17:24:58,441 [ERROR] ConditionMgr:805 - Attr not supported : Dmpu
2024-10-21 17:24:58,441 [ERROR] ConditionMgr:805 - Attr not supported : Dmpu
2024-10-21 17:24:58,441 [ERROR] ConditionMgr:805 - Attr not supported : Dmpu
2024-10-21 17:24:58,441 [ERROR] ConditionMgr:805 - Attr not supported : Dmpu
2024-10-21 17:24:58,441 [ERROR] ConditionMgr:805 - Attr not supported : Dmpu
2024-10-21 17:24:58,441 [ERROR] ConditionMgr:805 - Attr not supported : Dmpu
2024-10-21 17:24:58,441 [ERROR] ConditionMgr:805 - Attr not supported : Dmpu
2024-10-21 17:24:58,441 [ERROR] ConditionMgr:805 - Attr not supported : Dmpu
2024-10-21 17:24:58,442 [ERROR] ConditionMgr:805 - Attr not supported : Dmpu
2024-10-21 17:24:58,442 [ERROR] ConditionMgr:805 - Attr not supported : Dmpu
2024-10-21 17:24:58,442 [ERROR] ConditionMgr:805 - Attr not supported : Dmpu
2024-10-21 17:24:58,442 [ERROR] ConditionMgr:805 - Attr not supported : Dmpu
2024-10-21 17:24:58,442 [ERROR] ConditionMgr:805 - Attr not supported : Dmpu
2024-10-21 17:24:58,442 [ERROR] ConditionMgr:805 - Attr not supported : Dmpu
2024-10-21 17:24:58,442 [ERROR] ConditionMgr:805 - Attr not supported : Dmpu
2024-10-21 17:24:58,442 [ERROR] ConditionMgr:805 - Attr not supported : Dmpu
2024-10-21 17:24:58,449 [WARN] PackLoader:240 - Cannot read IP mode file for RealThread.X-CUBE-RT-Thread_Nano.4.1.1
2024-10-21 17:24:58,456 [WARN] PackLoader:240 - Cannot read IP mode file for STMicroelectronics.FP-ATR-SIGFOX1.3.2.0
2024-10-21 17:24:58,461 [WARN] PackLoader:240 - Cannot read IP mode file for wolfSSL.I-CUBE-wolfSSL.5.7.2
2024-10-21 17:24:58,470 [WARN] PackLoader:240 - Cannot read IP mode file for STMicroelectronics.X-CUBE-EEPRMA1.5.1.0
2024-10-21 17:24:58,480 [WARN] PackLoader:240 - Cannot read IP mode file for ITTIA_DB.I-CUBE-ITTIADB.8.9.0
2024-10-21 17:24:58,507 [WARN] PackLoader:240 - Cannot read IP mode file for SEGGER.I-CUBE-embOS.1.3.1
2024-10-21 17:24:58,552 [WARN] PackLoader:240 - Cannot read IP mode file for STMicroelectronics.X-CUBE-ALGOBUILD.1.4.0
2024-10-21 17:24:58,559 [WARN] PackLoader:240 - Cannot read IP mode file for STMicroelectronics.X-CUBE-AI.9.1.0
2024-10-21 17:24:58,581 [WARN] PackLoader:240 - Cannot read IP mode file for STMicroelectronics.X-CUBE-AZRTOS-F4.1.1.0
2024-10-21 17:24:58,592 [WARN] PackLoader:240 - Cannot read IP mode file for STMicroelectronics.X-CUBE-ISPU.2.1.0
2024-10-21 17:24:58,603 [WARN] PackLoader:240 - Cannot read IP mode file for STMicroelectronics.X-CUBE-FREERTOS.1.2.0
2024-10-21 17:24:58,630 [WARN] PackLoader:240 - Cannot read IP mode file for STMicroelectronics.X-CUBE-AZRTOS-L5.2.0.0
2024-10-21 17:24:58,649 [WARN] PackLoader:240 - Cannot read IP mode file for STMicroelectronics.X-CUBE-NFC6.3.1.0
2024-10-21 17:24:58,664 [WARN] PackLoader:240 - Cannot read IP mode file for STMicroelectronics.X-CUBE-DPower.1.2.0
2024-10-21 17:24:58,673 [WARN] PackLoader:240 - Cannot read IP mode file for STMicroelectronics.X-CUBE-AI.9.0.0
2024-10-21 17:24:58,690 [WARN] PackLoader:240 - Cannot read IP mode file for STMicroelectronics.X-CUBE-NFC7.1.0.1
2024-10-21 17:24:58,724 [WARN] ConditionMgr:438 - getConditionDescription Invalid condition id : LAN8742 Phy interface Condition cause : null
2024-10-21 17:24:58,725 [WARN] PackLoader:240 - Cannot read IP mode file for STMicroelectronics.X-CUBE-AZRTOS-L4.2.0.0
2024-10-21 17:24:58,729 [WARN] ConditionMgr:1039 - genDependencies : Invalid condition id : LAN8742 Phy interface Condition cause : null
2024-10-21 17:24:58,730 [WARN] ConditionMgr:1039 - genDependencies : Invalid condition id : LAN8742 Phy interface Condition cause : null
2024-10-21 17:24:58,731 [WARN] ConditionMgr:1039 - genDependencies : Invalid condition id : LAN8742 Phy interface Condition cause : null
2024-10-21 17:24:58,743 [WARN] PackLoader:240 - Cannot read IP mode file for STMicroelectronics.X-CUBE-SFXS2LP1.4.0.0
2024-10-21 17:24:58,805 [WARN] PackLoader:240 - Cannot read IP mode file for STMicroelectronics.X-CUBE-AZRTOS-H7.3.3.0
2024-10-21 17:24:58,821 [WARN] PackLoader:240 - Cannot read IP mode file for STMicroelectronics.X-CUBE-IPS.3.0.0
2024-10-21 17:24:58,839 [WARN] ConditionMgr:438 - getConditionDescription Invalid condition id : UX DEVICE CLASS RTOS Condition cause : null
2024-10-21 17:24:58,839 [WARN] ConditionMgr:438 - getConditionDescription Invalid condition id : UX DEVICE CLASS RTOS Condition cause : null
2024-10-21 17:24:58,842 [WARN] PackLoader:240 - Cannot read IP mode file for STMicroelectronics.X-CUBE-AZRTOS-WB.2.0.0
2024-10-21 17:24:58,842 [WARN] ConditionMgr:1039 - genDependencies : Invalid condition id : UX DEVICE CLASS RTOS Condition cause : null
2024-10-21 17:24:58,842 [WARN] ConditionMgr:1039 - genDependencies : Invalid condition id : UX DEVICE CLASS RTOS Condition cause : null
2024-10-21 17:24:58,842 [WARN] ConditionMgr:1039 - genDependencies : Invalid condition id : UX DEVICE CLASS RTOS Condition cause : null
2024-10-21 17:24:58,843 [WARN] ConditionMgr:1039 - genDependencies : Invalid condition id : UX DEVICE CLASS RTOS Condition cause : null
2024-10-21 17:24:58,843 [WARN] ConditionMgr:1039 - genDependencies : Invalid condition id : UX DEVICE CLASS RTOS Condition cause : null
2024-10-21 17:24:58,852 [WARN] PackLoader:240 - Cannot read IP mode file for STMicroelectronics.X-CUBE-GNSS1.7.0.0
2024-10-21 17:24:58,860 [WARN] PackLoader:240 - Cannot read IP mode file for STMicroelectronics.FP-SNS-STBOX1.2.0.0
2024-10-21 17:24:58,874 [WARN] PackLoader:240 - Cannot read IP mode file for STMicroelectronics.X-CUBE-SUBG2.5.0.0
2024-10-21 17:24:58,888 [WARN] PackLoader:240 - Cannot read IP mode file for Cesanta.I-CUBE-Mongoose.7.13.0
2024-10-21 17:24:58,900 [WARN] PackLoader:240 - Cannot read IP mode file for STMicroelectronics.X-CUBE-AZRTOS-G4.2.0.0
2024-10-21 17:24:58,906 [WARN] PackLoader:240 - Cannot read IP mode file for STMicroelectronics.X-CUBE-ISPU.2.0.0
2024-10-21 17:24:58,913 [WARN] PackLoader:240 - Cannot read IP mode file for STMicroelectronics.X-CUBE-ALS.1.0.2
2024-10-21 17:24:58,920 [WARN] PackLoader:240 - Cannot read IP mode file for STMicroelectronics.X-CUBE-TOUCHGFX.4.24.0
2024-10-21 17:24:58,923 [WARN] PackLoader:240 - Cannot read IP mode file for STMicroelectronics.X-CUBE-TOUCHGFX.4.24.1
2024-10-21 17:24:58,928 [WARN] PackLoader:240 - Cannot read IP mode file for wolfSSL.I-CUBE-wolfTPM.3.4.0
2024-10-21 17:24:58,936 [WARN] PackLoader:240 - Cannot read IP mode file for portGmbH.I-Cube-SoM-uGOAL.1.1.0
2024-10-21 17:24:58,952 [WARN] PackLoader:240 - Cannot read IP mode file for STMicroelectronics.X-CUBE-AZRTOS-H7RS.1.0.0
2024-10-21 17:24:58,959 [WARN] PackLoader:240 - Cannot read IP mode file for STMicroelectronics.FP-ATR-ASTRA1.2.0.0
2024-10-21 17:24:58,968 [WARN] PackLoader:240 - Cannot read IP mode file for STMicroelectronics.X-CUBE-TOF1.3.4.2
2024-10-21 17:24:59,001 [WARN] PackLoader:240 - Cannot read IP mode file for Infineon.AIROC-Wi-Fi-Bluetooth-STM32.1.6.1
2024-10-21 17:24:59,010 [WARN] PackLoader:240 - Cannot read IP mode file for wolfSSL.I-CUBE-wolfSSH.1.4.17
2024-10-21 17:24:59,011 [INFO] ThirdParty:978 - Integrity check success = true
2024-10-21 17:24:59,011 [INFO] IntegrityCheckThread:100 - exiting critical section [integrity check]
2024-10-21 17:24:59,011 [INFO] IntegrityCheckThread:103 - End integrity checks thread
2024-10-21 17:26:18,114 [ERROR] LogOutputStream:75 - [STDERR_REDIRECT] 
2024-10-21 17:26:18,114 [ERROR] LogOutputStream:75 - [STDERR_REDIRECT] 
