2024-12-09 15:44:11,013 [INFO] Activator:176 - 


2024-12-09 15:44:11,020 [INFO] Activator:177 - !SESSION log4j initialized
2024-12-09 15:44:18,769 [INFO] LogOutputStream:77 - [STDOUT_REDIRECT] 
2024-12-09 15:44:36,113 [INFO] ApplicationProperties:184 - Using Application install path: D:\STM32CubeIDE_1.16.0\STM32CubeIDE\plugins\com.st.stm32cube.common.mx_6.12.1.202409122256
2024-12-09 15:44:36,149 [INFO] DbMcusXml:78 - Set database path to: D:\STM32CubeIDE_1.16.0\STM32CubeIDE\plugins\com.st.stm32cube.common.mx_6.12.1.202409122256\\db\/mcu/
2024-12-09 15:44:36,154 [INFO] ApiDb:274 - Set plugin database path to: D:\STM32CubeIDE_1.16.0\STM32CubeIDE\plugins\com.st.stm32cube.common.mx_6.12.1.202409122256\\db\/plugins/boardmanager/
2024-12-09 15:44:36,154 [WARN] ApiDb:259 - Overriding images path with different value:  => D:\STM32CubeIDE_1.16.0\STM32CubeIDE\plugins\com.st.stm32cube.common.mx_6.12.1.202409122256\\db\/plugins/mcufinder/images/
2024-12-09 15:44:36,237 [INFO] ApiDb:250 - Set database path to: C:\Users\Wells\.stmcufinder\plugins\mcufinder//mcu/
2024-12-09 15:44:36,241 [INFO] DbMcusAds:125 - Set database path to: C:\Users\Wells\.stmcufinder\plugins\mcufinder//mcu/
2024-12-09 15:44:36,798 [INFO] CrossReferenceDbSqlite:203 - Set database path to: C:\Users\Wells\.stmcufinder\plugins\mcufinder//mcu/cs/
2024-12-09 15:44:37,026 [INFO] RulesReader:64 - Compatibility file has been processed (297 Rules)
2024-12-09 15:44:37,252 [INFO] DbMcusXml:78 - Set database path to: D:\STM32CubeIDE_1.16.0\STM32CubeIDE\plugins\com.st.stm32cube.common.mx_6.12.1.202409122256\\db\/mcu/
2024-12-09 15:44:37,252 [INFO] ApiDb:274 - Set plugin database path to: D:\STM32CubeIDE_1.16.0\STM32CubeIDE\plugins\com.st.stm32cube.common.mx_6.12.1.202409122256\\db\/plugins/boardmanager/
2024-12-09 15:44:37,252 [INFO] ApiDb:261 - Set plugin images path to: D:\STM32CubeIDE_1.16.0\STM32CubeIDE\plugins\com.st.stm32cube.common.mx_6.12.1.202409122256\\db\/plugins/mcufinder/images/
2024-12-09 15:44:37,252 [WARN] DbFile:41 - Overriding database path with different value: C:\Users\Wells\.stmcufinder\plugins\mcufinder/ => C:\Users\Wells\.stmcufinder\plugins\mcufinder
2024-12-09 15:44:37,252 [INFO] ApiDb:250 - Set database path to: C:\Users\Wells\.stmcufinder\plugins\mcufinder//mcu/
2024-12-09 15:44:37,252 [WARN] DbFile:41 - Overriding database path with different value: C:\Users\Wells\.stmcufinder\plugins\mcufinder/ => C:\Users\Wells\.stmcufinder\plugins\mcufinder
2024-12-09 15:44:37,252 [INFO] DbMcusAds:125 - Set database path to: C:\Users\Wells\.stmcufinder\plugins\mcufinder//mcu/
2024-12-09 15:44:37,252 [WARN] DbFile:41 - Overriding database path with different value: C:\Users\Wells\.stmcufinder\plugins\mcufinder/ => C:\Users\Wells\.stmcufinder\plugins\mcufinder
2024-12-09 15:44:37,252 [WARN] DbFile:41 - Overriding database path with different value: C:\Users\Wells\.stmcufinder\plugins\mcufinder/ => C:\Users\Wells\.stmcufinder\plugins\mcufinder
2024-12-09 15:44:37,791 [INFO] CrossReferenceDbSqlite:203 - Set database path to: C:\Users\Wells\.stmcufinder\plugins\mcufinder//mcu/cs/
2024-12-09 15:44:37,889 [INFO] MainPanel:268 - HeapMemory: 268435456
2024-12-09 15:44:38,067 [INFO] DbMcusXml:78 - Set database path to: D:\STM32CubeIDE_1.16.0\STM32CubeIDE\plugins\com.st.stm32cube.common.mx_6.12.1.202409122256\\db\/mcu/
2024-12-09 15:44:38,068 [INFO] ApiDb:274 - Set plugin database path to: D:\STM32CubeIDE_1.16.0\STM32CubeIDE\plugins\com.st.stm32cube.common.mx_6.12.1.202409122256\\db\/plugins/boardmanager/
2024-12-09 15:44:38,068 [INFO] ApiDb:261 - Set plugin images path to: D:\STM32CubeIDE_1.16.0\STM32CubeIDE\plugins\com.st.stm32cube.common.mx_6.12.1.202409122256\\db\/plugins/mcufinder/images/
2024-12-09 15:44:38,068 [WARN] DbFile:41 - Overriding database path with different value: C:\Users\Wells\.stmcufinder\plugins\mcufinder/ => C:\Users\Wells\.stmcufinder\plugins\mcufinder
2024-12-09 15:44:38,068 [INFO] ApiDb:250 - Set database path to: C:\Users\Wells\.stmcufinder\plugins\mcufinder//mcu/
2024-12-09 15:44:38,068 [WARN] DbFile:41 - Overriding database path with different value: C:\Users\Wells\.stmcufinder\plugins\mcufinder/ => C:\Users\Wells\.stmcufinder\plugins\mcufinder
2024-12-09 15:44:38,068 [INFO] DbMcusAds:125 - Set database path to: C:\Users\Wells\.stmcufinder\plugins\mcufinder//mcu/
2024-12-09 15:44:38,068 [WARN] DbFile:41 - Overriding database path with different value: C:\Users\Wells\.stmcufinder\plugins\mcufinder/ => C:\Users\Wells\.stmcufinder\plugins\mcufinder
2024-12-09 15:44:38,068 [WARN] DbFile:41 - Overriding database path with different value: C:\Users\Wells\.stmcufinder\plugins\mcufinder/ => C:\Users\Wells\.stmcufinder\plugins\mcufinder
2024-12-09 15:44:38,828 [INFO] CrossReferenceDbSqlite:203 - Set database path to: C:\Users\Wells\.stmcufinder\plugins\mcufinder//mcu/cs/
2024-12-09 15:44:38,871 [INFO] ApplicationProperties:184 - Using Application install path: D:\STM32CubeIDE_1.16.0\STM32CubeIDE\plugins\com.st.stm32cube.common.mx_6.12.1.202409122256
2024-12-09 15:44:38,871 [INFO] PluginManage:196 - Search for loadable plugins [exclusion list=, ]
2024-12-09 15:44:38,877 [INFO] PluginManage:310 - Check plugin analytics
2024-12-09 15:44:39,931 [INFO] AnalyticsPlugin:253 - Accepted Software Licenses: 
2024-12-09 15:44:39,931 [INFO] AnalyticsPlugin:255 - Accepted CMSIS Pack Licenses: 
2024-12-09 15:44:39,931 [INFO] AnalyticsPlugin:257 - Accepted Firmware Licenses: 
2024-12-09 15:44:39,938 [INFO] PluginManage:359 - Loaded plugin analytics (category:tool,tabindex:-1)
2024-12-09 15:44:39,938 [INFO] PluginManage:310 - Check plugin cadmodel
2024-12-09 15:44:39,945 [INFO] CADModel:105 - Init CAD model plugin
2024-12-09 15:44:39,945 [INFO] PluginManage:359 - Loaded plugin cadmodel (category:power,tabindex:5)
2024-12-09 15:44:39,945 [INFO] PluginManage:310 - Check plugin clock
2024-12-09 15:44:39,961 [INFO] PluginManage:359 - Loaded plugin clock (category:base,tabindex:2)
2024-12-09 15:44:39,961 [INFO] PluginManage:310 - Check plugin ddr
2024-12-09 15:44:39,961 [INFO] PluginManage:359 - Loaded plugin ddr (category:tool,tabindex:6)
2024-12-09 15:44:39,961 [INFO] PluginManage:310 - Check plugin filemanager
2024-12-09 15:44:40,237 [INFO] PluginManage:359 - Loaded plugin filemanager (category:base,tabindex:10)
2024-12-09 15:44:40,237 [INFO] PluginManage:310 - Check plugin ipmanager
2024-12-09 15:44:40,254 [INFO] PluginManage:359 - Loaded plugin ipmanager (category:base,tabindex:5)
2024-12-09 15:44:40,254 [INFO] PluginManage:310 - Check plugin lpbam
2024-12-09 15:44:40,270 [INFO] PluginManage:359 - Loaded plugin lpbam (category:base,tabindex:0)
2024-12-09 15:44:40,270 [INFO] PluginManage:310 - Check plugin memorymap
2024-12-09 15:44:40,296 [INFO] PluginManage:359 - Loaded plugin memorymap (category:base,tabindex:4)
2024-12-09 15:44:40,296 [INFO] PluginManage:310 - Check plugin pinoutandconfiguration
2024-12-09 15:44:40,308 [INFO] PluginManage:359 - Loaded plugin pinoutandconfiguration (category:base,tabindex:1)
2024-12-09 15:44:40,308 [INFO] PluginManage:310 - Check plugin pinoutconfig
2024-12-09 15:44:40,446 [WARN] SupportedApi:132 - Cannot load RTOS API schema: s4s-elt-must-match.1: The content of 'definitions' must match (annotation?, (simpleType | complexType)?, (unique | key | keyref)*)). A problem was found starting at: attribute.
2024-12-09 15:44:40,623 [INFO] PluginManage:359 - Loaded plugin pinoutconfig (category:base,tabindex:0)
2024-12-09 15:44:40,623 [INFO] PluginManage:310 - Check plugin power
2024-12-09 15:44:40,634 [INFO] PluginManage:359 - Loaded plugin power (category:power,tabindex:4)
2024-12-09 15:44:40,634 [INFO] PluginManage:310 - Check plugin projectmanager
2024-12-09 15:44:40,652 [INFO] PluginManage:359 - Loaded plugin projectmanager (category:projectmanager,tabindex:4)
2024-12-09 15:44:40,652 [INFO] PluginManage:310 - Check plugin rif
2024-12-09 15:44:40,664 [INFO] PluginManage:359 - Loaded plugin rif (category:base,tabindex:3)
2024-12-09 15:44:40,664 [INFO] PluginManage:310 - Check plugin thirdparty
2024-12-09 15:44:40,903 [INFO] PluginManage:359 - Loaded plugin thirdparty (category:base,tabindex:-1)
2024-12-09 15:44:40,903 [INFO] PluginManage:310 - Check plugin tools
2024-12-09 15:44:40,903 [WARN] IntegrityCheckThread:84 - waiting for thirdparty lock release [integrity check]
2024-12-09 15:44:40,903 [INFO] IntegrityCheckThread:86 - entering critical section [integrity check]
2024-12-09 15:44:40,903 [INFO] ThirdPartyUpdaterWithRetryManager:70 - Updater plugin not ready yet. [1/15]
2024-12-09 15:44:40,903 [INFO] PluginManage:359 - Loaded plugin tools (category:base,tabindex:7)
2024-12-09 15:44:40,903 [INFO] PluginManage:310 - Check plugin tutovideos
2024-12-09 15:44:41,104 [INFO] PluginManage:359 - Loaded plugin tutovideos (category:base,tabindex:-1)
2024-12-09 15:44:41,104 [INFO] PluginManage:310 - Check plugin updater
2024-12-09 15:44:41,138 [INFO] PluginManage:359 - Loaded plugin updater (category:base,tabindex:12)
2024-12-09 15:44:41,138 [INFO] PluginManage:310 - Check plugin userauth
2024-12-09 15:44:41,138 [INFO] UserAuth:113 - Init User Auth plugin
2024-12-09 15:44:41,138 [INFO] PluginManage:359 - Loaded plugin userauth (category:base,tabindex:14)
2024-12-09 15:44:41,138 [INFO] PluginManage:283 - PluginManage : Loaded plugins [18]
2024-12-09 15:44:41,395 [INFO] PinOutPanel:1561 - setPackage(No Configuration,No Configuration)
2024-12-09 15:44:41,549 [INFO] CADModel:165 - CPN selected for project level
2024-12-09 15:44:41,549 [INFO] CADModel:114 - Register for checkConnection events
2024-12-09 15:44:41,567 [INFO] IPUIPlugin:80 - create IPUIPlugin
2024-12-09 15:44:41,567 [INFO] PluginManager:220 - loadIPPluginJar : add adc
2024-12-09 15:44:41,574 [INFO] IPUIPlugin:80 - create IPUIPlugin
2024-12-09 15:44:41,574 [INFO] PluginManager:220 - loadIPPluginJar : add aes
2024-12-09 15:44:41,574 [INFO] IPUIPlugin:80 - create IPUIPlugin
2024-12-09 15:44:41,574 [INFO] PluginManager:220 - loadIPPluginJar : add can
2024-12-09 15:44:41,579 [INFO] IPUIPlugin:80 - create IPUIPlugin
2024-12-09 15:44:41,579 [INFO] PluginManager:220 - loadIPPluginJar : add comp
2024-12-09 15:44:41,581 [INFO] IPUIPlugin:80 - create IPUIPlugin
2024-12-09 15:44:41,581 [INFO] PluginManager:220 - loadIPPluginJar : add cryp
2024-12-09 15:44:41,581 [INFO] IPUIPlugin:80 - create IPUIPlugin
2024-12-09 15:44:41,581 [INFO] PluginManager:220 - loadIPPluginJar : add ddr_ctrl_phy
2024-12-09 15:44:41,586 [INFO] IPUIPlugin:80 - create IPUIPlugin
2024-12-09 15:44:41,586 [INFO] PluginManager:220 - loadIPPluginJar : add dfsdm
2024-12-09 15:44:41,586 [INFO] IPUIPlugin:80 - create IPUIPlugin
2024-12-09 15:44:41,586 [INFO] PluginManager:220 - loadIPPluginJar : add dma
2024-12-09 15:44:41,586 [INFO] IPUIPlugin:80 - create IPUIPlugin
2024-12-09 15:44:41,586 [INFO] PluginManager:220 - loadIPPluginJar : add dma3
2024-12-09 15:44:41,586 [INFO] IPUIPlugin:80 - create IPUIPlugin
2024-12-09 15:44:41,586 [INFO] PluginManager:220 - loadIPPluginJar : add extmemmanager
2024-12-09 15:44:41,586 [INFO] IPUIPlugin:80 - create IPUIPlugin
2024-12-09 15:44:41,586 [INFO] PluginManager:220 - loadIPPluginJar : add fatfs
2024-12-09 15:44:41,597 [INFO] IPUIPlugin:80 - create IPUIPlugin
2024-12-09 15:44:41,597 [INFO] PluginManager:220 - loadIPPluginJar : add fmc
2024-12-09 15:44:41,597 [INFO] IPUIPlugin:80 - create IPUIPlugin
2024-12-09 15:44:41,597 [INFO] PluginManager:220 - loadIPPluginJar : add freertos
2024-12-09 15:44:41,597 [INFO] IPUIPlugin:80 - create IPUIPlugin
2024-12-09 15:44:41,597 [INFO] PluginManager:220 - loadIPPluginJar : add genericplugin
2024-12-09 15:44:41,597 [INFO] IPUIPlugin:80 - create IPUIPlugin
2024-12-09 15:44:41,597 [INFO] PluginManager:220 - loadIPPluginJar : add gfxmmu
2024-12-09 15:44:41,629 [INFO] IPUIPlugin:80 - create IPUIPlugin
2024-12-09 15:44:41,629 [INFO] PluginManager:220 - loadIPPluginJar : add gic
2024-12-09 15:44:41,660 [INFO] IPUIPlugin:80 - create IPUIPlugin
2024-12-09 15:44:41,660 [INFO] PluginManager:220 - loadIPPluginJar : add gpio
2024-12-09 15:44:41,660 [INFO] IPUIPlugin:80 - create IPUIPlugin
2024-12-09 15:44:41,660 [INFO] PluginManager:220 - loadIPPluginJar : add gtzc
2024-12-09 15:44:41,660 [INFO] IPUIPlugin:80 - create IPUIPlugin
2024-12-09 15:44:41,660 [INFO] PluginManager:220 - loadIPPluginJar : add hash
2024-12-09 15:44:41,660 [INFO] IPUIPlugin:80 - create IPUIPlugin
2024-12-09 15:44:41,660 [INFO] PluginManager:220 - loadIPPluginJar : add i2c
2024-12-09 15:44:41,675 [INFO] IPUIPlugin:80 - create IPUIPlugin
2024-12-09 15:44:41,675 [INFO] PluginManager:220 - loadIPPluginJar : add i2s
2024-12-09 15:44:41,675 [INFO] IPUIPlugin:80 - create IPUIPlugin
2024-12-09 15:44:41,675 [INFO] PluginManager:220 - loadIPPluginJar : add i3c
2024-12-09 15:44:41,675 [INFO] IPUIPlugin:80 - create IPUIPlugin
2024-12-09 15:44:41,675 [INFO] PluginManager:220 - loadIPPluginJar : add ipddr
2024-12-09 15:44:41,691 [INFO] IPUIPlugin:80 - create IPUIPlugin
2024-12-09 15:44:41,691 [INFO] PluginManager:220 - loadIPPluginJar : add linkedlist
2024-12-09 15:44:41,691 [INFO] IPUIPlugin:80 - create IPUIPlugin
2024-12-09 15:44:41,691 [INFO] PluginManager:220 - loadIPPluginJar : add lorawan
2024-12-09 15:44:41,691 [INFO] IPUIPlugin:80 - create IPUIPlugin
2024-12-09 15:44:41,691 [INFO] PluginManager:220 - loadIPPluginJar : add ltdc
2024-12-09 15:44:41,691 [INFO] IPUIPlugin:80 - create IPUIPlugin
2024-12-09 15:44:41,691 [INFO] PluginManager:220 - loadIPPluginJar : add mdma
2024-12-09 15:44:41,691 [INFO] IPUIPlugin:80 - create IPUIPlugin
2024-12-09 15:44:41,691 [INFO] PluginManager:220 - loadIPPluginJar : add nvic
2024-12-09 15:44:41,691 [INFO] IPUIPlugin:80 - create IPUIPlugin
2024-12-09 15:44:41,691 [INFO] PluginManager:220 - loadIPPluginJar : add opamp
2024-12-09 15:44:41,707 [INFO] IPUIPlugin:80 - create IPUIPlugin
2024-12-09 15:44:41,707 [INFO] PluginManager:220 - loadIPPluginJar : add openamp
2024-12-09 15:44:41,707 [INFO] IPUIPlugin:80 - create IPUIPlugin
2024-12-09 15:44:41,707 [INFO] PluginManager:220 - loadIPPluginJar : add pdm2pcm
2024-12-09 15:44:41,707 [INFO] IPUIPlugin:80 - create IPUIPlugin
2024-12-09 15:44:41,707 [INFO] PluginManager:220 - loadIPPluginJar : add plateformsettings
2024-12-09 15:44:41,707 [INFO] IPUIPlugin:80 - create IPUIPlugin
2024-12-09 15:44:41,707 [INFO] PluginManager:220 - loadIPPluginJar : add quadspi
2024-12-09 15:44:41,707 [INFO] IPUIPlugin:80 - create IPUIPlugin
2024-12-09 15:44:41,707 [INFO] PluginManager:220 - loadIPPluginJar : add radio
2024-12-09 15:44:41,707 [INFO] IPUIPlugin:80 - create IPUIPlugin
2024-12-09 15:44:41,707 [INFO] PluginManager:220 - loadIPPluginJar : add resmgrutility
2024-12-09 15:44:41,707 [INFO] IPUIPlugin:80 - create IPUIPlugin
2024-12-09 15:44:41,707 [INFO] PluginManager:220 - loadIPPluginJar : add sai
2024-12-09 15:44:41,722 [INFO] IPUIPlugin:80 - create IPUIPlugin
2024-12-09 15:44:41,722 [INFO] PluginManager:220 - loadIPPluginJar : add spi
2024-12-09 15:44:41,722 [INFO] IPUIPlugin:80 - create IPUIPlugin
2024-12-09 15:44:41,722 [INFO] PluginManager:220 - loadIPPluginJar : add stm32_wpan
2024-12-09 15:44:41,722 [INFO] IPUIPlugin:80 - create IPUIPlugin
2024-12-09 15:44:41,722 [INFO] PluginManager:220 - loadIPPluginJar : add tim
2024-12-09 15:44:41,722 [INFO] IPUIPlugin:80 - create IPUIPlugin
2024-12-09 15:44:41,722 [INFO] PluginManager:220 - loadIPPluginJar : add touchsensing
2024-12-09 15:44:41,722 [INFO] IPUIPlugin:80 - create IPUIPlugin
2024-12-09 15:44:41,722 [INFO] PluginManager:220 - loadIPPluginJar : add tracer_emb
2024-12-09 15:44:41,722 [INFO] IPUIPlugin:80 - create IPUIPlugin
2024-12-09 15:44:41,722 [INFO] PluginManager:220 - loadIPPluginJar : add ts
2024-12-09 15:44:41,722 [INFO] IPUIPlugin:80 - create IPUIPlugin
2024-12-09 15:44:41,722 [INFO] PluginManager:220 - loadIPPluginJar : add tsc
2024-12-09 15:44:41,722 [INFO] IPUIPlugin:80 - create IPUIPlugin
2024-12-09 15:44:41,722 [INFO] PluginManager:220 - loadIPPluginJar : add ucpd
2024-12-09 15:44:41,738 [INFO] IPUIPlugin:80 - create IPUIPlugin
2024-12-09 15:44:41,738 [INFO] PluginManager:220 - loadIPPluginJar : add usart
2024-12-09 15:44:41,738 [INFO] IPUIPlugin:80 - create IPUIPlugin
2024-12-09 15:44:41,738 [INFO] PluginManager:220 - loadIPPluginJar : add usbx
2024-12-09 15:44:41,879 [INFO] CADModel:165 - CPN selected for project level
2024-12-09 15:44:41,879 [INFO] CADModel:114 - Register for checkConnection events
2024-12-09 15:44:41,879 [FATAL] Updater:334 - Updater called before beeing initialized
2024-12-09 15:44:41,879 [ERROR] CADModel:125 - Updater not yet initialized, retry later 
2024-12-09 15:44:42,036 [INFO] CADModel:165 - CPN selected for project level
2024-12-09 15:44:42,036 [INFO] CADModel:114 - Register for checkConnection events
2024-12-09 15:44:42,036 [FATAL] Updater:334 - Updater called before beeing initialized
2024-12-09 15:44:42,036 [ERROR] CADModel:125 - Updater not yet initialized, retry later 
2024-12-09 15:44:42,040 [FATAL] Updater:334 - Updater called before beeing initialized
2024-12-09 15:44:42,243 [FATAL] Updater:334 - Updater called before beeing initialized
2024-12-09 15:44:42,251 [INFO] DbMcusAds:53 - JSON generation date=Fri Sep 20 21:04:23 HKT 2024 (1726837463113)
2024-12-09 15:44:42,251 [FATAL] Updater:334 - Updater called before beeing initialized
2024-12-09 15:44:42,283 [WARN] DetailPanel:346 - Failed to get advertising image, set to default
2024-12-09 15:44:42,477 [FATAL] Updater:334 - Updater called before beeing initialized
2024-12-09 15:44:42,477 [FATAL] Updater:334 - Updater called before beeing initialized
2024-12-09 15:44:42,482 [FATAL] Updater:334 - Updater called before beeing initialized
2024-12-09 15:44:42,482 [WARN] DetailPanel:346 - Failed to get advertising image, set to default
2024-12-09 15:44:42,482 [FATAL] Updater:334 - Updater called before beeing initialized
2024-12-09 15:44:42,556 [ERROR] Updater:1164 - MainUpdater not yet initialized. External WinMGr cannot be set.
2024-12-09 15:44:42,567 [INFO] Updater:1100 - Updater Version found : 6.12.1
2024-12-09 15:44:42,591 [INFO] ApplicationProperties:184 - Using Application install path: D:\STM32CubeIDE_1.16.0\STM32CubeIDE\plugins\com.st.stm32cube.common.mx_6.12.1.202409122256
2024-12-09 15:44:43,912 [INFO] ThirdPartyUpdaterWithRetryManager:70 - Updater plugin not ready yet. [2/15]
2024-12-09 15:44:44,223 [ERROR] LogOutputStream:75 - [STDERR_REDIRECT] Dec 09, 2024 3:44:44 PM java.util.prefs.WindowsPreferences <init>
2024-12-09 15:44:44,223 [ERROR] LogOutputStream:75 - [STDERR_REDIRECT] WARNING: Could not open/create prefs root node Software\JavaSoft\Prefs at root 0xffffffff80000002. Windows RegCreateKeyEx(...) returned error code 5.
2024-12-09 15:44:44,223 [ERROR] LogOutputStream:75 - [STDERR_REDIRECT] 
2024-12-09 15:44:45,302 [INFO] MainUpdater:2873 - connection check result : 10
2024-12-09 15:44:45,302 [INFO] MainUpdater:3567 - Updater definition file requires update
2024-12-09 15:44:45,306 [INFO] MainUpdater:290 - Updater Check For Update Now.
2024-12-09 15:44:45,306 [INFO] MicroXplorer:498 - Change Database Version : DB.6.0.121
2024-12-09 15:44:45,312 [INFO] McuFinderGlobals:63 - Set McuFinder mode to 2 (CubeIDE integrated)
2024-12-09 15:44:45,315 [INFO] UserAuth:417 - Internet connection configuration mode: 1
2024-12-09 15:44:45,338 [INFO] JxBrowserEngine:152 - Initiate JxBrowser Engine with user profile folder
2024-12-09 15:44:45,741 [INFO] ServerAccessManage:473 - Download File updaters.zip
2024-12-09 15:44:45,894 [INFO] FileExtend:240 - Unzip File : updaters.zip
2024-12-09 15:44:45,894 [INFO] FileExtend:255 - Standard Zip Deflate
2024-12-09 15:44:46,840 [INFO] WebApp:167 - Instantiating new browser for Auth
2024-12-09 15:44:46,921 [WARN] MainUpdater:1194 - Updater busy. Cannot search thirdparties
2024-12-09 15:44:46,921 [INFO] ThirdPartyUpdaterWithRetryManager:96 - Updater plugin is busy. [1/15]
2024-12-09 15:44:47,400 [INFO] ServerAccessManage:473 - Download File PacksControlFlags.xml
2024-12-09 15:44:47,515 [INFO] ServerAccessManage:473 - Download File cubemx.pidx
2024-12-09 15:44:48,379 [INFO] ServerAccessManage:473 - Download File STMicroelectronics.X-CUBE-BLEMGR.pdsc
2024-12-09 15:44:48,527 [ERROR] ServerAccessManage:1089 - Problem, file not found on Server
2024-12-09 15:44:49,104 [INFO] WebApp:448 - Apply proxy settings
2024-12-09 15:44:49,104 [INFO] WebApp:533 - Chromium requires no authentication
2024-12-09 15:44:49,205 [INFO] WebApp:476 - Direct internet connection detected
2024-12-09 15:44:49,677 [INFO] WebApp:869 - Register for checkConnection events
2024-12-09 15:44:49,677 [INFO] WebApp:448 - Apply proxy settings
2024-12-09 15:44:49,677 [INFO] WebApp:533 - Chromium requires no authentication
2024-12-09 15:44:49,677 [INFO] WebApp:476 - Direct internet connection detected
2024-12-09 15:44:49,930 [WARN] MainUpdater:1194 - Updater busy. Cannot search thirdparties
2024-12-09 15:44:49,931 [INFO] ThirdPartyUpdaterWithRetryManager:96 - Updater plugin is busy. [2/15]
2024-12-09 15:44:51,456 [INFO] WebApp:220 - Starting web application
2024-12-09 15:44:51,456 [INFO] WebApp:578 - Web application path used D:\STM32CubeIDE_1.16.0\STM32CubeIDE\plugins\com.st.stm32cube.common.mx_6.12.1.202409122256\db\plugins\mcufinder\reactClient1\index.html
2024-12-09 15:44:51,615 [ERROR] ServerAccessManage:1131 - HTTP unexpected response (418) for https://www.weston-embedded.com/stm_packages/WES.I-CUBE-Cesium.pdsc
2024-12-09 15:44:51,615 [ERROR] ServerAccessManage:651 - Error during Access to HTTP Server. : WES.I-CUBE-Cesium.pdsc.
2024-12-09 15:44:51,628 [INFO] UserAuth:417 - Internet connection configuration mode: 1
2024-12-09 15:44:52,173 [INFO] CheckServerUpdateThread:120 - End of CheckServer Thread
2024-12-09 15:44:52,283 [WARN] PackLoader:240 - Cannot read IP mode file for STMicroelectronics.X-CUBE-BLEMGR.4.0.0
2024-12-09 15:44:52,298 [INFO] PopulateThirdPartyThread:66 - Ending populate Thread
2024-12-09 15:44:52,303 [INFO] ThirdParty:1030 - CMSIS Pack Vendor :STMicroelectronics X-CUBE-BLEMGR 4.0.0
2024-12-09 15:44:52,303 [INFO] LoadServerUpdatesThread:375 - End of LoadServerUpdate Thread
2024-12-09 15:44:53,981 [WARN] PackLoader:240 - Cannot read IP mode file for STMicroelectronics.FP-SNS-MOTENVWB1.1.4.0
2024-12-09 15:44:53,992 [WARN] PackLoader:240 - Cannot read IP mode file for STMicroelectronics.FP-ATR-ASTRA1.2.0.1
2024-12-09 15:44:54,011 [WARN] PackLoader:240 - Cannot read IP mode file for STMicroelectronics.X-CUBE-SMBUS.2.1.0
2024-12-09 15:44:54,029 [WARN] PackLoader:240 - Cannot read IP mode file for STMicroelectronics.X-CUBE-WB05N.1.1.0
2024-12-09 15:44:54,078 [WARN] PackLoader:240 - Cannot read IP mode file for STMicroelectronics.X-CUBE-AZRTOS-F7.1.1.0
2024-12-09 15:44:54,185 [WARN] PackLoader:240 - Cannot read IP mode file for STMicroelectronics.X-CUBE-MEMS1.11.0.0
2024-12-09 15:44:54,598 [WARN] PackLoader:240 - Cannot read IP mode file for STMicroelectronics.FP-SNS-FLIGHT1.5.0.2
2024-12-09 15:44:54,619 [WARN] PackLoader:240 - Cannot read IP mode file for STMicroelectronics.X-CUBE-DISPLAY.3.0.0
2024-12-09 15:44:54,647 [WARN] PackLoader:240 - Cannot read IP mode file for STMicroelectronics.X-CUBE-BLE1.7.0.0
2024-12-09 15:44:54,671 [WARN] PackLoader:240 - Cannot read IP mode file for STMicroelectronics.X-CUBE-NFC10.1.0.0
2024-12-09 15:44:54,695 [WARN] PackLoader:240 - Cannot read IP mode file for STMicroelectronics.X-CUBE-BLEMGR.4.0.0
2024-12-09 15:44:54,725 [WARN] PackLoader:240 - Cannot read IP mode file for emotas.I-CUBE-CANOPEN.1.3.0
2024-12-09 15:44:54,738 [WARN] PackLoader:240 - Cannot read IP mode file for STMicroelectronics.X-CUBE-BLEMGR.3.1.0
2024-12-09 15:44:54,762 [WARN] PackLoader:240 - Cannot read IP mode file for STMicroelectronics.FP-SNS-SMARTAG2.1.2.0
2024-12-09 15:44:54,791 [INFO] LogOutputStream:77 - [STDOUT_REDIRECT] 1 : Invalid condition id : UX_CORESTACK_Condition cause : null
2024-12-09 15:44:54,791 [INFO] LogOutputStream:77 - [STDOUT_REDIRECT] 1 : Invalid condition id : UX_CORESTACK_Condition cause : null
2024-12-09 15:44:54,799 [INFO] LogOutputStream:77 - [STDOUT_REDIRECT] 1 : Invalid condition id : UX_CORESTACK_Condition cause : null
2024-12-09 15:44:54,803 [INFO] LogOutputStream:77 - [STDOUT_REDIRECT] 1 : Invalid condition id : UX_CORESTACK_Condition cause : null
2024-12-09 15:44:54,807 [INFO] LogOutputStream:77 - [STDOUT_REDIRECT] 1 : Invalid condition id : UX_CORESTACK_Condition cause : null
2024-12-09 15:44:54,811 [WARN] PackLoader:240 - Cannot read IP mode file for STMicroelectronics.X-CUBE-AZRTOS-WL.2.0.0
2024-12-09 15:44:54,834 [WARN] PackLoader:240 - Cannot read IP mode file for STMicroelectronics.FP-SNS-MOTENV1.5.0.0
2024-12-09 15:44:54,858 [WARN] PackLoader:240 - Cannot read IP mode file for wolfSSL.I-CUBE-wolfMQTT.1.19.0
2024-12-09 15:44:54,894 [WARN] PackLoader:240 - Cannot read IP mode file for STMicroelectronics.X-CUBE-BLE2.3.3.0
2024-12-09 15:44:54,924 [WARN] PackLoader:240 - Cannot read IP mode file for STMicroelectronics.X-CUBE-NFC9.1.0.0
2024-12-09 15:44:54,949 [WARN] PackLoader:240 - Cannot read IP mode file for STMicroelectronics.X-CUBE-TCPP.4.1.0
2024-12-09 15:44:54,999 [WARN] PackLoader:240 - Cannot read IP mode file for STMicroelectronics.X-CUBE-AZRTOS-G0.1.1.0
2024-12-09 15:44:55,022 [WARN] PackLoader:240 - Cannot read IP mode file for STMicroelectronics.X-CUBE-SAFEA1.1.2.2
2024-12-09 15:44:55,040 [WARN] PackLoader:240 - Cannot read IP mode file for STMicroelectronics.X-CUBE-NFC4.3.0.0
2024-12-09 15:44:55,071 [WARN] PackLoader:240 - Cannot read IP mode file for EmbeddedOffice.I-CUBE-FS-RTOS.1.0.1
2024-12-09 15:44:55,071 [ERROR] ConditionMgr:805 - Attr not supported : Dmpu
2024-12-09 15:44:55,071 [ERROR] ConditionMgr:805 - Attr not supported : Dmpu
2024-12-09 15:44:55,071 [ERROR] ConditionMgr:805 - Attr not supported : Dmpu
2024-12-09 15:44:55,071 [ERROR] ConditionMgr:805 - Attr not supported : Dmpu
2024-12-09 15:44:55,076 [ERROR] ConditionMgr:805 - Attr not supported : Dmpu
2024-12-09 15:44:55,076 [ERROR] ConditionMgr:805 - Attr not supported : Dmpu
2024-12-09 15:44:55,076 [ERROR] ConditionMgr:805 - Attr not supported : Dmpu
2024-12-09 15:44:55,076 [ERROR] ConditionMgr:805 - Attr not supported : Dmpu
2024-12-09 15:44:55,077 [ERROR] ConditionMgr:805 - Attr not supported : Dmpu
2024-12-09 15:44:55,077 [ERROR] ConditionMgr:805 - Attr not supported : Dmpu
2024-12-09 15:44:55,077 [ERROR] ConditionMgr:805 - Attr not supported : Dmpu
2024-12-09 15:44:55,077 [ERROR] ConditionMgr:805 - Attr not supported : Dmpu
2024-12-09 15:44:55,077 [ERROR] ConditionMgr:805 - Attr not supported : Dmpu
2024-12-09 15:44:55,077 [ERROR] ConditionMgr:805 - Attr not supported : Dmpu
2024-12-09 15:44:55,077 [ERROR] ConditionMgr:805 - Attr not supported : Dmpu
2024-12-09 15:44:55,077 [ERROR] ConditionMgr:805 - Attr not supported : Dmpu
2024-12-09 15:44:55,077 [ERROR] ConditionMgr:805 - Attr not supported : Dmpu
2024-12-09 15:44:55,077 [ERROR] ConditionMgr:805 - Attr not supported : Dmpu
2024-12-09 15:44:55,077 [ERROR] ConditionMgr:805 - Attr not supported : Dmpu
2024-12-09 15:44:55,077 [ERROR] ConditionMgr:805 - Attr not supported : Dmpu
2024-12-09 15:44:55,077 [ERROR] ConditionMgr:805 - Attr not supported : Dmpu
2024-12-09 15:44:55,077 [ERROR] ConditionMgr:805 - Attr not supported : Dmpu
2024-12-09 15:44:55,077 [ERROR] ConditionMgr:805 - Attr not supported : Dmpu
2024-12-09 15:44:55,077 [ERROR] ConditionMgr:805 - Attr not supported : Dmpu
2024-12-09 15:44:55,077 [ERROR] ConditionMgr:805 - Attr not supported : Dmpu
2024-12-09 15:44:55,077 [ERROR] ConditionMgr:805 - Attr not supported : Dmpu
2024-12-09 15:44:55,077 [ERROR] ConditionMgr:805 - Attr not supported : Dmpu
2024-12-09 15:44:55,077 [ERROR] ConditionMgr:805 - Attr not supported : Dmpu
2024-12-09 15:44:55,083 [ERROR] ConditionMgr:805 - Attr not supported : Dmpu
2024-12-09 15:44:55,083 [ERROR] ConditionMgr:805 - Attr not supported : Dmpu
2024-12-09 15:44:55,083 [ERROR] ConditionMgr:805 - Attr not supported : Dmpu
2024-12-09 15:44:55,083 [ERROR] ConditionMgr:805 - Attr not supported : Dmpu
2024-12-09 15:44:55,083 [ERROR] ConditionMgr:805 - Attr not supported : Dmpu
2024-12-09 15:44:55,083 [ERROR] ConditionMgr:805 - Attr not supported : Dmpu
2024-12-09 15:44:55,083 [ERROR] ConditionMgr:805 - Attr not supported : Dmpu
2024-12-09 15:44:55,083 [ERROR] ConditionMgr:805 - Attr not supported : Dmpu
2024-12-09 15:44:55,083 [ERROR] ConditionMgr:805 - Attr not supported : Dmpu
2024-12-09 15:44:55,083 [ERROR] ConditionMgr:805 - Attr not supported : Dmpu
2024-12-09 15:44:55,083 [ERROR] ConditionMgr:805 - Attr not supported : Dmpu
2024-12-09 15:44:55,086 [ERROR] ConditionMgr:805 - Attr not supported : Dmpu
2024-12-09 15:44:55,086 [ERROR] ConditionMgr:805 - Attr not supported : Dmpu
2024-12-09 15:44:55,086 [ERROR] ConditionMgr:805 - Attr not supported : Dmpu
2024-12-09 15:44:55,086 [ERROR] ConditionMgr:805 - Attr not supported : Dmpu
2024-12-09 15:44:55,086 [ERROR] ConditionMgr:805 - Attr not supported : Dmpu
2024-12-09 15:44:55,086 [ERROR] ConditionMgr:805 - Attr not supported : Dmpu
2024-12-09 15:44:55,086 [ERROR] ConditionMgr:805 - Attr not supported : Dmpu
2024-12-09 15:44:55,086 [ERROR] ConditionMgr:805 - Attr not supported : Dmpu
2024-12-09 15:44:55,086 [ERROR] ConditionMgr:805 - Attr not supported : Dmpu
2024-12-09 15:44:55,088 [ERROR] ConditionMgr:805 - Attr not supported : Dmpu
2024-12-09 15:44:55,088 [ERROR] ConditionMgr:805 - Attr not supported : Dmpu
2024-12-09 15:44:55,088 [ERROR] ConditionMgr:805 - Attr not supported : Dmpu
2024-12-09 15:44:55,088 [ERROR] ConditionMgr:805 - Attr not supported : Dmpu
2024-12-09 15:44:55,089 [ERROR] ConditionMgr:805 - Attr not supported : Dmpu
2024-12-09 15:44:55,089 [ERROR] ConditionMgr:805 - Attr not supported : Dmpu
2024-12-09 15:44:55,089 [ERROR] ConditionMgr:805 - Attr not supported : Dmpu
2024-12-09 15:44:55,089 [ERROR] ConditionMgr:805 - Attr not supported : Dmpu
2024-12-09 15:44:55,089 [ERROR] ConditionMgr:805 - Attr not supported : Dmpu
2024-12-09 15:44:55,089 [ERROR] ConditionMgr:805 - Attr not supported : Dmpu
2024-12-09 15:44:55,089 [ERROR] ConditionMgr:805 - Attr not supported : Dmpu
2024-12-09 15:44:55,089 [ERROR] ConditionMgr:805 - Attr not supported : Dmpu
2024-12-09 15:44:55,089 [ERROR] ConditionMgr:805 - Attr not supported : Dmpu
2024-12-09 15:44:55,089 [ERROR] ConditionMgr:805 - Attr not supported : Dmpu
2024-12-09 15:44:55,089 [ERROR] ConditionMgr:805 - Attr not supported : Dmpu
2024-12-09 15:44:55,089 [ERROR] ConditionMgr:805 - Attr not supported : Dmpu
2024-12-09 15:44:55,107 [WARN] PackLoader:240 - Cannot read IP mode file for RealThread.X-CUBE-RT-Thread_Nano.4.1.1
2024-12-09 15:44:55,126 [WARN] PackLoader:240 - Cannot read IP mode file for STMicroelectronics.FP-ATR-SIGFOX1.3.2.0
2024-12-09 15:44:55,141 [WARN] PackLoader:240 - Cannot read IP mode file for wolfSSL.I-CUBE-wolfSSL.5.7.2
2024-12-09 15:44:55,162 [WARN] ConditionMgr:438 - getConditionDescription Invalid condition id : Cortex-A Device cause : null
2024-12-09 15:44:55,204 [WARN] ConditionMgr:1039 - genDependencies : Invalid condition id : Cortex-A Device cause : null
2024-12-09 15:44:55,204 [WARN] ConditionMgr:1039 - genDependencies : Invalid condition id : Cortex-A Device cause : null
2024-12-09 15:44:55,204 [WARN] ConditionMgr:1039 - genDependencies : Invalid condition id : Cortex-A Device cause : null
2024-12-09 15:44:55,228 [WARN] PackLoader:240 - Cannot read IP mode file for STMicroelectronics.X-CUBE-EEPRMA1.5.1.0
2024-12-09 15:44:55,254 [WARN] PackLoader:240 - Cannot read IP mode file for ITTIA_DB.I-CUBE-ITTIADB.8.9.0
2024-12-09 15:44:55,351 [WARN] PackLoader:240 - Cannot read IP mode file for SEGGER.I-CUBE-embOS.1.3.1
2024-12-09 15:44:55,453 [WARN] PackLoader:240 - Cannot read IP mode file for STMicroelectronics.X-CUBE-ALGOBUILD.1.4.0
2024-12-09 15:44:55,471 [WARN] PackLoader:240 - Cannot read IP mode file for STMicroelectronics.X-CUBE-AI.9.1.0
2024-12-09 15:44:55,507 [WARN] PackLoader:240 - Cannot read IP mode file for STMicroelectronics.X-CUBE-AZRTOS-F4.1.1.0
2024-12-09 15:44:55,529 [WARN] PackLoader:240 - Cannot read IP mode file for STMicroelectronics.X-CUBE-ISPU.2.1.0
2024-12-09 15:44:55,547 [WARN] PackLoader:240 - Cannot read IP mode file for STMicroelectronics.X-CUBE-FREERTOS.1.2.0
2024-12-09 15:44:55,586 [WARN] PackLoader:240 - Cannot read IP mode file for STMicroelectronics.X-CUBE-AZRTOS-L5.2.0.0
2024-12-09 15:44:55,610 [WARN] PackLoader:240 - Cannot read IP mode file for STMicroelectronics.X-CUBE-NFC6.3.1.0
2024-12-09 15:44:55,638 [WARN] PackLoader:240 - Cannot read IP mode file for STMicroelectronics.X-CUBE-DPower.1.2.0
2024-12-09 15:44:55,652 [WARN] PackLoader:240 - Cannot read IP mode file for STMicroelectronics.X-CUBE-AI.9.0.0
2024-12-09 15:44:55,671 [WARN] PackLoader:240 - Cannot read IP mode file for STMicroelectronics.X-CUBE-NFC7.1.0.1
2024-12-09 15:44:55,714 [WARN] ConditionMgr:438 - getConditionDescription Invalid condition id : LAN8742 Phy interface Condition cause : null
2024-12-09 15:44:55,719 [WARN] PackLoader:240 - Cannot read IP mode file for STMicroelectronics.X-CUBE-AZRTOS-L4.2.0.0
2024-12-09 15:44:55,719 [WARN] ConditionMgr:1039 - genDependencies : Invalid condition id : LAN8742 Phy interface Condition cause : null
2024-12-09 15:44:55,719 [WARN] ConditionMgr:1039 - genDependencies : Invalid condition id : LAN8742 Phy interface Condition cause : null
2024-12-09 15:44:55,719 [WARN] ConditionMgr:1039 - genDependencies : Invalid condition id : LAN8742 Phy interface Condition cause : null
2024-12-09 15:44:55,744 [WARN] PackLoader:240 - Cannot read IP mode file for STMicroelectronics.X-CUBE-SFXS2LP1.4.0.0
2024-12-09 15:44:55,844 [WARN] PackLoader:240 - Cannot read IP mode file for STMicroelectronics.X-CUBE-AZRTOS-H7.3.3.0
2024-12-09 15:44:55,894 [WARN] PackLoader:240 - Cannot read IP mode file for STMicroelectronics.X-CUBE-IPS.3.0.0
2024-12-09 15:44:55,942 [WARN] ConditionMgr:438 - getConditionDescription Invalid condition id : UX DEVICE CLASS RTOS Condition cause : null
2024-12-09 15:44:55,942 [WARN] ConditionMgr:438 - getConditionDescription Invalid condition id : UX DEVICE CLASS RTOS Condition cause : null
2024-12-09 15:44:55,957 [WARN] PackLoader:240 - Cannot read IP mode file for STMicroelectronics.X-CUBE-AZRTOS-WB.2.0.0
2024-12-09 15:44:55,965 [WARN] ConditionMgr:1039 - genDependencies : Invalid condition id : UX DEVICE CLASS RTOS Condition cause : null
2024-12-09 15:44:55,967 [WARN] ConditionMgr:1039 - genDependencies : Invalid condition id : UX DEVICE CLASS RTOS Condition cause : null
2024-12-09 15:44:55,967 [WARN] ConditionMgr:1039 - genDependencies : Invalid condition id : UX DEVICE CLASS RTOS Condition cause : null
2024-12-09 15:44:55,967 [WARN] ConditionMgr:1039 - genDependencies : Invalid condition id : UX DEVICE CLASS RTOS Condition cause : null
2024-12-09 15:44:55,967 [WARN] ConditionMgr:1039 - genDependencies : Invalid condition id : UX DEVICE CLASS RTOS Condition cause : null
2024-12-09 15:44:55,991 [WARN] PackLoader:240 - Cannot read IP mode file for STMicroelectronics.X-CUBE-GNSS1.7.0.0
2024-12-09 15:44:56,021 [WARN] PackLoader:240 - Cannot read IP mode file for STMicroelectronics.FP-SNS-STBOX1.2.0.0
2024-12-09 15:44:56,076 [WARN] PackLoader:240 - Cannot read IP mode file for STMicroelectronics.X-CUBE-SUBG2.5.0.0
2024-12-09 15:44:56,136 [WARN] PackLoader:240 - Cannot read IP mode file for Cesanta.I-CUBE-Mongoose.7.13.0
2024-12-09 15:44:56,191 [WARN] PackLoader:240 - Cannot read IP mode file for STMicroelectronics.X-CUBE-AZRTOS-G4.2.0.0
2024-12-09 15:44:56,209 [WARN] PackLoader:240 - Cannot read IP mode file for STMicroelectronics.X-CUBE-ISPU.2.0.0
2024-12-09 15:44:56,234 [WARN] PackLoader:240 - Cannot read IP mode file for STMicroelectronics.X-CUBE-ALS.1.0.2
2024-12-09 15:44:56,258 [WARN] PackLoader:240 - Cannot read IP mode file for STMicroelectronics.X-CUBE-TOUCHGFX.4.24.0
2024-12-09 15:44:56,271 [WARN] PackLoader:240 - Cannot read IP mode file for STMicroelectronics.X-CUBE-TOUCHGFX.4.24.1
2024-12-09 15:44:56,296 [WARN] PackLoader:240 - Cannot read IP mode file for wolfSSL.I-CUBE-wolfTPM.3.4.0
2024-12-09 15:44:56,327 [WARN] PackLoader:240 - Cannot read IP mode file for portGmbH.I-Cube-SoM-uGOAL.1.1.0
2024-12-09 15:44:56,379 [WARN] PackLoader:240 - Cannot read IP mode file for STMicroelectronics.X-CUBE-AZRTOS-H7RS.1.0.0
2024-12-09 15:44:56,397 [WARN] PackLoader:240 - Cannot read IP mode file for STMicroelectronics.FP-ATR-ASTRA1.2.0.0
2024-12-09 15:44:56,428 [WARN] PackLoader:240 - Cannot read IP mode file for STMicroelectronics.X-CUBE-TOF1.3.4.2
2024-12-09 15:44:56,531 [WARN] PackLoader:240 - Cannot read IP mode file for Infineon.AIROC-Wi-Fi-Bluetooth-STM32.1.6.1
2024-12-09 15:44:56,575 [WARN] PackLoader:240 - Cannot read IP mode file for wolfSSL.I-CUBE-wolfSSH.1.4.17
2024-12-09 15:44:56,579 [INFO] ThirdParty:978 - Integrity check success = true
2024-12-09 15:44:56,579 [INFO] IntegrityCheckThread:100 - exiting critical section [integrity check]
2024-12-09 15:44:56,579 [INFO] IntegrityCheckThread:103 - End integrity checks thread
2024-12-09 16:02:57,925 [ERROR] LogOutputStream:75 - [STDERR_REDIRECT] 16:02:57.923 ERROR Chromium process exit code: -2,147,483,645
2024-12-09 16:02:57,925 [ERROR] LogOutputStream:75 - [STDERR_REDIRECT] 
2024-12-09 16:02:57,926 [ERROR] LogOutputStream:75 - [STDERR_REDIRECT] 16:02:57.925 ERROR Crash dump dir: C:\Users\Wells\AppData\Local\JxBrowser\7.38.2\CrashReports
2024-12-09 16:02:57,926 [ERROR] LogOutputStream:75 - [STDERR_REDIRECT] 
2024-12-09 16:02:57,927 [ERROR] WebApp:397 - JxBrowser engine crashed! Exit code: -2147483645
2024-12-09 16:43:44,217 [ERROR] LogOutputStream:75 - [STDERR_REDIRECT] 
2024-12-09 16:43:44,220 [ERROR] LogOutputStream:75 - [STDERR_REDIRECT] 
